######################################################################################################################
#                                            EXPERIMENTAL PROTOCOL REPORT                                            #
######################################################################################################################
# DATE      : 06-05-2026                                                                                             #
# TIME      : 23-18                                                                                                  #
# DATASET   : MNIST digits stratified                                                                                #
# CLASSIFIER: FRQI + QNN + Dense                                                                                     #
# SUBSET    : 3/5                                                                                                    #
# SPLITS    : train=921, val=231, test=288                                                                           #
# TRAINING  : epochs=50, batch_size=16, device=cpu, qnn_lr=0.0010, head_lr=0.0100                                    #
# MODEL     : num_classes=10, num_qubits=9, num_layers=5                                                             #
# TORCHINFO SUMMARY:                                                                                                 #
# =================================================================                                                  #
# Layer (type:depth-idx)                   Param #                                                                   #
# =================================================================                                                  #
# Sequential                               --                                                                        #
# ├─VQCLayer: 1-1                          135                                                                       #
# ├─Linear: 1-2                            5,130                                                                     #
# ├─LogSoftmax: 1-3                        --                                                                        #
# =================================================================                                                  #
# Total params: 5,265                                                                                                #
# Trainable params: 5,265                                                                                            #
# Non-trainable params: 0                                                                                            #
# =================================================================                                                  #
######################################################################################################################

+---------+--------+--------+--------+--------+--------+--------+--------+--------+--------+--------+
|  Epoch  | TrLoss | TrAcc  | TrPrec | TrRec  |  TrF1  | VaLoss | VaAcc  | VaPrec | VaRec  |  VaF1  |
+=========+========+========+========+========+========+========+========+========+========+========+
|  001/050|  1.7772|  0.5223|  0.5200|  0.5223|  0.5202|  0.8287|  0.7186|  0.7793|  0.7186|  0.7197|
|  002/050|  0.8240|  0.7644|  0.7656|  0.7644|  0.7647|  0.8371|  0.7662|  0.8165|  0.7662|  0.7621|
|  003/050|  0.7323|  0.7774|  0.7788|  0.7774|  0.7777|  0.6218|  0.7965|  0.8182|  0.7965|  0.7985|
|  004/050|  0.5661|  0.8284|  0.8277|  0.8284|  0.8279|  0.9608|  0.7186|  0.8194|  0.7186|  0.7201|
|  005/050|  0.5867|  0.8122|  0.8130|  0.8122|  0.8123|  1.0317|  0.7619|  0.8048|  0.7619|  0.7641|
|  006/050|  0.3960|  0.8664|  0.8660|  0.8664|  0.8661|  1.0291|  0.7532|  0.8045|  0.7532|  0.7494|
|  007/050|  0.3140|  0.8990|  0.8991|  0.8990|  0.8990|  0.8376|  0.7922|  0.8014|  0.7922|  0.7923|
|  008/050|  0.4570|  0.8512|  0.8508|  0.8512|  0.8507|  1.2839|  0.7100|  0.7641|  0.7100|  0.6984|
+---------+--------+--------+--------+--------+--------+--------+--------+--------+--------+--------+

######################################################################################################################
#                                                    TEST RESULTS                                                    #
######################################################################################################################
# LOSS      : 0.8715                                                                                                 #
# ACCURACY  : 0.7604                                                                                                 #
# PRECISION : 0.7896                                                                                                 #
# RECALL    : 0.7604                                                                                                 #
# F1        : 0.7637                                                                                                 #
# CONFUSION MATRIX:                                                                                                  #
# [[26  0  2  0  0  0  0  0  1  0]                                                                                   #
#  [ 0 26  1  0  0  1  0  0  1  0]                                                                                   #
#  [ 0  0 27  0  1  0  0  0  1  0]                                                                                   #
#  [ 0  1  4 19  1  1  0  0  2  1]                                                                                   #
#  [ 1  0  2  1 19  1  0  0  1  3]                                                                                   #
#  [ 1  0  2  2  0 22  0  0  1  0]                                                                                   #
#  [ 0  0  6  0  3  2 18  0  0  0]                                                                                   #
#  [ 0  0  0  0  2  1  0 22  0  4]                                                                                   #
#  [ 0  0  2  3  2  1  1  0 17  3]                                                                                   #
#  [ 0  0  2  1  3  0  0  0  0 23]]                                                                                  #
######################################################################################################################
