######################################################################################################################
#                                            EXPERIMENTAL PROTOCOL REPORT                                            #
######################################################################################################################
# DATE      : 06-05-2026                                                                                             #
# TIME      : 23-18                                                                                                  #
# DATASET   : MNIST digits stratified                                                                                #
# CLASSIFIER: FRQI + QNN + Dense                                                                                     #
# SUBSET    : 1/5                                                                                                    #
# SPLITS    : train=921, val=231, test=288                                                                           #
# TRAINING  : epochs=50, batch_size=16, device=cpu, qnn_lr=0.0010, head_lr=0.0100                                    #
# ARCHITECT.: GEQIE/FRQI-encoded circuits -> VQCLayer(num_qubits, num_layers=5) -> Linear(2**num_qubits,             #
#             num_classes) -> LogSoftmax                                                                             #
# MODEL     : num_classes=10, num_qubits=9, num_layers=5                                                             #
# TORCHINFO SUMMARY:                                                                                                 #
# =================================================================                                                  #
# Layer (type:depth-idx)                   Param #                                                                   #
# =================================================================                                                  #
# Sequential                               --                                                                        #
# ├─VQCLayer: 1-1                          135                                                                       #
# ├─Linear: 1-2                            5,130                                                                     #
# ├─LogSoftmax: 1-3                        --                                                                        #
# =================================================================                                                  #
# Total params: 5,265                                                                                                #
# Trainable params: 5,265                                                                                            #
# Non-trainable params: 0                                                                                            #
# =================================================================                                                  #
######################################################################################################################

+---------+--------+--------+--------+--------+--------+--------+--------+--------+--------+--------+
|  Epoch  | TrLoss | TrAcc  | TrPrec | TrRec  |  TrF1  | VaLoss | VaAcc  | VaPrec | VaRec  |  VaF1  |
+=========+========+========+========+========+========+========+========+========+========+========+
|  001/050|  1.7595|  0.5277|  0.5269|  0.5277|  0.5268|  1.1031|  0.6710|  0.7892|  0.6710|  0.6528|
|  002/050|  0.5998|  0.8089|  0.8097|  0.8089|  0.8091|  0.6739|  0.8225|  0.8299|  0.8225|  0.8146|
|  003/050|  0.5500|  0.8295|  0.8284|  0.8295|  0.8288|  0.8392|  0.7446|  0.7945|  0.7446|  0.7437|
|  004/050|  0.4004|  0.8686|  0.8686|  0.8686|  0.8684|  0.7969|  0.7662|  0.7824|  0.7662|  0.7631|
|  005/050|  0.3963|  0.8599|  0.8603|  0.8599|  0.8600|  1.0159|  0.7013|  0.7966|  0.7013|  0.6992|
|  006/050|  0.4229|  0.8610|  0.8617|  0.8610|  0.8612|  1.1776|  0.7662|  0.8130|  0.7662|  0.7527|
|  007/050|  0.3413|  0.8979|  0.8989|  0.8979|  0.8983|  1.0947|  0.7229|  0.7514|  0.7229|  0.7011|
+---------+--------+--------+--------+--------+--------+--------+--------+--------+--------+--------+

######################################################################################################################
#                                                    TEST RESULTS                                                    #
######################################################################################################################
# LOSS      : 0.8449                                                                                                 #
# ACCURACY  : 0.7396                                                                                                 #
# PRECISION : 0.7696                                                                                                 #
# RECALL    : 0.7396                                                                                                 #
# F1        : 0.7368                                                                                                 #
# CONFUSION MATRIX:                                                                                                  #
# [[27  0  0  0  0  1  0  0  0  1]                                                                                   #
#  [ 0 27  1  1  0  0  0  0  0  0]                                                                                   #
#  [ 5  1 20  2  0  0  0  1  0  0]                                                                                   #
#  [ 1  1  2 20  0  1  0  1  0  3]                                                                                   #
#  [ 2  0  3  0 20  0  0  0  0  3]                                                                                   #
#  [ 3  1  1  4  0 19  0  0  0  0]                                                                                   #
#  [ 3  0  2  0  3  2 19  0  0  0]                                                                                   #
#  [ 0  0  0  0  1  0  0 26  0  2]                                                                                   #
#  [ 0  0  2  4  0  4  0  1 13  5]                                                                                   #
#  [ 0  0  0  0  3  1  0  3  0 22]]                                                                                  #
######################################################################################################################
