######################################################################################################################
#                                            EXPERIMENTAL PROTOCOL REPORT                                            #
######################################################################################################################
# DATE      : 06-05-2026                                                                                             #
# TIME      : 23-18                                                                                                  #
# DATASET   : MNIST digits stratified                                                                                #
# CLASSIFIER: FRQI + QNN + Dense                                                                                     #
# SUBSET    : 2/5                                                                                                    #
# SPLITS    : train=921, val=231, test=288                                                                           #
# TRAINING  : epochs=50, batch_size=16, device=cpu, qnn_lr=0.0010, head_lr=0.0100                                    #
# MODEL     : num_classes=10, num_qubits=9, num_layers=5                                                             #
# TORCHINFO SUMMARY:                                                                                                 #
# =================================================================                                                  #
# Layer (type:depth-idx)                   Param #                                                                   #
# =================================================================                                                  #
# Sequential                               --                                                                        #
# ├─VQCLayer: 1-1                          135                                                                       #
# ├─Linear: 1-2                            5,130                                                                     #
# ├─LogSoftmax: 1-3                        --                                                                        #
# =================================================================                                                  #
# Total params: 5,265                                                                                                #
# Trainable params: 5,265                                                                                            #
# Non-trainable params: 0                                                                                            #
# =================================================================                                                  #
######################################################################################################################

+---------+--------+--------+--------+--------+--------+--------+--------+--------+--------+--------+
|  Epoch  | TrLoss | TrAcc  | TrPrec | TrRec  |  TrF1  | VaLoss | VaAcc  | VaPrec | VaRec  |  VaF1  |
+=========+========+========+========+========+========+========+========+========+========+========+
|  001/050|  1.9057|  0.5288|  0.5303|  0.5288|  0.5284|  0.9394|  0.6710|  0.7307|  0.6710|  0.6752|
|  002/050|  0.7517|  0.7709|  0.7725|  0.7709|  0.7714|  1.0103|  0.7186|  0.8026|  0.7186|  0.7064|
|  003/050|  0.8063|  0.7655|  0.7649|  0.7655|  0.7648|  0.8730|  0.7489|  0.7866|  0.7489|  0.7408|
|  004/050|  0.5299|  0.8328|  0.8335|  0.8328|  0.8330|  0.8976|  0.7706|  0.7969|  0.7706|  0.7740|
|  005/050|  0.4440|  0.8697|  0.8693|  0.8697|  0.8694|  0.7326|  0.7965|  0.8193|  0.7965|  0.7977|
|  006/050|  0.3924|  0.8675|  0.8673|  0.8675|  0.8673|  1.1857|  0.7229|  0.7804|  0.7229|  0.7200|
|  007/050|  0.4738|  0.8599|  0.8598|  0.8599|  0.8597|  0.9364|  0.7706|  0.7964|  0.7706|  0.7722|
|  008/050|  0.3905|  0.8719|  0.8722|  0.8719|  0.8718|  1.2603|  0.7143|  0.7378|  0.7143|  0.7031|
|  009/050|  0.4560|  0.8512|  0.8514|  0.8512|  0.8510|  1.6148|  0.6926|  0.7695|  0.6926|  0.6853|
|  010/050|  0.3648|  0.8827|  0.8831|  0.8827|  0.8827|  1.4428|  0.7316|  0.7732|  0.7316|  0.7328|
+---------+--------+--------+--------+--------+--------+--------+--------+--------+--------+--------+

######################################################################################################################
#                                                    TEST RESULTS                                                    #
######################################################################################################################
# LOSS      : 0.8083                                                                                                 #
# ACCURACY  : 0.7847                                                                                                 #
# PRECISION : 0.7927                                                                                                 #
# RECALL    : 0.7847                                                                                                 #
# F1        : 0.7853                                                                                                 #
# CONFUSION MATRIX:                                                                                                  #
# [[22  0  1  1  0  0  3  0  2  0]                                                                                   #
#  [ 0 29  0  0  0  0  0  0  0  0]                                                                                   #
#  [ 0  0 25  3  0  0  0  0  1  0]                                                                                   #
#  [ 0  0  2 21  0  2  1  1  1  1]                                                                                   #
#  [ 0  0  1  0 23  2  0  0  0  2]                                                                                   #
#  [ 2  1  0  2  2 18  2  0  1  0]                                                                                   #
#  [ 0  0  3  0  1  1 24  0  0  0]                                                                                   #
#  [ 0  0  0  0  1  1  0 22  0  5]                                                                                   #
#  [ 0  1  1  4  0  2  0  0 21  0]                                                                                   #
#  [ 0  0  0  0  7  1  0  0  0 21]]                                                                                  #
######################################################################################################################
