######################################################################################################################
#                                            EXPERIMENTAL PROTOCOL REPORT                                            #
######################################################################################################################
# DATE      : 06-05-2026                                                                                             #
# TIME      : 23-18                                                                                                  #
# DATASET   : MNIST digits stratified                                                                                #
# CLASSIFIER: FRQI + QNN + Dense                                                                                     #
# SUBSET    : 5/5                                                                                                    #
# SPLITS    : train=921, val=231, test=288                                                                           #
# TRAINING  : epochs=50, batch_size=16, device=cpu, qnn_lr=0.0010, head_lr=0.0100                                    #
# MODEL     : num_classes=10, num_qubits=9, num_layers=5                                                             #
# TORCHINFO SUMMARY:                                                                                                 #
# =================================================================                                                  #
# Layer (type:depth-idx)                   Param #                                                                   #
# =================================================================                                                  #
# Sequential                               --                                                                        #
# ├─VQCLayer: 1-1                          135                                                                       #
# ├─Linear: 1-2                            5,130                                                                     #
# ├─LogSoftmax: 1-3                        --                                                                        #
# =================================================================                                                  #
# Total params: 5,265                                                                                                #
# Trainable params: 5,265                                                                                            #
# Non-trainable params: 0                                                                                            #
# =================================================================                                                  #
######################################################################################################################

+---------+--------+--------+--------+--------+--------+--------+--------+--------+--------+--------+
|  Epoch  | TrLoss | TrAcc  | TrPrec | TrRec  |  TrF1  | VaLoss | VaAcc  | VaPrec | VaRec  |  VaF1  |
+=========+========+========+========+========+========+========+========+========+========+========+
|  001/050|  1.7011|  0.5266|  0.5261|  0.5266|  0.5258|  0.9687|  0.6753|  0.7073|  0.6753|  0.6637|
|  002/050|  0.6207|  0.8024|  0.8016|  0.8024|  0.8017|  0.7943|  0.7576|  0.7833|  0.7576|  0.7523|
|  003/050|  0.4574|  0.8567|  0.8573|  0.8567|  0.8568|  0.7264|  0.7749|  0.8113|  0.7749|  0.7761|
|  004/050|  0.4843|  0.8284|  0.8295|  0.8284|  0.8287|  0.9180|  0.7403|  0.7742|  0.7403|  0.7315|
|  005/050|  0.6957|  0.7937|  0.7940|  0.7937|  0.7934|  1.0959|  0.7403|  0.8033|  0.7403|  0.7339|
|  006/050|  0.3980|  0.8686|  0.8689|  0.8686|  0.8686|  0.9648|  0.7532|  0.8134|  0.7532|  0.7544|
|  007/050|  0.4089|  0.8740|  0.8741|  0.8740|  0.8739|  0.8248|  0.7965|  0.8032|  0.7965|  0.7930|
|  008/050|  0.4105|  0.8719|  0.8724|  0.8719|  0.8719|  0.9556|  0.7706|  0.7907|  0.7706|  0.7700|
+---------+--------+--------+--------+--------+--------+--------+--------+--------+--------+--------+

######################################################################################################################
#                                                    TEST RESULTS                                                    #
######################################################################################################################
# LOSS      : 0.7996                                                                                                 #
# ACCURACY  : 0.7569                                                                                                 #
# PRECISION : 0.8003                                                                                                 #
# RECALL    : 0.7569                                                                                                 #
# F1        : 0.7534                                                                                                 #
# CONFUSION MATRIX:                                                                                                  #
# [[27  0  0  0  1  0  0  0  1  0]                                                                                   #
#  [ 0 25  2  0  1  0  0  0  1  0]                                                                                   #
#  [ 0  0 28  0  0  0  0  1  0  0]                                                                                   #
#  [ 0  0  7 16  0  0  1  1  4  0]                                                                                   #
#  [ 1  0  0  0 22  1  0  3  1  0]                                                                                   #
#  [ 2  0  5  2  2 12  0  1  4  0]                                                                                   #
#  [ 1  0  2  0  2  1 23  0  0  0]                                                                                   #
#  [ 0  0  1  0  1  1  0 26  0  0]                                                                                   #
#  [ 1  0  3  0  1  0  0  0 24  0]                                                                                   #
#  [ 0  0  3  2  7  0  0  2  0 15]]                                                                                  #
######################################################################################################################
