######################################################################################################################
#                                            EXPERIMENTAL PROTOCOL REPORT                                            #
######################################################################################################################
# DATE      : 06-05-2026                                                                                             #
# TIME      : 23-18                                                                                                  #
# DATASET   : MNIST digits stratified                                                                                #
# CLASSIFIER: FRQI + QNN + Dense                                                                                     #
# SUBSET    : 4/5                                                                                                    #
# SPLITS    : train=921, val=231, test=288                                                                           #
# TRAINING  : epochs=50, batch_size=16, device=cpu, qnn_lr=0.0010, head_lr=0.0100                                    #
# MODEL     : num_classes=10, num_qubits=9, num_layers=5                                                             #
# TORCHINFO SUMMARY:                                                                                                 #
# =================================================================                                                  #
# Layer (type:depth-idx)                   Param #                                                                   #
# =================================================================                                                  #
# Sequential                               --                                                                        #
# ├─VQCLayer: 1-1                          135                                                                       #
# ├─Linear: 1-2                            5,130                                                                     #
# ├─LogSoftmax: 1-3                        --                                                                        #
# =================================================================                                                  #
# Total params: 5,265                                                                                                #
# Trainable params: 5,265                                                                                            #
# Non-trainable params: 0                                                                                            #
# =================================================================                                                  #
######################################################################################################################

+---------+--------+--------+--------+--------+--------+--------+--------+--------+--------+--------+
|  Epoch  | TrLoss | TrAcc  | TrPrec | TrRec  |  TrF1  | VaLoss | VaAcc  | VaPrec | VaRec  |  VaF1  |
+=========+========+========+========+========+========+========+========+========+========+========+
|  001/050|  1.7587|  0.5440|  0.5425|  0.5440|  0.5429|  0.6949|  0.7835|  0.8104|  0.7835|  0.7811|
|  002/050|  0.6190|  0.8078|  0.8107|  0.8078|  0.8089|  1.0133|  0.7186|  0.7987|  0.7186|  0.7137|
|  003/050|  0.5065|  0.8382|  0.8375|  0.8382|  0.8373|  0.7499|  0.7706|  0.8018|  0.7706|  0.7696|
|  004/050|  0.6008|  0.8339|  0.8352|  0.8339|  0.8343|  1.3007|  0.7013|  0.8255|  0.7013|  0.6642|
|  005/050|  0.5355|  0.8382|  0.8386|  0.8382|  0.8382|  0.9384|  0.7792|  0.8080|  0.7792|  0.7806|
|  006/050|  0.5510|  0.8274|  0.8277|  0.8274|  0.8274|  1.0169|  0.7662|  0.7933|  0.7662|  0.7524|
+---------+--------+--------+--------+--------+--------+--------+--------+--------+--------+--------+

######################################################################################################################
#                                                    TEST RESULTS                                                    #
######################################################################################################################
# LOSS      : 0.7346                                                                                                 #
# ACCURACY  : 0.7431                                                                                                 #
# PRECISION : 0.7818                                                                                                 #
# RECALL    : 0.7431                                                                                                 #
# F1        : 0.7395                                                                                                 #
# CONFUSION MATRIX:                                                                                                  #
# [[28  0  0  0  0  0  1  0  0  0]                                                                                   #
#  [ 0 29  0  0  0  0  0  0  0  0]                                                                                   #
#  [ 4  0 19  2  2  1  0  0  1  0]                                                                                   #
#  [ 1  0  0 22  0  3  0  0  3  0]                                                                                   #
#  [ 0  0  0  0 25  0  1  1  1  0]                                                                                   #
#  [ 1  1  0  3  0 14  1  0  7  1]                                                                                   #
#  [ 1  1  0  0  1  1 24  0  1  0]                                                                                   #
#  [ 1  3  0  0  4  1  0 19  0  1]                                                                                   #
#  [ 0  0  0  1  5  1  0  0 22  0]                                                                                   #
#  [ 0  1  0  0 13  0  0  1  2 12]]                                                                                  #
######################################################################################################################
