######################################################################################################################
#                                            EXPERIMENTAL PROTOCOL REPORT                                            #
######################################################################################################################
# DATE      : 2026-05-13                                                                                             #
# TIME      : 22-27                                                                                                  #
# DATASET   : MNIST digits stratified                                                                                #
# CLASSIFIER: FRQI + QNN + Dense                                                                                     #
# SUBSET    : 1/5                                                                                                    #
# SPLITS    : train=921, val=231, test=288                                                                           #
# TRAINING  : epochs=50, batch_size=16, device=cpu, qnn_lr=0.0010, head_lr=0.0100                                    #
# ARCHITECT.: GEQIE/FRQI-encoded circuits -> VQCLayer(num_qubits, num_layers=5) -> Linear(2**num_qubits,             #
#             num_classes) -> LogSoftmax                                                                             #
# MODEL     : num_classes=10, num_qubits=9, num_layers=5                                                             #
# TORCHINFO SUMMARY:                                                                                                 #
# =================================================================                                                  #
# Layer (type:depth-idx)                   Param #                                                                   #
# =================================================================                                                  #
# Sequential                               --                                                                        #
# ├─VQCLayer: 1-1                          110                                                                       #
# ├─Linear: 1-2                            5,130                                                                     #
# ├─LogSoftmax: 1-3                        --                                                                        #
# =================================================================                                                  #
# Total params: 5,240                                                                                                #
# Trainable params: 5,240                                                                                            #
# Non-trainable params: 0                                                                                            #
# =================================================================                                                  #
######################################################################################################################

+---------+--------+--------+--------+--------+--------+--------+--------+--------+--------+--------+
|  Epoch  | TrLoss | TrAcc  | TrPrec | TrRec  |  TrF1  | VaLoss | VaAcc  | VaPrec | VaRec  |  VaF1  |
+=========+========+========+========+========+========+========+========+========+========+========+
|  001/050|  4.0272|  0.1336|  0.1373|  0.1336|  0.1332|  2.9221|  0.1515|  0.1163|  0.1515|  0.0822|
|  002/050|  3.1433|  0.1509|  0.1497|  0.1509|  0.1492|  3.0211|  0.1558|  0.0630|  0.1558|  0.0748|
|  003/050|  2.8125|  0.1737|  0.1764|  0.1737|  0.1736|  2.6803|  0.1645|  0.1788|  0.1645|  0.0997|
|  004/050|  2.6982|  0.1835|  0.1766|  0.1835|  0.1788|  2.4981|  0.2251|  0.1699|  0.2251|  0.1463|
|  005/050|  2.6581|  0.2020|  0.2038|  0.2020|  0.2010|  2.5343|  0.2121|  0.2038|  0.2121|  0.1286|
|  006/050|  2.7159|  0.1954|  0.1886|  0.1954|  0.1906|  2.4257|  0.2121|  0.2584|  0.2121|  0.1750|
|  007/050|  2.7533|  0.2020|  0.2010|  0.2020|  0.2005|  2.3303|  0.2684|  0.1862|  0.2684|  0.2103|
|  008/050|  2.5226|  0.2421|  0.2396|  0.2421|  0.2401|  3.1889|  0.2424|  0.2045|  0.2424|  0.1498|
|  009/050|  2.6259|  0.1911|  0.1860|  0.1911|  0.1876|  2.6351|  0.2208|  0.2494|  0.2208|  0.1460|
|  010/050|  2.7850|  0.2063|  0.1983|  0.2063|  0.2013|  2.7736|  0.2511|  0.4184|  0.2511|  0.2013|
|  011/050|  2.8242|  0.2052|  0.1992|  0.2052|  0.2008|  2.8940|  0.1602|  0.0904|  0.1602|  0.0982|
|  012/050|  2.8924|  0.1824|  0.1754|  0.1824|  0.1779|  2.5827|  0.2424|  0.1299|  0.2424|  0.1346|
+---------+--------+--------+--------+--------+--------+--------+--------+--------+--------+--------+

######################################################################################################################
#                                                    TEST RESULTS                                                    #
######################################################################################################################
# LOSS      : 2.3092                                                                                                 #
# ACCURACY  : 0.2778                                                                                                 #
# PRECISION : 0.2043                                                                                                 #
# RECALL    : 0.2778                                                                                                 #
# F1        : 0.2194                                                                                                 #
# CONFUSION MATRIX:                                                                                                  #
# [[12  1  0  6  4  0  5  1  0  0]                                                                                   #
#  [ 0 18  0  2  3  0  5  1  0  0]                                                                                   #
#  [ 2  5  0  7  8  0  7  0  0  0]                                                                                   #
#  [ 1  5  0 10  7  1  4  1  0  0]                                                                                   #
#  [ 1  6  0  3  7  0 10  1  0  0]                                                                                   #
#  [ 1  2  0 10  8  0  6  1  0  0]                                                                                   #
#  [ 1  0  0  0  6  0 22  0  0  0]                                                                                   #
#  [ 0  4  0  4  5  0  5 11  0  0]                                                                                   #
#  [ 0  4  0  4  9  0 10  2  0  0]                                                                                   #
#  [ 2  2  0  6  6  0  8  5  0  0]]                                                                                  #
######################################################################################################################
