######################################################################################################################
#                                            EXPERIMENTAL PROTOCOL REPORT                                            #
######################################################################################################################
# DATE      : 2026-05-13                                                                                             #
# TIME      : 22-27                                                                                                  #
# DATASET   : MNIST digits stratified                                                                                #
# CLASSIFIER: FRQI + QNN + Dense                                                                                     #
# SUBSET    : 4/5                                                                                                    #
# SPLITS    : train=921, val=231, test=288                                                                           #
# TRAINING  : epochs=50, batch_size=16, device=cpu, qnn_lr=0.0010, head_lr=0.0100                                    #
# MODEL     : num_classes=10, num_qubits=9, num_layers=5                                                             #
# TORCHINFO SUMMARY:                                                                                                 #
# =================================================================                                                  #
# Layer (type:depth-idx)                   Param #                                                                   #
# =================================================================                                                  #
# Sequential                               --                                                                        #
# ├─VQCLayer: 1-1                          110                                                                       #
# ├─Linear: 1-2                            5,130                                                                     #
# ├─LogSoftmax: 1-3                        --                                                                        #
# =================================================================                                                  #
# Total params: 5,240                                                                                                #
# Trainable params: 5,240                                                                                            #
# Non-trainable params: 0                                                                                            #
# =================================================================                                                  #
######################################################################################################################

+---------+--------+--------+--------+--------+--------+--------+--------+--------+--------+--------+
|  Epoch  | TrLoss | TrAcc  | TrPrec | TrRec  |  TrF1  | VaLoss | VaAcc  | VaPrec | VaRec  |  VaF1  |
+=========+========+========+========+========+========+========+========+========+========+========+
|  001/050|  4.0909|  0.1281|  0.1287|  0.1281|  0.1274|  2.4471|  0.1385|  0.0623|  0.1385|  0.0666|
|  002/050|  3.0508|  0.1520|  0.1468|  0.1520|  0.1481|  2.9138|  0.1645|  0.0816|  0.1645|  0.0732|
|  003/050|  2.9727|  0.1824|  0.1839|  0.1824|  0.1818|  2.6885|  0.1732|  0.1420|  0.1732|  0.1163|
|  004/050|  2.6252|  0.1944|  0.1899|  0.1944|  0.1906|  2.5515|  0.2338|  0.1765|  0.2338|  0.1741|
|  005/050|  2.6995|  0.1878|  0.1862|  0.1878|  0.1849|  2.3661|  0.2338|  0.3308|  0.2338|  0.1632|
|  006/050|  2.7492|  0.1954|  0.1913|  0.1954|  0.1926|  3.0340|  0.2597|  0.1516|  0.2597|  0.1712|
|  007/050|  2.8797|  0.1846|  0.1823|  0.1846|  0.1830|  2.6628|  0.1948|  0.2702|  0.1948|  0.1714|
|  008/050|  2.7477|  0.2085|  0.2062|  0.2085|  0.2062|  2.9188|  0.2035|  0.1249|  0.2035|  0.1220|
|  009/050|  2.5277|  0.2117|  0.2050|  0.2117|  0.2073|  2.4918|  0.2468|  0.2663|  0.2468|  0.2076|
|  010/050|  2.7666|  0.1944|  0.1895|  0.1944|  0.1900|  2.2758|  0.2554|  0.2060|  0.2554|  0.1965|
|  011/050|  2.6573|  0.2020|  0.1964|  0.2020|  0.1979|  3.1661|  0.1472|  0.1125|  0.1472|  0.0706|
|  012/050|  2.8785|  0.1900|  0.1859|  0.1900|  0.1865|  2.8684|  0.2165|  0.1140|  0.2165|  0.1353|
|  013/050|  2.7228|  0.1987|  0.1891|  0.1987|  0.1926|  2.9125|  0.2165|  0.2146|  0.2165|  0.1627|
|  014/050|  2.8471|  0.1922|  0.1890|  0.1922|  0.1895|  2.7189|  0.2121|  0.2061|  0.2121|  0.1314|
|  015/050|  2.7222|  0.2139|  0.2076|  0.2139|  0.2094|  2.8973|  0.1775|  0.1942|  0.1775|  0.1107|
+---------+--------+--------+--------+--------+--------+--------+--------+--------+--------+--------+

######################################################################################################################
#                                                    TEST RESULTS                                                    #
######################################################################################################################
# LOSS      : 2.3229                                                                                                 #
# ACCURACY  : 0.2361                                                                                                 #
# PRECISION : 0.2365                                                                                                 #
# RECALL    : 0.2361                                                                                                 #
# F1        : 0.1893                                                                                                 #
# CONFUSION MATRIX:                                                                                                  #
# [[14  0  2  4  7  0  0  2  0  0]                                                                                   #
#  [ 0  7  0 14  3  1  0  2  2  0]                                                                                   #
#  [ 8  1  2 10  4  0  0  3  1  0]                                                                                   #
#  [ 4  2  1 18  1  0  0  1  1  1]                                                                                   #
#  [ 3  0  0  4 14  0  0  2  4  1]                                                                                   #
#  [ 3  1  1  8  6  1  0  6  2  0]                                                                                   #
#  [ 3  0  3  3 11  0  0  6  3  0]                                                                                   #
#  [ 1  1  1 12  5  0  0  8  1  0]                                                                                   #
#  [ 1  1  0 13  7  0  0  3  4  0]                                                                                   #
#  [ 3  0  2  8  6  0  0 10  0  0]]                                                                                  #
######################################################################################################################
