######################################################################################################################
#                                            EXPERIMENTAL PROTOCOL REPORT                                            #
######################################################################################################################
# DATE      : 2026-05-13                                                                                             #
# TIME      : 22-27                                                                                                  #
# DATASET   : MNIST digits stratified                                                                                #
# CLASSIFIER: FRQI + QNN + Dense                                                                                     #
# SUBSET    : 3/5                                                                                                    #
# SPLITS    : train=921, val=231, test=288                                                                           #
# TRAINING  : epochs=50, batch_size=16, device=cpu, qnn_lr=0.0010, head_lr=0.0100                                    #
# MODEL     : num_classes=10, num_qubits=9, num_layers=5                                                             #
# TORCHINFO SUMMARY:                                                                                                 #
# =================================================================                                                  #
# Layer (type:depth-idx)                   Param #                                                                   #
# =================================================================                                                  #
# Sequential                               --                                                                        #
# ├─VQCLayer: 1-1                          110                                                                       #
# ├─Linear: 1-2                            5,130                                                                     #
# ├─LogSoftmax: 1-3                        --                                                                        #
# =================================================================                                                  #
# Total params: 5,240                                                                                                #
# Trainable params: 5,240                                                                                            #
# Non-trainable params: 0                                                                                            #
# =================================================================                                                  #
######################################################################################################################

+---------+--------+--------+--------+--------+--------+--------+--------+--------+--------+--------+
|  Epoch  | TrLoss | TrAcc  | TrPrec | TrRec  |  TrF1  | VaLoss | VaAcc  | VaPrec | VaRec  |  VaF1  |
+=========+========+========+========+========+========+========+========+========+========+========+
|  001/050|  4.0675|  0.1238|  0.1238|  0.1238|  0.1219|  3.0760|  0.1732|  0.0518|  0.1732|  0.0795|
|  002/050|  3.1795|  0.1564|  0.1570|  0.1564|  0.1541|  3.3971|  0.1342|  0.0290|  0.1342|  0.0448|
|  003/050|  2.8587|  0.1900|  0.1884|  0.1900|  0.1864|  2.9392|  0.1818|  0.1024|  0.1818|  0.1136|
|  004/050|  2.5997|  0.2182|  0.2153|  0.2182|  0.2147|  2.4716|  0.2554|  0.1727|  0.2554|  0.1905|
|  005/050|  2.6467|  0.2030|  0.1966|  0.2030|  0.1975|  2.4845|  0.2165|  0.1737|  0.2165|  0.1285|
|  006/050|  2.5911|  0.2161|  0.2147|  0.2161|  0.2136|  2.6234|  0.2165|  0.1226|  0.2165|  0.1475|
|  007/050|  2.9199|  0.2030|  0.2002|  0.2030|  0.2007|  2.8648|  0.2208|  0.1398|  0.2208|  0.1254|
|  008/050|  2.9061|  0.1944|  0.1894|  0.1944|  0.1906|  3.4147|  0.1732|  0.1552|  0.1732|  0.0879|
|  009/050|  2.6294|  0.2009|  0.1968|  0.2009|  0.1982|  2.5865|  0.2424|  0.1788|  0.2424|  0.1750|
+---------+--------+--------+--------+--------+--------+--------+--------+--------+--------+--------+

######################################################################################################################
#                                                    TEST RESULTS                                                    #
######################################################################################################################
# LOSS      : 2.5676                                                                                                 #
# ACCURACY  : 0.2222                                                                                                 #
# PRECISION : 0.1418                                                                                                 #
# RECALL    : 0.2222                                                                                                 #
# F1        : 0.1563                                                                                                 #
# CONFUSION MATRIX:                                                                                                  #
# [[12  1 10  0  3  0  0  3  0  0]                                                                                   #
#  [ 0 24  4  0  0  0  0  0  0  1]                                                                                   #
#  [ 1  2 17  0  5  0  0  2  0  2]                                                                                   #
#  [ 1  9  9  0  2  0  0  5  0  3]                                                                                   #
#  [ 0  9 10  0  3  0  0  2  0  4]                                                                                   #
#  [ 4  6 13  0  0  0  0  4  0  1]                                                                                   #
#  [ 2  5 12  0  4  0  0  3  0  3]                                                                                   #
#  [ 0 11  7  0  1  0  0  7  0  3]                                                                                   #
#  [ 1  3 13  0  6  0  0  0  0  6]                                                                                   #
#  [ 0  9 10  0  4  0  0  5  0  1]]                                                                                  #
######################################################################################################################
