######################################################################################################################
#                                            EXPERIMENTAL PROTOCOL REPORT                                            #
######################################################################################################################
# DATE      : 2026-05-13                                                                                             #
# TIME      : 22-27                                                                                                  #
# DATASET   : MNIST digits stratified                                                                                #
# CLASSIFIER: FRQI + QNN + Dense                                                                                     #
# SUBSET    : 5/5                                                                                                    #
# SPLITS    : train=921, val=231, test=288                                                                           #
# TRAINING  : epochs=50, batch_size=16, device=cpu, qnn_lr=0.0010, head_lr=0.0100                                    #
# MODEL     : num_classes=10, num_qubits=9, num_layers=5                                                             #
# TORCHINFO SUMMARY:                                                                                                 #
# =================================================================                                                  #
# Layer (type:depth-idx)                   Param #                                                                   #
# =================================================================                                                  #
# Sequential                               --                                                                        #
# ├─VQCLayer: 1-1                          110                                                                       #
# ├─Linear: 1-2                            5,130                                                                     #
# ├─LogSoftmax: 1-3                        --                                                                        #
# =================================================================                                                  #
# Total params: 5,240                                                                                                #
# Trainable params: 5,240                                                                                            #
# Non-trainable params: 0                                                                                            #
# =================================================================                                                  #
######################################################################################################################

+---------+--------+--------+--------+--------+--------+--------+--------+--------+--------+--------+
|  Epoch  | TrLoss | TrAcc  | TrPrec | TrRec  |  TrF1  | VaLoss | VaAcc  | VaPrec | VaRec  |  VaF1  |
+=========+========+========+========+========+========+========+========+========+========+========+
|  001/050|  4.0568|  0.1227|  0.1217|  0.1227|  0.1208|  2.9282|  0.1602|  0.0896|  0.1602|  0.0966|
|  002/050|  2.9700|  0.1542|  0.1519|  0.1542|  0.1509|  3.2545|  0.1688|  0.0720|  0.1688|  0.0751|
|  003/050|  2.8972|  0.1878|  0.1936|  0.1878|  0.1893|  2.7310|  0.1212|  0.0423|  0.1212|  0.0551|
|  004/050|  2.6040|  0.2085|  0.2053|  0.2085|  0.2060|  3.1178|  0.1948|  0.1862|  0.1948|  0.1503|
|  005/050|  2.6543|  0.2128|  0.2101|  0.2128|  0.2099|  2.5609|  0.1905|  0.0945|  0.1905|  0.1027|
|  006/050|  2.7344|  0.1954|  0.1917|  0.1954|  0.1929|  3.0539|  0.2121|  0.1294|  0.2121|  0.1494|
|  007/050|  2.7503|  0.2313|  0.2312|  0.2313|  0.2307|  2.7141|  0.1861|  0.3171|  0.1861|  0.1195|
|  008/050|  2.6968|  0.2280|  0.2268|  0.2280|  0.2262|  2.7570|  0.2381|  0.1798|  0.2381|  0.1725|
|  009/050|  2.5209|  0.2117|  0.2059|  0.2117|  0.2077|  2.7145|  0.1861|  0.0947|  0.1861|  0.1110|
|  010/050|  2.8508|  0.2150|  0.2112|  0.2150|  0.2112|  2.3856|  0.2251|  0.2599|  0.2251|  0.1922|
|  011/050|  2.7157|  0.2030|  0.1968|  0.2030|  0.1992|  2.8632|  0.2121|  0.2105|  0.2121|  0.1322|
|  012/050|  2.7067|  0.1965|  0.1908|  0.1965|  0.1928|  2.5097|  0.2165|  0.1762|  0.2165|  0.1525|
|  013/050|  2.6550|  0.2291|  0.2260|  0.2291|  0.2270|  2.9054|  0.2078|  0.2033|  0.2078|  0.1581|
|  014/050|  2.7188|  0.2096|  0.2050|  0.2096|  0.2064|  3.0082|  0.1905|  0.1008|  0.1905|  0.1032|
|  015/050|  2.7758|  0.2009|  0.1920|  0.2009|  0.1952|  2.7542|  0.2078|  0.1429|  0.2078|  0.1497|
+---------+--------+--------+--------+--------+--------+--------+--------+--------+--------+--------+

######################################################################################################################
#                                                    TEST RESULTS                                                    #
######################################################################################################################
# LOSS      : 2.4364                                                                                                 #
# ACCURACY  : 0.2118                                                                                                 #
# PRECISION : 0.2118                                                                                                 #
# RECALL    : 0.2118                                                                                                 #
# F1        : 0.1737                                                                                                 #
# CONFUSION MATRIX:                                                                                                  #
# [[10  0 10  0  7  1  0  0  1  0]                                                                                   #
#  [ 0 16  3  0  9  1  0  0  0  0]                                                                                   #
#  [ 1  1 14  0 11  0  0  0  1  1]                                                                                   #
#  [ 2  1 13  1  9  0  0  0  2  1]                                                                                   #
#  [ 1  0  8  0 14  2  0  0  3  0]                                                                                   #
#  [ 3  3 13  0  8  0  0  0  1  0]                                                                                   #
#  [ 0  0  8  0 18  1  0  0  1  1]                                                                                   #
#  [ 0  4  6  1 10  1  0  0  0  7]                                                                                   #
#  [ 1  2 10  0 11  0  0  0  5  0]                                                                                   #
#  [ 0  4 10  1 10  2  0  0  1  1]]                                                                                  #
######################################################################################################################
