######################################################################################################################
#                                            EXPERIMENTAL PROTOCOL REPORT                                            #
######################################################################################################################
# DATE      : 2026-05-13                                                                                             #
# TIME      : 22-27                                                                                                  #
# DATASET   : MNIST digits stratified                                                                                #
# CLASSIFIER: FRQI + QNN + Dense                                                                                     #
# SUBSET    : 2/5                                                                                                    #
# SPLITS    : train=921, val=231, test=288                                                                           #
# TRAINING  : epochs=50, batch_size=16, device=cpu, qnn_lr=0.0010, head_lr=0.0100                                    #
# MODEL     : num_classes=10, num_qubits=9, num_layers=5                                                             #
# TORCHINFO SUMMARY:                                                                                                 #
# =================================================================                                                  #
# Layer (type:depth-idx)                   Param #                                                                   #
# =================================================================                                                  #
# Sequential                               --                                                                        #
# ├─VQCLayer: 1-1                          110                                                                       #
# ├─Linear: 1-2                            5,130                                                                     #
# ├─LogSoftmax: 1-3                        --                                                                        #
# =================================================================                                                  #
# Total params: 5,240                                                                                                #
# Trainable params: 5,240                                                                                            #
# Non-trainable params: 0                                                                                            #
# =================================================================                                                  #
######################################################################################################################

+---------+--------+--------+--------+--------+--------+--------+--------+--------+--------+--------+
|  Epoch  | TrLoss | TrAcc  | TrPrec | TrRec  |  TrF1  | VaLoss | VaAcc  | VaPrec | VaRec  |  VaF1  |
+=========+========+========+========+========+========+========+========+========+========+========+
|  001/050|  4.1752|  0.1314|  0.1303|  0.1314|  0.1293|  2.8370|  0.1991|  0.0861|  0.1991|  0.1097|
|  002/050|  3.1927|  0.1607|  0.1566|  0.1607|  0.1573|  2.9712|  0.1558|  0.0323|  0.1558|  0.0526|
|  003/050|  2.7684|  0.1857|  0.1889|  0.1857|  0.1867|  2.5385|  0.1991|  0.1150|  0.1991|  0.1293|
|  004/050|  2.4937|  0.1878|  0.1832|  0.1878|  0.1845|  3.1422|  0.1515|  0.2556|  0.1515|  0.1030|
|  005/050|  2.8057|  0.1835|  0.1848|  0.1835|  0.1828|  2.3550|  0.2165|  0.1864|  0.2165|  0.1444|
|  006/050|  2.7323|  0.2161|  0.2144|  0.2161|  0.2140|  2.8566|  0.2165|  0.2449|  0.2165|  0.1502|
|  007/050|  2.9641|  0.1965|  0.1992|  0.1965|  0.1972|  2.8516|  0.1861|  0.1785|  0.1861|  0.1311|
|  008/050|  2.7918|  0.2041|  0.2038|  0.2041|  0.2032|  3.2856|  0.1645|  0.1348|  0.1645|  0.0849|
|  009/050|  2.6907|  0.1737|  0.1714|  0.1737|  0.1720|  2.5474|  0.1775|  0.1635|  0.1775|  0.1357|
|  010/050|  2.7354|  0.2106|  0.2029|  0.2106|  0.2060|  2.2382|  0.2554|  0.3052|  0.2554|  0.1971|
|  011/050|  2.7697|  0.2020|  0.1971|  0.2020|  0.1981|  2.9626|  0.1861|  0.1428|  0.1861|  0.1228|
|  012/050|  2.6944|  0.1965|  0.1912|  0.1965|  0.1925|  2.4124|  0.2597|  0.2532|  0.2597|  0.2138|
|  013/050|  2.5083|  0.2497|  0.2490|  0.2497|  0.2452|  2.8169|  0.2208|  0.2062|  0.2208|  0.1630|
|  014/050|  2.9003|  0.2009|  0.1974|  0.2009|  0.1976|  3.1275|  0.2208|  0.1652|  0.2208|  0.1431|
|  015/050|  2.7322|  0.2237|  0.2196|  0.2237|  0.2194|  3.2343|  0.1905|  0.1846|  0.1905|  0.1415|
+---------+--------+--------+--------+--------+--------+--------+--------+--------+--------+--------+

######################################################################################################################
#                                                    TEST RESULTS                                                    #
######################################################################################################################
# LOSS      : 2.4867                                                                                                 #
# ACCURACY  : 0.1875                                                                                                 #
# PRECISION : 0.1088                                                                                                 #
# RECALL    : 0.1875                                                                                                 #
# F1        : 0.1333                                                                                                 #
# CONFUSION MATRIX:                                                                                                  #
# [[ 0  0 17  0  7  1  0  4  0  0]                                                                                   #
#  [ 0 16  4  0  2  0  0  4  3  0]                                                                                   #
#  [ 0  1 13  0  5  0  0  8  2  0]                                                                                   #
#  [ 0  6  7  0  5  0  0  6  5  0]                                                                                   #
#  [ 0  1 14  0  6  1  0  3  3  0]                                                                                   #
#  [ 0  2 12  0  7  0  0  3  4  0]                                                                                   #
#  [ 0  1 10  0  9  0  0  4  5  0]                                                                                   #
#  [ 0  2  4  0  2  0  0 13  8  0]                                                                                   #
#  [ 0  4 10  1  4  0  0  4  6  0]                                                                                   #
#  [ 0  2 11  0  2  2  0  9  3  0]]                                                                                  #
######################################################################################################################
