######################################################################################################################
#                                            EXPERIMENTAL PROTOCOL REPORT                                            #
######################################################################################################################
# DATE      : 05-05-2026                                                                                             #
# TIME      : 23-47                                                                                                  #
# DATASET   : MNIST digits stratified                                                                                #
# CLASSIFIER: CNN + ZZFeatureMap + QNN                                                                               #
# SUBSET    : 4/5                                                                                                    #
# SPLITS    : train=921, val=231, test=288                                                                           #
# TRAINING  : epochs=50, batch_size=16, device=cpu, qnn_lr=0.0010, head_lr=0.0100                                    #
# MODEL     : num_classes=10, num_qubits=12, num_layers=1                                                            #
# TORCHINFO SUMMARY:                                                                                                 #
# =================================================================                                                  #
# Layer (type:depth-idx)                   Param #                                                                   #
# =================================================================                                                  #
# QNN_Baseline_CNN                         36                                                                        #
# ├─Sequential: 1-1                        --                                                                        #
# │    └─Conv2d: 2-1                       160                                                                       #
# │    └─ReLU: 2-2                         --                                                                        #
# │    └─MaxPool2d: 2-3                    --                                                                        #
# │    └─Conv2d: 2-4                       4,640                                                                     #
# │    └─ReLU: 2-5                         --                                                                        #
# │    └─MaxPool2d: 2-6                    --                                                                        #
# │    └─Flatten: 2-7                      --                                                                        #
# │    └─Linear: 2-8                       6,156                                                                     #
# ├─TorchConnector: 1-2                    36                                                                        #
# ├─Linear: 1-3                            40,970                                                                    #
# ├─LogSoftmax: 1-4                        --                                                                        #
# =================================================================                                                  #
# Total params: 51,998                                                                                               #
# Trainable params: 51,998                                                                                           #
# Non-trainable params: 0                                                                                            #
# =================================================================                                                  #
######################################################################################################################

+---------+--------+--------+--------+--------+--------+--------+--------+--------+--------+--------+
|  Epoch  | TrLoss | TrAcc  | TrPrec | TrRec  |  TrF1  | VaLoss | VaAcc  | VaPrec | VaRec  |  VaF1  |
+=========+========+========+========+========+========+========+========+========+========+========+
|  001/050| 17.6949|  0.2975|  0.2966|  0.2975|  0.2969|  9.6668|  0.3939|  0.5588|  0.3939|  0.3677|
|  002/050| 10.6890|  0.4397|  0.4404|  0.4397|  0.4397| 11.9715|  0.4113|  0.4765|  0.4113|  0.3703|
|  003/050| 10.6578|  0.4734|  0.4769|  0.4734|  0.4749| 11.6763|  0.4545|  0.5382|  0.4545|  0.4451|
|  004/050| 11.6262|  0.4821|  0.4815|  0.4821|  0.4815| 14.0744|  0.4113|  0.4880|  0.4113|  0.4207|
|  005/050| 12.4433|  0.4745|  0.4728|  0.4745|  0.4733| 14.9402|  0.4372|  0.5486|  0.4372|  0.4466|
|  006/050| 12.7427|  0.5016|  0.5015|  0.5016|  0.5013| 18.1516|  0.4069|  0.5274|  0.4069|  0.3881|
+---------+--------+--------+--------+--------+--------+--------+--------+--------+--------+--------+

######################################################################################################################
#                                                    TEST RESULTS                                                    #
######################################################################################################################
# LOSS      : 9.4529                                                                                                 #
# ACCURACY  : 0.4410                                                                                                 #
# PRECISION : 0.5826                                                                                                 #
# RECALL    : 0.4410                                                                                                 #
# F1        : 0.4294                                                                                                 #
# CONFUSION MATRIX:                                                                                                  #
# [[23  0  1  1  0  3  0  1  0  0]                                                                                   #
#  [ 0 26  0  0  1  2  0  0  0  0]                                                                                   #
#  [ 4  0 12  0  3 10  0  0  0  0]                                                                                   #
#  [ 2  1  0 10  0 13  0  0  3  0]                                                                                   #
#  [ 0  2  1  2 15  6  0  0  0  2]                                                                                   #
#  [ 0  3  1  5  0 18  0  0  1  0]                                                                                   #
#  [ 0  6  1  3  1  9  8  0  1  0]                                                                                   #
#  [ 3  2  0  1 12  5  0  5  0  1]                                                                                   #
#  [ 0  3  0  5  1 14  0  0  6  0]                                                                                   #
#  [ 1  3  0  2  6 11  0  0  2  4]]                                                                                  #
######################################################################################################################
