=================================================================
Layer (type:depth-idx)                   Param #
=================================================================
QNN_Baseline_CNN                         36
├─Sequential: 1-1                        --
│    └─Conv2d: 2-1                       160
│    └─ReLU: 2-2                         --
│    └─MaxPool2d: 2-3                    --
│    └─Conv2d: 2-4                       4,640
│    └─ReLU: 2-5                         --
│    └─MaxPool2d: 2-6                    --
│    └─Flatten: 2-7                      --
│    └─Linear: 2-8                       6,156
├─TorchConnector: 1-2                    36
├─Linear: 1-3                            40,970
├─LogSoftmax: 1-4                        --
=================================================================
Total params: 51,998
Trainable params: 51,998
Non-trainable params: 0
=================================================================
