######################################################################################################################
#                                            EXPERIMENTAL PROTOCOL REPORT                                            #
######################################################################################################################
# DATE      : 05-05-2026                                                                                             #
# TIME      : 23-47                                                                                                  #
# DATASET   : MNIST digits stratified                                                                                #
# CLASSIFIER: CNN + ZZFeatureMap + QNN                                                                               #
# SUBSET    : 2/5                                                                                                    #
# SPLITS    : train=921, val=231, test=288                                                                           #
# TRAINING  : epochs=50, batch_size=16, device=cpu, qnn_lr=0.0010, head_lr=0.0100                                    #
# MODEL     : num_classes=10, num_qubits=12, num_layers=1                                                            #
# TORCHINFO SUMMARY:                                                                                                 #
# =================================================================                                                  #
# Layer (type:depth-idx)                   Param #                                                                   #
# =================================================================                                                  #
# QNN_Baseline_CNN                         36                                                                        #
# ├─Sequential: 1-1                        --                                                                        #
# │    └─Conv2d: 2-1                       160                                                                       #
# │    └─ReLU: 2-2                         --                                                                        #
# │    └─MaxPool2d: 2-3                    --                                                                        #
# │    └─Conv2d: 2-4                       4,640                                                                     #
# │    └─ReLU: 2-5                         --                                                                        #
# │    └─MaxPool2d: 2-6                    --                                                                        #
# │    └─Flatten: 2-7                      --                                                                        #
# │    └─Linear: 2-8                       6,156                                                                     #
# ├─TorchConnector: 1-2                    36                                                                        #
# ├─Linear: 1-3                            40,970                                                                    #
# ├─LogSoftmax: 1-4                        --                                                                        #
# =================================================================                                                  #
# Total params: 51,998                                                                                               #
# Trainable params: 51,998                                                                                           #
# Non-trainable params: 0                                                                                            #
# =================================================================                                                  #
######################################################################################################################

+---------+--------+--------+--------+--------+--------+--------+--------+--------+--------+--------+
|  Epoch  | TrLoss | TrAcc  | TrPrec | TrRec  |  TrF1  | VaLoss | VaAcc  | VaPrec | VaRec  |  VaF1  |
+=========+========+========+========+========+========+========+========+========+========+========+
|  001/050| 16.6558|  0.3149|  0.3139|  0.3149|  0.3144|  9.3457|  0.3593|  0.4698|  0.3593|  0.3522|
|  002/050| 10.9945|  0.4191|  0.4186|  0.4191|  0.4185| 17.7273|  0.2641|  0.3727|  0.2641|  0.2181|
|  003/050| 12.3800|  0.4148|  0.4184|  0.4148|  0.4163| 14.3116|  0.3506|  0.4901|  0.3506|  0.3509|
|  004/050| 13.8876|  0.4408|  0.4372|  0.4408|  0.4386| 13.1018|  0.4069|  0.5233|  0.4069|  0.4154|
|  005/050| 11.5748|  0.4864|  0.4902|  0.4864|  0.4880| 18.4268|  0.3983|  0.4684|  0.3983|  0.3473|
|  006/050| 14.0524|  0.4777|  0.4751|  0.4777|  0.4761| 18.4405|  0.4286|  0.5598|  0.4286|  0.4012|
+---------+--------+--------+--------+--------+--------+--------+--------+--------+--------+--------+

######################################################################################################################
#                                                    TEST RESULTS                                                    #
######################################################################################################################
# LOSS      : 8.0867                                                                                                 #
# ACCURACY  : 0.4306                                                                                                 #
# PRECISION : 0.5780                                                                                                 #
# RECALL    : 0.4306                                                                                                 #
# F1        : 0.4098                                                                                                 #
# CONFUSION MATRIX:                                                                                                  #
# [[20  0  1  0  1  6  0  1  0  0]                                                                                   #
#  [ 0 14  0  0  7  7  0  0  1  0]                                                                                   #
#  [ 0  0 20  3  3  2  0  1  0  0]                                                                                   #
#  [ 0  0  0 13  2 10  0  4  0  0]                                                                                   #
#  [ 0  0  0  0 22  3  0  1  0  2]                                                                                   #
#  [ 2  2  0  2  3 15  0  3  1  0]                                                                                   #
#  [ 2  0  7  2 11  5  2  0  0  0]                                                                                   #
#  [ 1  0  0  2 11  2  0 13  0  0]                                                                                   #
#  [ 0  1  2  4  1 20  0  0  1  0]                                                                                   #
#  [ 0  0  0  0 17  4  0  4  0  4]]                                                                                  #
######################################################################################################################
