######################################################################################################################
#                                            EXPERIMENTAL PROTOCOL REPORT                                            #
######################################################################################################################
# DATE      : 05-05-2026                                                                                             #
# TIME      : 23-47                                                                                                  #
# DATASET   : MNIST digits stratified                                                                                #
# CLASSIFIER: CNN + ZZFeatureMap + QNN                                                                               #
# SUBSET    : 3/5                                                                                                    #
# SPLITS    : train=921, val=231, test=288                                                                           #
# TRAINING  : epochs=50, batch_size=16, device=cpu, qnn_lr=0.0010, head_lr=0.0100                                    #
# MODEL     : num_classes=10, num_qubits=12, num_layers=1                                                            #
# TORCHINFO SUMMARY:                                                                                                 #
# =================================================================                                                  #
# Layer (type:depth-idx)                   Param #                                                                   #
# =================================================================                                                  #
# QNN_Baseline_CNN                         36                                                                        #
# ├─Sequential: 1-1                        --                                                                        #
# │    └─Conv2d: 2-1                       160                                                                       #
# │    └─ReLU: 2-2                         --                                                                        #
# │    └─MaxPool2d: 2-3                    --                                                                        #
# │    └─Conv2d: 2-4                       4,640                                                                     #
# │    └─ReLU: 2-5                         --                                                                        #
# │    └─MaxPool2d: 2-6                    --                                                                        #
# │    └─Flatten: 2-7                      --                                                                        #
# │    └─Linear: 2-8                       6,156                                                                     #
# ├─TorchConnector: 1-2                    36                                                                        #
# ├─Linear: 1-3                            40,970                                                                    #
# ├─LogSoftmax: 1-4                        --                                                                        #
# =================================================================                                                  #
# Total params: 51,998                                                                                               #
# Trainable params: 51,998                                                                                           #
# Non-trainable params: 0                                                                                            #
# =================================================================                                                  #
######################################################################################################################

+---------+--------+--------+--------+--------+--------+--------+--------+--------+--------+--------+
|  Epoch  | TrLoss | TrAcc  | TrPrec | TrRec  |  TrF1  | VaLoss | VaAcc  | VaPrec | VaRec  |  VaF1  |
+=========+========+========+========+========+========+========+========+========+========+========+
|  001/050| 17.2523|  0.3170|  0.3158|  0.3170|  0.3163| 11.6834|  0.3247|  0.5209|  0.3247|  0.3059|
|  002/050| 11.0199|  0.4376|  0.4399|  0.4376|  0.4386| 10.5019|  0.4719|  0.5416|  0.4719|  0.4548|
|  003/050| 11.0176|  0.4691|  0.4734|  0.4691|  0.4708| 13.0163|  0.4242|  0.5611|  0.4242|  0.4041|
|  004/050| 14.2394|  0.4473|  0.4433|  0.4473|  0.4451| 14.4839|  0.4199|  0.5345|  0.4199|  0.4076|
|  005/050| 11.9445|  0.5005|  0.5031|  0.5005|  0.5016| 15.5463|  0.4805|  0.5778|  0.4805|  0.4564|
|  006/050| 13.2106|  0.4951|  0.4953|  0.4951|  0.4951| 15.4131|  0.4935|  0.5429|  0.4935|  0.4612|
|  007/050| 11.5321|  0.5168|  0.5165|  0.5168|  0.5162| 15.9727|  0.4545|  0.5543|  0.4545|  0.4535|
+---------+--------+--------+--------+--------+--------+--------+--------+--------+--------+--------+

######################################################################################################################
#                                                    TEST RESULTS                                                    #
######################################################################################################################
# LOSS      : 10.6683                                                                                                #
# ACCURACY  : 0.4653                                                                                                 #
# PRECISION : 0.5466                                                                                                 #
# RECALL    : 0.4653                                                                                                 #
# F1        : 0.4316                                                                                                 #
# CONFUSION MATRIX:                                                                                                  #
# [[24  0  2  0  0  0  1  1  0  1]                                                                                   #
#  [ 0 15  3  0  7  0  2  2  0  0]                                                                                   #
#  [ 0  0 26  0  0  0  0  1  1  1]                                                                                   #
#  [ 1  0 10  2  4  0  1  6  3  2]                                                                                   #
#  [ 0  0  4  0 14  0  1  3  0  6]                                                                                   #
#  [ 1  1  1  3  8  1  3  3  5  2]                                                                                   #
#  [ 1  2  7  1  6  0 10  2  0  0]                                                                                   #
#  [ 0  0  1  0  3  0  1 20  1  3]                                                                                   #
#  [ 1  0  6  0  4  0  2  7  9  0]                                                                                   #
#  [ 0  1  1  0  8  0  0  6  0 13]]                                                                                  #
######################################################################################################################
