######################################################################################################################
#                                            EXPERIMENTAL PROTOCOL REPORT                                            #
######################################################################################################################
# DATE      : 05-05-2026                                                                                             #
# TIME      : 23-47                                                                                                  #
# DATASET   : MNIST digits stratified                                                                                #
# CLASSIFIER: CNN + ZZFeatureMap + QNN                                                                               #
# SUBSET    : 5/5                                                                                                    #
# SPLITS    : train=921, val=231, test=288                                                                           #
# TRAINING  : epochs=50, batch_size=16, device=cpu, qnn_lr=0.0010, head_lr=0.0100                                    #
# MODEL     : num_classes=10, num_qubits=12, num_layers=1                                                            #
# TORCHINFO SUMMARY:                                                                                                 #
# =================================================================                                                  #
# Layer (type:depth-idx)                   Param #                                                                   #
# =================================================================                                                  #
# QNN_Baseline_CNN                         36                                                                        #
# ├─Sequential: 1-1                        --                                                                        #
# │    └─Conv2d: 2-1                       160                                                                       #
# │    └─ReLU: 2-2                         --                                                                        #
# │    └─MaxPool2d: 2-3                    --                                                                        #
# │    └─Conv2d: 2-4                       4,640                                                                     #
# │    └─ReLU: 2-5                         --                                                                        #
# │    └─MaxPool2d: 2-6                    --                                                                        #
# │    └─Flatten: 2-7                      --                                                                        #
# │    └─Linear: 2-8                       6,156                                                                     #
# ├─TorchConnector: 1-2                    36                                                                        #
# ├─Linear: 1-3                            40,970                                                                    #
# ├─LogSoftmax: 1-4                        --                                                                        #
# =================================================================                                                  #
# Total params: 51,998                                                                                               #
# Trainable params: 51,998                                                                                           #
# Non-trainable params: 0                                                                                            #
# =================================================================                                                  #
######################################################################################################################

+---------+--------+--------+--------+--------+--------+--------+--------+--------+--------+--------+
|  Epoch  | TrLoss | TrAcc  | TrPrec | TrRec  |  TrF1  | VaLoss | VaAcc  | VaPrec | VaRec  |  VaF1  |
+=========+========+========+========+========+========+========+========+========+========+========+
|  001/050| 16.5822|  0.2975|  0.2978|  0.2975|  0.2976| 11.4942|  0.3506|  0.5683|  0.3506|  0.3179|
|  002/050| 10.2802|  0.4343|  0.4341|  0.4343|  0.4339| 11.7007|  0.4113|  0.5352|  0.4113|  0.3555|
|  003/050|  9.3454|  0.4810|  0.4803|  0.4810|  0.4805|  9.9849|  0.4589|  0.5225|  0.4589|  0.4650|
|  004/050| 11.6800|  0.4549|  0.4555|  0.4549|  0.4551| 11.3950|  0.4675|  0.4676|  0.4675|  0.4460|
|  005/050| 11.8499|  0.4853|  0.4844|  0.4853|  0.4847| 19.7883|  0.4329|  0.5191|  0.4329|  0.3948|
|  006/050| 12.4978|  0.4995|  0.4988|  0.4995|  0.4989| 15.4497|  0.4416|  0.4787|  0.4416|  0.4086|
|  007/050| 12.1184|  0.5157|  0.5172|  0.5157|  0.5163| 18.9408|  0.3939|  0.5032|  0.3939|  0.3904|
|  008/050| 14.1241|  0.4929|  0.4941|  0.4929|  0.4932| 18.9296|  0.4199|  0.4797|  0.4199|  0.3853|
+---------+--------+--------+--------+--------+--------+--------+--------+--------+--------+--------+

######################################################################################################################
#                                                    TEST RESULTS                                                    #
######################################################################################################################
# LOSS      : 9.3197                                                                                                 #
# ACCURACY  : 0.4618                                                                                                 #
# PRECISION : 0.5616                                                                                                 #
# RECALL    : 0.4618                                                                                                 #
# F1        : 0.4756                                                                                                 #
# CONFUSION MATRIX:                                                                                                  #
# [[23  0  1  0  0  1  0  1  3  0]                                                                                   #
#  [ 0 14  0  1  1  1  0  5  7  0]                                                                                   #
#  [ 5  0 11  0  2  1  1  0  5  4]                                                                                   #
#  [ 1  0  0 10  1  2  1  4  9  1]                                                                                   #
#  [ 0  0  0  0 11  2  0  4  7  4]                                                                                   #
#  [ 1  1  0  0  2 11  0  4  6  3]                                                                                   #
#  [ 1  1  1  1  6  1 12  1  3  2]                                                                                   #
#  [ 0  0  0  0  4  2  1 19  2  1]                                                                                   #
#  [ 1  0  0  2  4  4  0  3 14  1]                                                                                   #
#  [ 1  0  0  0  7  2  0  5  6  8]]                                                                                  #
######################################################################################################################
