######################################################################################################################
#                                            EXPERIMENTAL PROTOCOL REPORT                                            #
######################################################################################################################
# DATE      : 05-05-2026                                                                                             #
# TIME      : 23-47                                                                                                  #
# DATASET   : MNIST digits stratified                                                                                #
# CLASSIFIER: CNN + ZZFeatureMap + QNN                                                                               #
# SUBSET    : 1/5                                                                                                    #
# SPLITS    : train=921, val=231, test=288                                                                           #
# TRAINING  : epochs=50, batch_size=16, device=cpu, qnn_lr=0.0010, head_lr=0.0100                                    #
# ARCHITECT.: 16x16 grayscale -> Conv2d(1,16,3,pad=1) -> ReLU -> MaxPool2d(2) -> Conv2d(16,32,3,pad=1) -> ReLU ->    #
#             MaxPool2d(2) -> Flatten -> Linear(512, num_qubits) -> ZZFeatureMap(reps=1) -> VQC[RX-RY-RZ x           #
#             num_layers + brickwork CX] -> SamplerQNN -> Linear(2**num_qubits, num_classes) -> LogSoftmax           #
# MODEL     : num_classes=10, num_qubits=12, num_layers=1                                                            #
# TORCHINFO SUMMARY:                                                                                                 #
# =================================================================                                                  #
# Layer (type:depth-idx)                   Param #                                                                   #
# =================================================================                                                  #
# QNN_Baseline_CNN                         36                                                                        #
# ├─Sequential: 1-1                        --                                                                        #
# │    └─Conv2d: 2-1                       160                                                                       #
# │    └─ReLU: 2-2                         --                                                                        #
# │    └─MaxPool2d: 2-3                    --                                                                        #
# │    └─Conv2d: 2-4                       4,640                                                                     #
# │    └─ReLU: 2-5                         --                                                                        #
# │    └─MaxPool2d: 2-6                    --                                                                        #
# │    └─Flatten: 2-7                      --                                                                        #
# │    └─Linear: 2-8                       6,156                                                                     #
# ├─TorchConnector: 1-2                    36                                                                        #
# ├─Linear: 1-3                            40,970                                                                    #
# ├─LogSoftmax: 1-4                        --                                                                        #
# =================================================================                                                  #
# Total params: 51,998                                                                                               #
# Trainable params: 51,998                                                                                           #
# Non-trainable params: 0                                                                                            #
# =================================================================                                                  #
######################################################################################################################

+---------+--------+--------+--------+--------+--------+--------+--------+--------+--------+--------+
|  Epoch  | TrLoss | TrAcc  | TrPrec | TrRec  |  TrF1  | VaLoss | VaAcc  | VaPrec | VaRec  |  VaF1  |
+=========+========+========+========+========+========+========+========+========+========+========+
|  001/050| 13.9624|  0.3236|  0.3239|  0.3236|  0.3236|  9.5011|  0.4113|  0.3836|  0.4113|  0.3496|
|  002/050|  9.8627|  0.4278|  0.4279|  0.4278|  0.4277| 13.7803|  0.3810|  0.5349|  0.3810|  0.3410|
|  003/050| 12.4428|  0.4289|  0.4310|  0.4289|  0.4298| 11.7883|  0.4156|  0.5771|  0.4156|  0.4172|
|  004/050| 10.7073|  0.5016|  0.5003|  0.5016|  0.5005| 11.5692|  0.4156|  0.5385|  0.4156|  0.4116|
|  005/050| 14.3640|  0.4625|  0.4649|  0.4625|  0.4635| 13.5762|  0.4892|  0.5729|  0.4892|  0.4628|
|  006/050| 13.0554|  0.4843|  0.4835|  0.4843|  0.4835| 13.8583|  0.4805|  0.5113|  0.4805|  0.4582|
+---------+--------+--------+--------+--------+--------+--------+--------+--------+--------+--------+

######################################################################################################################
#                                                    TEST RESULTS                                                    #
######################################################################################################################
# LOSS      : 9.7891                                                                                                 #
# ACCURACY  : 0.3889                                                                                                 #
# PRECISION : 0.4113                                                                                                 #
# RECALL    : 0.3889                                                                                                 #
# F1        : 0.3426                                                                                                 #
# CONFUSION MATRIX:                                                                                                  #
# [[23  3  2  1  0  0  0  0  0  0]                                                                                   #
#  [ 0 27  0  0  1  0  1  0  0  0]                                                                                   #
#  [ 9  3  9  3  4  1  0  0  0  0]                                                                                   #
#  [ 2  2  0 11  4  5  1  1  2  1]                                                                                   #
#  [ 1  6  2  0 17  1  0  0  0  1]                                                                                   #
#  [ 5  2  0  4  6 11  0  0  0  0]                                                                                   #
#  [ 3  9  1  7  7  0  2  0  0  0]                                                                                   #
#  [ 0  2  0  3 11  1  0  6  0  6]                                                                                   #
#  [ 1  1  2  7  6  8  2  1  1  0]                                                                                   #
#  [ 1  3  0  1 15  2  0  2  0  5]]                                                                                  #
######################################################################################################################
