######################################################################################################################
#                                            EXPERIMENTAL PROTOCOL REPORT                                            #
######################################################################################################################
# DATE      : 29-04-2026                                                                                             #
# TIME      : 14:21                                                                                                  #
# DATASET   : MNIST digits stratified                                                                                #
# CLASSIFIER: SimpleCNNBaseline                                                                                      #
# SUBSET    : 1/5                                                                                                    #
# SPLITS    : train=921, val=231, test=288                                                                           #
# TRAINING  : epochs=10, batch_size=64, lr=0.0010, device=cpu                                                        #
# ARCHITECT.: 16x16 grayscale -> Conv2d(1,16,3,pad=1) -> ReLU -> MaxPool2d(2) -> Conv2d(16,32,3,pad=1) -> ReLU ->    #
#             MaxPool2d(2) -> Flatten -> Linear(512,64) -> ReLU -> Linear(64, num_classes)                           #
# MODEL     : num_classes=10                                                                                         #
######################################################################################################################

+---------+--------+--------+--------+--------+--------+--------+--------+--------+--------+--------+
|  Epoch  | TrLoss | TrAcc  | TrPrec | TrRec  |  TrF1  | VaLoss | VaAcc  | VaPrec | VaRec  |  VaF1  |
+=========+========+========+========+========+========+========+========+========+========+========+
|  001/010|  2.2819|  0.2302|  0.3169|  0.2302|  0.1943|  2.2321|  0.3506|  0.3602|  0.3506|  0.2815|
|  002/010|  2.1521|  0.4191|  0.3704|  0.4191|  0.3512|  2.0043|  0.4719|  0.6301|  0.4719|  0.4013|
|  003/010|  1.8002|  0.5516|  0.6448|  0.5516|  0.5057|  1.5277|  0.6450|  0.7390|  0.6450|  0.5821|
|  004/010|  1.2878|  0.6786|  0.6792|  0.6786|  0.6587|  1.0045|  0.7316|  0.7322|  0.7316|  0.7248|
|  005/010|  0.8612|  0.7742|  0.7725|  0.7742|  0.7708|  0.7398|  0.7835|  0.8259|  0.7835|  0.7833|
|  006/010|  0.6495|  0.8143|  0.8182|  0.8143|  0.8143|  0.5945|  0.8139|  0.8335|  0.8139|  0.8079|
|  007/010|  0.5355|  0.8426|  0.8471|  0.8426|  0.8426|  0.5086|  0.8528|  0.8597|  0.8528|  0.8432|
|  008/010|  0.4410|  0.8719|  0.8713|  0.8719|  0.8713|  0.4266|  0.8745|  0.8735|  0.8745|  0.8719|
|  009/010|  0.3963|  0.8979|  0.8987|  0.8979|  0.8981|  0.4500|  0.8268|  0.8397|  0.8268|  0.8213|
|  010/010|  0.3749|  0.8871|  0.8879|  0.8871|  0.8871|  0.3770|  0.8918|  0.8978|  0.8918|  0.8903|
+---------+--------+--------+--------+--------+--------+--------+--------+--------+--------+--------+

######################################################################################################################
#                                                    TEST RESULTS                                                    #
######################################################################################################################
# LOSS      : 0.4288                                                                                                 #
# ACCURACY  : 0.8542                                                                                                 #
# PRECISION : 0.8636                                                                                                 #
# RECALL    : 0.8542                                                                                                 #
# F1        : 0.8545                                                                                                 #
# CONFUSION MATRIX:                                                                                                  #
# [[25  0  0  1  0  0  2  0  1  0]                                                                                   #
#  [ 0 27  0  0  0  0  2  0  0  0]                                                                                   #
#  [ 1  0 22  3  1  0  1  1  0  0]                                                                                   #
#  [ 0  1  0 26  0  0  0  1  0  1]                                                                                   #
#  [ 0  0  0  0 26  0  2  0  0  0]                                                                                   #
#  [ 1  0  1  1  1 22  0  0  1  1]                                                                                   #
#  [ 2  0  1  0  0  0 26  0  0  0]                                                                                   #
#  [ 0  1  0  1  0  0  0 24  0  3]                                                                                   #
#  [ 0  0  0  2  1  0  0  1 22  3]                                                                                   #
#  [ 0  0  0  0  2  0  0  1  0 26]]                                                                                  #
######################################################################################################################
