######################################################################################################################
#                                            EXPERIMENTAL PROTOCOL REPORT                                            #
######################################################################################################################
# DATE      : 29-04-2026                                                                                             #
# TIME      : 14:21                                                                                                  #
# DATASET   : MNIST digits stratified                                                                                #
# CLASSIFIER: SimpleCNNBaseline                                                                                      #
# SUBSET    : 2/5                                                                                                    #
# SPLITS    : train=921, val=231, test=288                                                                           #
# TRAINING  : epochs=10, batch_size=64, lr=0.0010, device=cpu                                                        #
# MODEL     : num_classes=10                                                                                         #
######################################################################################################################

+---------+--------+--------+--------+--------+--------+--------+--------+--------+--------+--------+
|  Epoch  | TrLoss | TrAcc  | TrPrec | TrRec  |  TrF1  | VaLoss | VaAcc  | VaPrec | VaRec  |  VaF1  |
+=========+========+========+========+========+========+========+========+========+========+========+
|  001/010|  2.2867|  0.1357|  0.0272|  0.1357|  0.0452|  2.2467|  0.1255|  0.0496|  0.1255|  0.0504|
|  002/010|  2.1976|  0.2258|  0.3607|  0.2258|  0.1583|  2.1028|  0.2294|  0.7383|  0.2294|  0.1628|
|  003/010|  1.9554|  0.4604|  0.6102|  0.4604|  0.4708|  1.7526|  0.6234|  0.6798|  0.6234|  0.5889|
|  004/010|  1.5302|  0.6026|  0.5777|  0.6026|  0.5665|  1.3085|  0.6580|  0.7180|  0.6580|  0.6214|
|  005/010|  1.0777|  0.6830|  0.6786|  0.6830|  0.6689|  1.0075|  0.6667|  0.7468|  0.6667|  0.6530|
|  006/010|  0.8384|  0.7242|  0.7250|  0.7242|  0.7227|  0.8030|  0.7532|  0.7905|  0.7532|  0.7473|
|  007/010|  0.7356|  0.7622|  0.7585|  0.7622|  0.7591|  0.6633|  0.7922|  0.8267|  0.7922|  0.7923|
|  008/010|  0.6418|  0.7894|  0.7856|  0.7894|  0.7859|  0.6097|  0.8095|  0.8363|  0.8095|  0.8053|
|  009/010|  0.5224|  0.8512|  0.8513|  0.8512|  0.8507|  0.5230|  0.8571|  0.8623|  0.8571|  0.8555|
|  010/010|  0.4705|  0.8534|  0.8533|  0.8534|  0.8530|  0.4996|  0.8355|  0.8583|  0.8355|  0.8362|
+---------+--------+--------+--------+--------+--------+--------+--------+--------+--------+--------+

######################################################################################################################
#                                                    TEST RESULTS                                                    #
######################################################################################################################
# LOSS      : 0.4568                                                                                                 #
# ACCURACY  : 0.8785                                                                                                 #
# PRECISION : 0.8823                                                                                                 #
# RECALL    : 0.8785                                                                                                 #
# F1        : 0.8779                                                                                                 #
# CONFUSION MATRIX:                                                                                                  #
# [[28  0  0  0  0  0  0  0  1  0]                                                                                   #
#  [ 0 27  1  0  0  0  0  0  0  1]                                                                                   #
#  [ 0  0 29  0  0  0  0  0  0  0]                                                                                   #
#  [ 0  0  1 25  0  1  0  1  1  0]                                                                                   #
#  [ 0  0  1  0 22  1  0  0  0  4]                                                                                   #
#  [ 3  0  0  0  1 21  1  0  2  0]                                                                                   #
#  [ 1  0  0  0  1  0 25  0  2  0]                                                                                   #
#  [ 0  0  0  0  0  0  0 28  0  1]                                                                                   #
#  [ 2  1  0  2  0  0  0  0 23  1]                                                                                   #
#  [ 0  0  0  0  0  1  0  2  1 25]]                                                                                  #
######################################################################################################################
