######################################################################################################################
#                                            EXPERIMENTAL PROTOCOL REPORT                                            #
######################################################################################################################
# DATE      : 05-05-2026                                                                                             #
# TIME      : 22-01                                                                                                  #
# DATASET   : MNIST digits stratified                                                                                #
# CLASSIFIER: PCA + ZZFeatureMap + QNN                                                                               #
# SUBSET    : 3/5                                                                                                    #
# SPLITS    : train=921, val=231, test=288                                                                           #
# TRAINING  : epochs=50, batch_size=16, device=cpu, qnn_lr=0.0010, head_lr=0.0100                                    #
# MODEL     : num_classes=10, num_qubits=12, num_layers=1                                                            #
# TORCHINFO SUMMARY:                                                                                                 #
# =================================================================                                                  #
# Layer (type:depth-idx)                   Param #                                                                   #
# =================================================================                                                  #
# QNN_Baseline_PCA                         36                                                                        #
# ├─TorchConnector: 1-1                    36                                                                        #
# ├─Linear: 1-2                            40,970                                                                    #
# ├─LogSoftmax: 1-3                        --                                                                        #
# =================================================================                                                  #
# Total params: 41,042                                                                                               #
# Trainable params: 41,042                                                                                           #
# Non-trainable params: 0                                                                                            #
# =================================================================                                                  #
######################################################################################################################

+---------+--------+--------+--------+--------+--------+--------+--------+--------+--------+--------+
|  Epoch  | TrLoss | TrAcc  | TrPrec | TrRec  |  TrF1  | VaLoss | VaAcc  | VaPrec | VaRec  |  VaF1  |
+=========+========+========+========+========+========+========+========+========+========+========+
|  001/050| 17.0800|  0.1238|  0.1239|  0.1238|  0.1237| 16.9260|  0.1429|  0.1661|  0.1429|  0.1203|
|  002/050| 11.7186|  0.3333|  0.3346|  0.3333|  0.3336| 19.1649|  0.1645|  0.1100|  0.1645|  0.1253|
|  003/050|  9.6056|  0.4256|  0.4264|  0.4256|  0.4258| 23.2201|  0.1558|  0.1950|  0.1558|  0.1496|
|  004/050|  8.8415|  0.4929|  0.4932|  0.4929|  0.4929| 24.2322|  0.1602|  0.1447|  0.1602|  0.1369|
|  005/050|  7.6445|  0.5722|  0.5725|  0.5722|  0.5721| 25.7731|  0.1732|  0.1805|  0.1732|  0.1668|
|  006/050|  7.2422|  0.6221|  0.6228|  0.6221|  0.6224| 25.3774|  0.2078|  0.2146|  0.2078|  0.1935|
+---------+--------+--------+--------+--------+--------+--------+--------+--------+--------+--------+

######################################################################################################################
#                                                    TEST RESULTS                                                    #
######################################################################################################################
# LOSS      : 17.9945                                                                                                #
# ACCURACY  : 0.0903                                                                                                 #
# PRECISION : 0.1276                                                                                                 #
# RECALL    : 0.0903                                                                                                 #
# F1        : 0.0633                                                                                                 #
# CONFUSION MATRIX:                                                                                                  #
# [[ 0  0  1  1 16  5  1  0  5  0]                                                                                   #
#  [ 0  2  0  0 13  4  1  0  8  1]                                                                                   #
#  [ 1  0  0  1 19  4  0  0  4  0]                                                                                   #
#  [ 0  0  1  1 11  4  2  0 10  0]                                                                                   #
#  [ 2  0  2  0 12  5  0  0  7  0]                                                                                   #
#  [ 1  1  0  1 14  1  2  0  8  0]                                                                                   #
#  [ 0  0  1  0 19  4  3  0  2  0]                                                                                   #
#  [ 0  0  1  0 20  2  1  0  5  0]                                                                                   #
#  [ 1  0  0  1 12  5  2  1  7  0]                                                                                   #
#  [ 0  0  2  0 11  3  4  0  9  0]]                                                                                  #
######################################################################################################################
