######################################################################################################################
#                                            EXPERIMENTAL PROTOCOL REPORT                                            #
######################################################################################################################
# DATE      : 05-05-2026                                                                                             #
# TIME      : 22-01                                                                                                  #
# DATASET   : MNIST digits stratified                                                                                #
# CLASSIFIER: PCA + ZZFeatureMap + QNN                                                                               #
# SUBSET    : 2/5                                                                                                    #
# SPLITS    : train=921, val=231, test=288                                                                           #
# TRAINING  : epochs=50, batch_size=16, device=cpu, qnn_lr=0.0010, head_lr=0.0100                                    #
# MODEL     : num_classes=10, num_qubits=12, num_layers=1                                                            #
# TORCHINFO SUMMARY:                                                                                                 #
# =================================================================                                                  #
# Layer (type:depth-idx)                   Param #                                                                   #
# =================================================================                                                  #
# QNN_Baseline_PCA                         36                                                                        #
# ├─TorchConnector: 1-1                    36                                                                        #
# ├─Linear: 1-2                            40,970                                                                    #
# ├─LogSoftmax: 1-3                        --                                                                        #
# =================================================================                                                  #
# Total params: 41,042                                                                                               #
# Trainable params: 41,042                                                                                           #
# Non-trainable params: 0                                                                                            #
# =================================================================                                                  #
######################################################################################################################

+---------+--------+--------+--------+--------+--------+--------+--------+--------+--------+--------+
|  Epoch  | TrLoss | TrAcc  | TrPrec | TrRec  |  TrF1  | VaLoss | VaAcc  | VaPrec | VaRec  |  VaF1  |
+=========+========+========+========+========+========+========+========+========+========+========+
|  001/050| 17.4366|  0.1042|  0.1045|  0.1042|  0.1044| 16.4963|  0.1299|  0.1412|  0.1299|  0.1050|
|  002/050| 10.2789|  0.3518|  0.3525|  0.3518|  0.3519| 22.2276|  0.1212|  0.1207|  0.1212|  0.0837|
|  003/050| 10.3660|  0.4169|  0.4185|  0.4169|  0.4172| 22.7800|  0.1169|  0.1134|  0.1169|  0.1065|
|  004/050|  8.3000|  0.5016|  0.5022|  0.5016|  0.5016| 23.7227|  0.1472|  0.1423|  0.1472|  0.1315|
|  005/050|  8.6626|  0.5244|  0.5254|  0.5244|  0.5242| 29.5240|  0.1558|  0.1663|  0.1558|  0.1366|
|  006/050|  9.0731|  0.5516|  0.5512|  0.5516|  0.5510| 25.9157|  0.1429|  0.1578|  0.1429|  0.1375|
+---------+--------+--------+--------+--------+--------+--------+--------+--------+--------+--------+

######################################################################################################################
#                                                    TEST RESULTS                                                    #
######################################################################################################################
# LOSS      : 16.7853                                                                                                #
# ACCURACY  : 0.1389                                                                                                 #
# PRECISION : 0.1401                                                                                                 #
# RECALL    : 0.1389                                                                                                 #
# F1        : 0.1059                                                                                                 #
# CONFUSION MATRIX:                                                                                                  #
# [[12  1  1  0  6  6  2  0  1  0]                                                                                   #
#  [ 6  1  0  0  6  6  5  1  4  0]                                                                                   #
#  [ 5  1  0  1  8  6  4  1  2  1]                                                                                   #
#  [10  0  1  0  6  6  5  0  0  1]                                                                                   #
#  [ 7  1  0  0 10  3  2  0  5  0]                                                                                   #
#  [ 5  0  0  0 12  6  5  0  0  0]                                                                                   #
#  [ 5  1  0  0  8  7  5  0  3  0]                                                                                   #
#  [11  0  0  0  7  4  3  1  2  1]                                                                                   #
#  [ 9  0  0  0  7  5  2  3  3  0]                                                                                   #
#  [ 4  1  0  0  9  6  5  0  2  2]]                                                                                  #
######################################################################################################################
