######################################################################################################################
#                                            EXPERIMENTAL PROTOCOL REPORT                                            #
######################################################################################################################
# DATE      : 05-05-2026                                                                                             #
# TIME      : 22-01                                                                                                  #
# DATASET   : MNIST digits stratified                                                                                #
# CLASSIFIER: PCA + ZZFeatureMap + QNN                                                                               #
# SUBSET    : 5/5                                                                                                    #
# SPLITS    : train=921, val=231, test=288                                                                           #
# TRAINING  : epochs=50, batch_size=16, device=cpu, qnn_lr=0.0010, head_lr=0.0100                                    #
# MODEL     : num_classes=10, num_qubits=12, num_layers=1                                                            #
# TORCHINFO SUMMARY:                                                                                                 #
# =================================================================                                                  #
# Layer (type:depth-idx)                   Param #                                                                   #
# =================================================================                                                  #
# QNN_Baseline_PCA                         36                                                                        #
# ├─TorchConnector: 1-1                    36                                                                        #
# ├─Linear: 1-2                            40,970                                                                    #
# ├─LogSoftmax: 1-3                        --                                                                        #
# =================================================================                                                  #
# Total params: 41,042                                                                                               #
# Trainable params: 41,042                                                                                           #
# Non-trainable params: 0                                                                                            #
# =================================================================                                                  #
######################################################################################################################

+---------+--------+--------+--------+--------+--------+--------+--------+--------+--------+--------+
|  Epoch  | TrLoss | TrAcc  | TrPrec | TrRec  |  TrF1  | VaLoss | VaAcc  | VaPrec | VaRec  |  VaF1  |
+=========+========+========+========+========+========+========+========+========+========+========+
|  001/050| 18.3396|  0.1379|  0.1386|  0.1379|  0.1381| 24.9855|  0.1212|  0.0688|  0.1212|  0.0827|
|  002/050| 12.3668|  0.2975|  0.2965|  0.2975|  0.2967| 19.3358|  0.1126|  0.1369|  0.1126|  0.0939|
|  003/050| 10.1679|  0.4245|  0.4279|  0.4245|  0.4257| 24.7865|  0.1126|  0.1165|  0.1126|  0.0999|
|  004/050|  9.0870|  0.5005|  0.5013|  0.5005|  0.5006| 26.7779|  0.1991|  0.2078|  0.1991|  0.1738|
|  005/050|  8.0948|  0.5505|  0.5509|  0.5505|  0.5506| 28.6620|  0.2035|  0.2455|  0.2035|  0.1854|
|  006/050|  7.9694|  0.5679|  0.5671|  0.5679|  0.5673| 27.7923|  0.1429|  0.1702|  0.1429|  0.1267|
|  007/050|  6.7062|  0.6460|  0.6457|  0.6460|  0.6455| 34.4275|  0.1126|  0.1089|  0.1126|  0.1044|
+---------+--------+--------+--------+--------+--------+--------+--------+--------+--------+--------+

######################################################################################################################
#                                                    TEST RESULTS                                                    #
######################################################################################################################
# LOSS      : 19.1492                                                                                                #
# ACCURACY  : 0.1181                                                                                                 #
# PRECISION : 0.1499                                                                                                 #
# RECALL    : 0.1181                                                                                                 #
# F1        : 0.0968                                                                                                 #
# CONFUSION MATRIX:                                                                                                  #
# [[12  1  2  0  2  0  6  2  2  2]                                                                                   #
#  [ 9  2  0  0  3  1  7  1  4  2]                                                                                   #
#  [ 7  0  2  0  4  1  8  1  2  4]                                                                                   #
#  [ 6  0  0  1  6  1  8  0  4  3]                                                                                   #
#  [ 7  1  1  0  4  0  8  2  5  0]                                                                                   #
#  [ 5  1  3  0  3  0  6  2  2  6]                                                                                   #
#  [ 2  1  2  0  3  2  9  3  5  2]                                                                                   #
#  [ 4  1  1  0  6  2  7  1  4  3]                                                                                   #
#  [ 6  0  2  1  2  2  9  1  2  4]                                                                                   #
#  [ 3  0  4  0  3  2 12  1  3  1]]                                                                                  #
######################################################################################################################
