######################################################################################################################
#                                            EXPERIMENTAL PROTOCOL REPORT                                            #
######################################################################################################################
# DATE      : 05-05-2026                                                                                             #
# TIME      : 22-01                                                                                                  #
# DATASET   : MNIST digits stratified                                                                                #
# CLASSIFIER: PCA + ZZFeatureMap + QNN                                                                               #
# SUBSET    : 4/5                                                                                                    #
# SPLITS    : train=921, val=231, test=288                                                                           #
# TRAINING  : epochs=50, batch_size=16, device=cpu, qnn_lr=0.0010, head_lr=0.0100                                    #
# MODEL     : num_classes=10, num_qubits=12, num_layers=1                                                            #
# TORCHINFO SUMMARY:                                                                                                 #
# =================================================================                                                  #
# Layer (type:depth-idx)                   Param #                                                                   #
# =================================================================                                                  #
# QNN_Baseline_PCA                         36                                                                        #
# ├─TorchConnector: 1-1                    36                                                                        #
# ├─Linear: 1-2                            40,970                                                                    #
# ├─LogSoftmax: 1-3                        --                                                                        #
# =================================================================                                                  #
# Total params: 41,042                                                                                               #
# Trainable params: 41,042                                                                                           #
# Non-trainable params: 0                                                                                            #
# =================================================================                                                  #
######################################################################################################################

+---------+--------+--------+--------+--------+--------+--------+--------+--------+--------+--------+
|  Epoch  | TrLoss | TrAcc  | TrPrec | TrRec  |  TrF1  | VaLoss | VaAcc  | VaPrec | VaRec  |  VaF1  |
+=========+========+========+========+========+========+========+========+========+========+========+
|  001/050| 16.5156|  0.1281|  0.1268|  0.1281|  0.1274| 21.6403|  0.1082|  0.0734|  0.1082|  0.0627|
|  002/050| 11.9080|  0.3246|  0.3249|  0.3246|  0.3246| 25.0699|  0.1039|  0.0486|  0.1039|  0.0550|
|  003/050| 10.6437|  0.4321|  0.4329|  0.4321|  0.4321| 25.4888|  0.1385|  0.2285|  0.1385|  0.1271|
|  004/050|  8.3693|  0.5168|  0.5191|  0.5168|  0.5173| 25.4476|  0.1082|  0.1418|  0.1082|  0.1142|
|  005/050|  7.9357|  0.5277|  0.5288|  0.5277|  0.5279| 31.9842|  0.1602|  0.1440|  0.1602|  0.1213|
|  006/050|  7.9413|  0.5885|  0.5891|  0.5885|  0.5886| 30.1956|  0.1342|  0.1751|  0.1342|  0.1312|
+---------+--------+--------+--------+--------+--------+--------+--------+--------+--------+--------+

######################################################################################################################
#                                                    TEST RESULTS                                                    #
######################################################################################################################
# LOSS      : 21.7187                                                                                                #
# ACCURACY  : 0.1146                                                                                                 #
# PRECISION : 0.0782                                                                                                 #
# RECALL    : 0.1146                                                                                                 #
# F1        : 0.0649                                                                                                 #
# CONFUSION MATRIX:                                                                                                  #
# [[ 1  0  0  0 23  2  2  0  0  1]                                                                                   #
#  [ 1  0  0  0 19  1  4  2  1  1]                                                                                   #
#  [ 0  0  0  0 18  1  5  1  2  2]                                                                                   #
#  [ 0  0  0  0 14  0  5  0  7  3]                                                                                   #
#  [ 0  0  0  0 21  0  2  1  4  0]                                                                                   #
#  [ 3  0  0  0 18  1  4  1  1  0]                                                                                   #
#  [ 0  0  0  0 16  1  4  1  7  0]                                                                                   #
#  [ 1  0  0  0 17  1  2  1  4  3]                                                                                   #
#  [ 0  0  0  0 19  0  2  0  5  3]                                                                                   #
#  [ 1  0  0  0 22  0  2  2  2  0]]                                                                                  #
######################################################################################################################
