######################################################################################################################
#                                            EXPERIMENTAL PROTOCOL REPORT                                            #
######################################################################################################################
# DATE      : 05-05-2026                                                                                             #
# TIME      : 22-01                                                                                                  #
# DATASET   : MNIST digits stratified                                                                                #
# CLASSIFIER: PCA + ZZFeatureMap + QNN                                                                               #
# SUBSET    : 1/5                                                                                                    #
# SPLITS    : train=921, val=231, test=288                                                                           #
# TRAINING  : epochs=50, batch_size=16, device=cpu, qnn_lr=0.0010, head_lr=0.0100                                    #
# ARCHITECT.: 16x16 grayscale -> Flatten(256) -> PCA(num_qubits) -> ZZFeatureMap(reps=1) -> VQC[RX-RY-RZ x           #
#             num_layers + brickwork CX] -> SamplerQNN -> Linear(2**num_qubits, num_classes) -> LogSoftmax           #
# MODEL     : num_classes=10, num_qubits=12, num_layers=1                                                            #
# TORCHINFO SUMMARY:                                                                                                 #
# =================================================================                                                  #
# Layer (type:depth-idx)                   Param #                                                                   #
# =================================================================                                                  #
# QNN_Baseline_PCA                         36                                                                        #
# ├─TorchConnector: 1-1                    36                                                                        #
# ├─Linear: 1-2                            40,970                                                                    #
# ├─LogSoftmax: 1-3                        --                                                                        #
# =================================================================                                                  #
# Total params: 41,042                                                                                               #
# Trainable params: 41,042                                                                                           #
# Non-trainable params: 0                                                                                            #
# =================================================================                                                  #
######################################################################################################################

+---------+--------+--------+--------+--------+--------+--------+--------+--------+--------+--------+
|  Epoch  | TrLoss | TrAcc  | TrPrec | TrRec  |  TrF1  | VaLoss | VaAcc  | VaPrec | VaRec  |  VaF1  |
+=========+========+========+========+========+========+========+========+========+========+========+
|  001/050| 19.0368|  0.1042|  0.1043|  0.1042|  0.1042| 18.0777|  0.1472|  0.1282|  0.1472|  0.1019|
|  002/050| 10.4105|  0.3377|  0.3381|  0.3377|  0.3378| 18.3163|  0.1472|  0.1192|  0.1472|  0.1208|
|  003/050| 10.1477|  0.4191|  0.4182|  0.4191|  0.4186| 20.1479|  0.2165|  0.2218|  0.2165|  0.1905|
|  004/050|  9.3282|  0.5016|  0.5020|  0.5016|  0.5016| 24.1200|  0.1688|  0.1591|  0.1688|  0.1441|
|  005/050|  9.4093|  0.5136|  0.5141|  0.5136|  0.5136| 28.6138|  0.1082|  0.1160|  0.1082|  0.0996|
|  006/050|  6.9684|  0.6015|  0.6027|  0.6015|  0.6019| 27.3662|  0.1688|  0.1731|  0.1688|  0.1623|
+---------+--------+--------+--------+--------+--------+--------+--------+--------+--------+--------+

######################################################################################################################
#                                                    TEST RESULTS                                                    #
######################################################################################################################
# LOSS      : 17.8070                                                                                                #
# ACCURACY  : 0.1250                                                                                                 #
# PRECISION : 0.1262                                                                                                 #
# RECALL    : 0.1250                                                                                                 #
# F1        : 0.0890                                                                                                 #
# CONFUSION MATRIX:                                                                                                  #
# [[16  0  0  0  4  6  0  0  0  3]                                                                                   #
#  [ 8  0  0  1  5  6  1  0  1  7]                                                                                   #
#  [11  0  0  1  4  6  3  0  1  3]                                                                                   #
#  [ 8  0  0  0  6  4  2  0  1  8]                                                                                   #
#  [ 6  0  0  0  5  4  1  0  2 10]                                                                                   #
#  [10  0  0  0  4  4  3  0  2  5]                                                                                   #
#  [ 8  0  0  0  9  7  1  0  2  2]                                                                                   #
#  [10  0  0  0  7  2  0  1  1  8]                                                                                   #
#  [ 8  1  0  1  6  5  0  0  4  4]                                                                                   #
#  [ 8  0  0  0 10  2  0  1  3  5]]                                                                                  #
######################################################################################################################
