######################################################################################################################
#                                            EXPERIMENTAL PROTOCOL REPORT                                            #
######################################################################################################################
# DATE      : 30-04-2026                                                                                             #
# TIME      : 01:44                                                                                                  #
# DATASET   : MNIST digits stratified                                                                                #
# CLASSIFIER: CNN + ZZFeatureMap + QNN                                                                               #
# SUBSET    : 3/5                                                                                                    #
# SPLITS    : train=921, val=231, test=288                                                                           #
# TRAINING  : epochs=10, batch_size=16, device=cpu, qnn_lr=0.0010, head_lr=0.0100                                    #
# MODEL     : num_classes=10, num_qubits=12, num_layers=1                                                            #
######################################################################################################################

+---------+--------+--------+--------+--------+--------+--------+--------+--------+--------+--------+
|  Epoch  | TrLoss | TrAcc  | TrPrec | TrRec  |  TrF1  | VaLoss | VaAcc  | VaPrec | VaRec  |  VaF1  |
+=========+========+========+========+========+========+========+========+========+========+========+
|  001/010| 14.8031|  0.2975|  0.3000|  0.2975|  0.2986| 10.5398|  0.3853|  0.4377|  0.3853|  0.3535|
|  002/010|  9.8410|  0.4669|  0.4673|  0.4669|  0.4670| 12.4354|  0.4372|  0.5314|  0.4372|  0.4201|
|  003/010| 10.7045|  0.5071|  0.5087|  0.5071|  0.5075| 11.1501|  0.4892|  0.5216|  0.4892|  0.4926|
|  004/010| 10.7380|  0.5266|  0.5259|  0.5266|  0.5260| 16.1580|  0.4589|  0.5514|  0.4589|  0.4468|
|  005/010| 10.6286|  0.5624|  0.5631|  0.5624|  0.5623| 14.1845|  0.4892|  0.5337|  0.4892|  0.4889|
|  006/010| 11.5949|  0.5646|  0.5644|  0.5646|  0.5643| 18.6631|  0.4459|  0.5084|  0.4459|  0.4200|
+---------+--------+--------+--------+--------+--------+--------+--------+--------+--------+--------+

######################################################################################################################
#                                                    TEST RESULTS                                                    #
######################################################################################################################
# LOSS      : 11.0513                                                                                                #
# ACCURACY  : 0.4201                                                                                                 #
# PRECISION : 0.5599                                                                                                 #
# RECALL    : 0.4201                                                                                                 #
# F1        : 0.3928                                                                                                 #
# CONFUSION MATRIX:                                                                                                  #
# [[26  0  2  0  0  1  0  0  0  0]                                                                                   #
#  [ 3 22  1  0  0  0  0  0  3  0]                                                                                   #
#  [ 8  0 17  0  0  2  2  0  0  0]                                                                                   #
#  [ 2  3  4  2  0  2  1  0 15  0]                                                                                   #
#  [ 3  0  3  0  7  1  2  0  9  3]                                                                                   #
#  [12  1  3  0  0  5  0  0  7  0]                                                                                   #
#  [ 5  0  5  0  3  2 10  0  4  0]                                                                                   #
#  [ 2  4  1  0  1  1  0  7 13  0]                                                                                   #
#  [ 2  1  6  0  0  1  1  0 18  0]                                                                                   #
#  [ 3  0  1  0  4  1  4  1  8  7]]                                                                                  #
######################################################################################################################
