######################################################################################################################
#                                            EXPERIMENTAL PROTOCOL REPORT                                            #
######################################################################################################################
# DATE      : 29-04-2026                                                                                             #
# TIME      : 14:21                                                                                                  #
# DATASET   : MNIST digits stratified                                                                                #
# CLASSIFIER: DenseBaseline                                                                                          #
# SUBSET    : 3/5                                                                                                    #
# SPLITS    : train=921, val=231, test=288                                                                           #
# TRAINING  : epochs=10, batch_size=16, lr=0.0010, device=cpu                                                        #
# MODEL     : num_classes=10                                                                                         #
######################################################################################################################

+---------+--------+--------+--------+--------+--------+--------+--------+--------+--------+--------+
|  Epoch  | TrLoss | TrAcc  | TrPrec | TrRec  |  TrF1  | VaLoss | VaAcc  | VaPrec | VaRec  |  VaF1  |
+=========+========+========+========+========+========+========+========+========+========+========+
|  001/010|  2.1197|  0.3626|  0.4059|  0.3626|  0.3185|  1.9266|  0.5455|  0.5951|  0.5455|  0.5138|
|  002/010|  1.7501|  0.6971|  0.7419|  0.6971|  0.6921|  1.6387|  0.7489|  0.7800|  0.7489|  0.7437|
|  003/010|  1.4816|  0.8002|  0.8103|  0.8002|  0.7974|  1.4259|  0.7662|  0.7901|  0.7662|  0.7642|
|  004/010|  1.2856|  0.8122|  0.8184|  0.8122|  0.8089|  1.2664|  0.8052|  0.8193|  0.8052|  0.8046|
|  005/010|  1.1350|  0.8219|  0.8261|  0.8219|  0.8200|  1.1459|  0.7922|  0.8115|  0.7922|  0.7915|
|  006/010|  1.0244|  0.8350|  0.8400|  0.8350|  0.8332|  1.0512|  0.8095|  0.8203|  0.8095|  0.8087|
|  007/010|  0.9324|  0.8350|  0.8384|  0.8350|  0.8336|  0.9775|  0.8139|  0.8231|  0.8139|  0.8126|
|  008/010|  0.8635|  0.8382|  0.8419|  0.8382|  0.8372|  0.9155|  0.8095|  0.8217|  0.8095|  0.8076|
|  009/010|  0.8075|  0.8458|  0.8482|  0.8458|  0.8447|  0.8660|  0.8052|  0.8162|  0.8052|  0.8036|
|  010/010|  0.7585|  0.8480|  0.8505|  0.8480|  0.8475|  0.8251|  0.8182|  0.8299|  0.8182|  0.8165|
+---------+--------+--------+--------+--------+--------+--------+--------+--------+--------+--------+

######################################################################################################################
#                                                    TEST RESULTS                                                    #
######################################################################################################################
# LOSS      : 0.8353                                                                                                 #
# ACCURACY  : 0.8542                                                                                                 #
# PRECISION : 0.8586                                                                                                 #
# RECALL    : 0.8542                                                                                                 #
# F1        : 0.8544                                                                                                 #
# CONFUSION MATRIX:                                                                                                  #
# [[26  0  0  0  0  1  0  0  2  0]                                                                                   #
#  [ 0 27  0  0  0  0  0  0  2  0]                                                                                   #
#  [ 0  0 27  0  0  0  0  0  1  1]                                                                                   #
#  [ 0  2  2 23  0  0  1  0  0  1]                                                                                   #
#  [ 0  0  0  1 23  0  2  1  1  0]                                                                                   #
#  [ 1  0  0  3  0 22  2  0  0  0]                                                                                   #
#  [ 0  0  1  0  0  0 28  0  0  0]                                                                                   #
#  [ 0  2  1  0  0  0  0 25  0  1]                                                                                   #
#  [ 0  0  0  2  2  0  0  0 22  3]                                                                                   #
#  [ 0  0  1  1  2  0  0  0  2 23]]                                                                                  #
######################################################################################################################
