######################################################################################################################
#                                            EXPERIMENTAL PROTOCOL REPORT                                            #
######################################################################################################################
# DATE      : 29-04-2026                                                                                             #
# TIME      : 14:21                                                                                                  #
# DATASET   : MNIST digits stratified                                                                                #
# CLASSIFIER: DenseBaseline                                                                                          #
# SUBSET    : 1/5                                                                                                    #
# SPLITS    : train=921, val=231, test=288                                                                           #
# TRAINING  : epochs=10, batch_size=16, lr=0.0010, device=cpu                                                        #
# ARCHITECT.: 16x16 grayscale -> Flatten(256) -> Linear(256, num_classes)                                            #
# MODEL     : num_classes=10                                                                                         #
######################################################################################################################

+---------+--------+--------+--------+--------+--------+--------+--------+--------+--------+--------+
|  Epoch  | TrLoss | TrAcc  | TrPrec | TrRec  |  TrF1  | VaLoss | VaAcc  | VaPrec | VaRec  |  VaF1  |
+=========+========+========+========+========+========+========+========+========+========+========+
|  001/010|  2.0987|  0.4061|  0.4879|  0.4061|  0.3605|  1.9014|  0.5931|  0.7073|  0.5931|  0.5776|
|  002/010|  1.7341|  0.7383|  0.7741|  0.7383|  0.7306|  1.6058|  0.7489|  0.8049|  0.7489|  0.7484|
|  003/010|  1.4713|  0.7915|  0.8190|  0.7915|  0.7878|  1.3910|  0.7792|  0.8153|  0.7792|  0.7776|
|  004/010|  1.2748|  0.8295|  0.8397|  0.8295|  0.8282|  1.2304|  0.7835|  0.8168|  0.7835|  0.7830|
|  005/010|  1.1287|  0.8404|  0.8534|  0.8404|  0.8387|  1.1096|  0.7922|  0.8204|  0.7922|  0.7935|
|  006/010|  1.0146|  0.8502|  0.8594|  0.8502|  0.8489|  1.0190|  0.7922|  0.8143|  0.7922|  0.7925|
|  007/010|  0.9256|  0.8545|  0.8603|  0.8545|  0.8540|  0.9465|  0.7922|  0.8120|  0.7922|  0.7934|
|  008/010|  0.8542|  0.8578|  0.8634|  0.8578|  0.8573|  0.8894|  0.8052|  0.8251|  0.8052|  0.8046|
|  009/010|  0.7961|  0.8643|  0.8685|  0.8643|  0.8637|  0.8416|  0.8052|  0.8279|  0.8052|  0.8058|
|  010/010|  0.7456|  0.8621|  0.8676|  0.8621|  0.8614|  0.8020|  0.8095|  0.8291|  0.8095|  0.8097|
+---------+--------+--------+--------+--------+--------+--------+--------+--------+--------+--------+

######################################################################################################################
#                                                    TEST RESULTS                                                    #
######################################################################################################################
# LOSS      : 0.8404                                                                                                 #
# ACCURACY  : 0.8194                                                                                                 #
# PRECISION : 0.8277                                                                                                 #
# RECALL    : 0.8194                                                                                                 #
# F1        : 0.8206                                                                                                 #
# CONFUSION MATRIX:                                                                                                  #
# [[25  0  0  0  0  0  2  0  2  0]                                                                                   #
#  [ 0 26  0  0  0  0  1  0  2  0]                                                                                   #
#  [ 1  0 20  0  1  0  2  0  5  0]                                                                                   #
#  [ 0  1  1 25  0  0  0  1  1  0]                                                                                   #
#  [ 0  0  1  0 23  0  2  0  0  2]                                                                                   #
#  [ 2  0  0  3  1 21  0  0  1  0]                                                                                   #
#  [ 1  0  2  0  0  1 24  0  1  0]                                                                                   #
#  [ 0  2  0  1  0  0  0 25  0  1]                                                                                   #
#  [ 0  0  0  2  1  0  0  1 23  2]                                                                                   #
#  [ 0  0  0  1  1  0  0  2  1 24]]                                                                                  #
######################################################################################################################
