######################################################################################################################
#                                            EXPERIMENTAL PROTOCOL REPORT                                            #
######################################################################################################################
# DATE      : 29-04-2026                                                                                             #
# TIME      : 14:21                                                                                                  #
# DATASET   : MNIST digits stratified                                                                                #
# CLASSIFIER: DenseBaseline                                                                                          #
# SUBSET    : 2/5                                                                                                    #
# SPLITS    : train=921, val=231, test=288                                                                           #
# TRAINING  : epochs=10, batch_size=16, lr=0.0010, device=cpu                                                        #
# MODEL     : num_classes=10                                                                                         #
######################################################################################################################

+---------+--------+--------+--------+--------+--------+--------+--------+--------+--------+--------+
|  Epoch  | TrLoss | TrAcc  | TrPrec | TrRec  |  TrF1  | VaLoss | VaAcc  | VaPrec | VaRec  |  VaF1  |
+=========+========+========+========+========+========+========+========+========+========+========+
|  001/010|  2.0998|  0.3616|  0.4853|  0.3616|  0.3570|  1.9012|  0.6450|  0.7045|  0.6450|  0.6350|
|  002/010|  1.7463|  0.7253|  0.7519|  0.7253|  0.7222|  1.6099|  0.7229|  0.7459|  0.7229|  0.7031|
|  003/010|  1.4858|  0.7796|  0.7845|  0.7796|  0.7756|  1.3960|  0.7662|  0.7757|  0.7662|  0.7605|
|  004/010|  1.2988|  0.7861|  0.7927|  0.7861|  0.7818|  1.2378|  0.7532|  0.7696|  0.7532|  0.7470|
|  005/010|  1.1539|  0.8056|  0.8075|  0.8056|  0.8038|  1.1214|  0.7489|  0.7657|  0.7489|  0.7418|
|  006/010|  1.0466|  0.8132|  0.8140|  0.8132|  0.8115|  1.0294|  0.7749|  0.7887|  0.7749|  0.7712|
|  007/010|  0.9594|  0.8284|  0.8317|  0.8284|  0.8278|  0.9559|  0.7879|  0.7968|  0.7879|  0.7851|
|  008/010|  0.8912|  0.8328|  0.8357|  0.8328|  0.8326|  0.8992|  0.7965|  0.8092|  0.7965|  0.7938|
|  009/010|  0.8367|  0.8382|  0.8417|  0.8382|  0.8381|  0.8493|  0.7922|  0.7970|  0.7922|  0.7901|
|  010/010|  0.7896|  0.8523|  0.8549|  0.8523|  0.8524|  0.8106|  0.8095|  0.8223|  0.8095|  0.8090|
+---------+--------+--------+--------+--------+--------+--------+--------+--------+--------+--------+

######################################################################################################################
#                                                    TEST RESULTS                                                    #
######################################################################################################################
# LOSS      : 0.8058                                                                                                 #
# ACCURACY  : 0.8403                                                                                                 #
# PRECISION : 0.8428                                                                                                 #
# RECALL    : 0.8403                                                                                                 #
# F1        : 0.8384                                                                                                 #
# CONFUSION MATRIX:                                                                                                  #
# [[26  0  0  0  0  0  1  0  2  0]                                                                                   #
#  [ 0 28  1  0  0  0  0  0  0  0]                                                                                   #
#  [ 0  0 26  1  0  0  1  0  1  0]                                                                                   #
#  [ 0  0  2 24  0  1  0  0  2  0]                                                                                   #
#  [ 0  0  0  0 25  0  1  0  1  1]                                                                                   #
#  [ 4  1  0  0  2 18  1  0  2  0]                                                                                   #
#  [ 1  2  0  0  1  0 25  0  0  0]                                                                                   #
#  [ 0  0  0  0  0  0  0 29  0  0]                                                                                   #
#  [ 0  2  0  3  0  1  0  0 20  3]                                                                                   #
#  [ 0  0  0  0  6  1  0  0  1 21]]                                                                                  #
######################################################################################################################
