######################################################################################################################
#                                            EXPERIMENTAL PROTOCOL REPORT                                            #
######################################################################################################################
# DATE      : 29-04-2026                                                                                             #
# TIME      : 14:21                                                                                                  #
# DATASET   : MNIST digits stratified                                                                                #
# CLASSIFIER: DenseBaseline                                                                                          #
# SUBSET    : 5/5                                                                                                    #
# SPLITS    : train=921, val=231, test=288                                                                           #
# TRAINING  : epochs=10, batch_size=16, lr=0.0010, device=cpu                                                        #
# MODEL     : num_classes=10                                                                                         #
######################################################################################################################

+---------+--------+--------+--------+--------+--------+--------+--------+--------+--------+--------+
|  Epoch  | TrLoss | TrAcc  | TrPrec | TrRec  |  TrF1  | VaLoss | VaAcc  | VaPrec | VaRec  |  VaF1  |
+=========+========+========+========+========+========+========+========+========+========+========+
|  001/010|  2.1302|  0.3301|  0.5298|  0.3301|  0.2873|  1.9462|  0.5455|  0.6096|  0.5455|  0.5306|
|  002/010|  1.7598|  0.6906|  0.7223|  0.6906|  0.6878|  1.6557|  0.7316|  0.7432|  0.7316|  0.7300|
|  003/010|  1.4852|  0.8024|  0.8117|  0.8024|  0.7986|  1.4439|  0.7619|  0.7733|  0.7619|  0.7631|
|  004/010|  1.2853|  0.8187|  0.8217|  0.8187|  0.8148|  1.2828|  0.7792|  0.7847|  0.7792|  0.7801|
|  005/010|  1.1368|  0.8306|  0.8357|  0.8306|  0.8282|  1.1641|  0.7922|  0.8027|  0.7922|  0.7941|
|  006/010|  1.0255|  0.8306|  0.8328|  0.8306|  0.8277|  1.0724|  0.8139|  0.8200|  0.8139|  0.8151|
|  007/010|  0.9359|  0.8436|  0.8470|  0.8436|  0.8422|  0.9979|  0.8139|  0.8228|  0.8139|  0.8158|
|  008/010|  0.8650|  0.8458|  0.8492|  0.8458|  0.8441|  0.9373|  0.8225|  0.8278|  0.8225|  0.8237|
|  009/010|  0.8071|  0.8534|  0.8571|  0.8534|  0.8523|  0.8867|  0.8398|  0.8452|  0.8398|  0.8409|
|  010/010|  0.7605|  0.8578|  0.8613|  0.8578|  0.8567|  0.8450|  0.8398|  0.8454|  0.8398|  0.8408|
+---------+--------+--------+--------+--------+--------+--------+--------+--------+--------+--------+

######################################################################################################################
#                                                    TEST RESULTS                                                    #
######################################################################################################################
# LOSS      : 0.7484                                                                                                 #
# ACCURACY  : 0.8750                                                                                                 #
# PRECISION : 0.8783                                                                                                 #
# RECALL    : 0.8750                                                                                                 #
# F1        : 0.8723                                                                                                 #
# CONFUSION MATRIX:                                                                                                  #
# [[26  0  0  0  1  0  1  0  1  0]                                                                                   #
#  [ 0 28  0  0  0  0  0  0  1  0]                                                                                   #
#  [ 0  0 28  0  0  0  0  0  1  0]                                                                                   #
#  [ 0  1  1 25  0  1  1  0  0  0]                                                                                   #
#  [ 0  0  0  0 23  0  0  1  0  4]                                                                                   #
#  [ 2  0  0  4  1 17  0  0  3  1]                                                                                   #
#  [ 0  0  1  0  0  0 28  0  0  0]                                                                                   #
#  [ 0  1  0  1  0  0  0 27  0  0]                                                                                   #
#  [ 0  1  0  0  0  0  0  0 27  1]                                                                                   #
#  [ 0  0  1  1  3  0  0  1  0 23]]                                                                                  #
######################################################################################################################
