######################################################################################################################
#                                            EXPERIMENTAL PROTOCOL REPORT                                            #
######################################################################################################################
# DATE      : 05-05-2026                                                                                             #
# TIME      : 10-40                                                                                                  #
# DATASET   : MNIST digits stratified                                                                                #
# CLASSIFIER: DenseBaseline                                                                                          #
# SUBSET    : 1/5                                                                                                    #
# SPLITS    : train=921, val=231, test=288                                                                           #
# TRAINING  : epochs=50, batch_size=16, lr=0.0010, device=cpu                                                        #
# ARCHITECT.: 16x16 grayscale -> Flatten(256) -> Linear(256, num_classes)                                            #
# MODEL     : num_classes=10                                                                                         #
# TORCHINFO SUMMARY:                                                                                                 #
# =================================================================                                                  #
# Layer (type:depth-idx)                   Param #                                                                   #
# =================================================================                                                  #
# DenseBaseline                            --                                                                        #
# ├─Flatten: 1-1                           --                                                                        #
# ├─Linear: 1-2                            2,570                                                                     #
# =================================================================                                                  #
# Total params: 2,570                                                                                                #
# Trainable params: 2,570                                                                                            #
# Non-trainable params: 0                                                                                            #
# =================================================================                                                  #
######################################################################################################################

+---------+--------+--------+--------+--------+--------+--------+--------+--------+--------+--------+
|  Epoch  | TrLoss | TrAcc  | TrPrec | TrRec  |  TrF1  | VaLoss | VaAcc  | VaPrec | VaRec  |  VaF1  |
+=========+========+========+========+========+========+========+========+========+========+========+
|  001/050|  2.0580|  0.4539|  0.5842|  0.4539|  0.4544|  1.8637|  0.6320|  0.7511|  0.6320|  0.6306|
|  002/050|  1.7037|  0.7134|  0.7499|  0.7134|  0.7043|  1.5684|  0.7792|  0.7958|  0.7792|  0.7756|
|  003/050|  1.4415|  0.8024|  0.8163|  0.8024|  0.7991|  1.3567|  0.7835|  0.8056|  0.7835|  0.7793|
|  004/050|  1.2499|  0.8111|  0.8243|  0.8111|  0.8071|  1.1985|  0.7879|  0.8085|  0.7879|  0.7865|
|  005/050|  1.1076|  0.8415|  0.8494|  0.8415|  0.8403|  1.0824|  0.7879|  0.8106|  0.7879|  0.7877|
|  006/050|  0.9941|  0.8360|  0.8440|  0.8360|  0.8344|  0.9940|  0.7835|  0.7995|  0.7835|  0.7825|
|  007/050|  0.9085|  0.8534|  0.8589|  0.8534|  0.8527|  0.9238|  0.7965|  0.8156|  0.7965|  0.7962|
|  008/050|  0.8389|  0.8556|  0.8616|  0.8556|  0.8546|  0.8684|  0.8009|  0.8134|  0.8009|  0.8002|
|  009/050|  0.7834|  0.8588|  0.8639|  0.8588|  0.8582|  0.8233|  0.8139|  0.8311|  0.8139|  0.8143|
|  010/050|  0.7343|  0.8708|  0.8758|  0.8708|  0.8705|  0.7841|  0.8355|  0.8469|  0.8355|  0.8362|
|  011/050|  0.6937|  0.8686|  0.8721|  0.8686|  0.8682|  0.7519|  0.8268|  0.8402|  0.8268|  0.8276|
|  012/050|  0.6574|  0.8751|  0.8782|  0.8751|  0.8746|  0.7234|  0.8268|  0.8402|  0.8268|  0.8276|
|  013/050|  0.6247|  0.8773|  0.8812|  0.8773|  0.8770|  0.6992|  0.8355|  0.8469|  0.8355|  0.8369|
|  014/050|  0.5968|  0.8806|  0.8834|  0.8806|  0.8801|  0.6788|  0.8355|  0.8469|  0.8355|  0.8369|
|  015/050|  0.5729|  0.8871|  0.8894|  0.8871|  0.8869|  0.6598|  0.8442|  0.8532|  0.8442|  0.8452|
|  016/050|  0.5549|  0.8914|  0.8941|  0.8914|  0.8914|  0.6422|  0.8442|  0.8535|  0.8442|  0.8451|
|  017/050|  0.5349|  0.8914|  0.8930|  0.8914|  0.8911|  0.6274|  0.8485|  0.8597|  0.8485|  0.8498|
|  018/050|  0.5158|  0.8958|  0.8981|  0.8958|  0.8956|  0.6153|  0.8571|  0.8668|  0.8571|  0.8591|
|  019/050|  0.4979|  0.9001|  0.9014|  0.9001|  0.9001|  0.6020|  0.8571|  0.8665|  0.8571|  0.8585|
|  020/050|  0.4856|  0.8969|  0.8989|  0.8969|  0.8967|  0.5907|  0.8485|  0.8563|  0.8485|  0.8487|
|  021/050|  0.4683|  0.9001|  0.9015|  0.9001|  0.9001|  0.5799|  0.8528|  0.8600|  0.8528|  0.8544|
|  022/050|  0.4559|  0.9088|  0.9107|  0.9088|  0.9088|  0.5700|  0.8701|  0.8769|  0.8701|  0.8715|
|  023/050|  0.4444|  0.9077|  0.9084|  0.9077|  0.9076|  0.5611|  0.8658|  0.8735|  0.8658|  0.8672|
|  024/050|  0.4331|  0.9121|  0.9133|  0.9121|  0.9120|  0.5543|  0.8658|  0.8735|  0.8658|  0.8672|
|  025/050|  0.4215|  0.9110|  0.9126|  0.9110|  0.9109|  0.5480|  0.8658|  0.8735|  0.8658|  0.8672|
|  026/050|  0.4114|  0.9110|  0.9124|  0.9110|  0.9109|  0.5397|  0.8658|  0.8723|  0.8658|  0.8672|
|  027/050|  0.4039|  0.9153|  0.9161|  0.9153|  0.9152|  0.5343|  0.8701|  0.8789|  0.8701|  0.8717|
|  028/050|  0.3956|  0.9197|  0.9208|  0.9197|  0.9197|  0.5282|  0.8658|  0.8735|  0.8658|  0.8672|
|  029/050|  0.3896|  0.9207|  0.9215|  0.9207|  0.9207|  0.5223|  0.8788|  0.8858|  0.8788|  0.8799|
|  030/050|  0.3773|  0.9186|  0.9197|  0.9186|  0.9185|  0.5174|  0.8615|  0.8705|  0.8615|  0.8632|
|  031/050|  0.3687|  0.9240|  0.9249|  0.9240|  0.9239|  0.5123|  0.8615|  0.8691|  0.8615|  0.8631|
|  032/050|  0.3638|  0.9229|  0.9236|  0.9229|  0.9227|  0.5081|  0.8658|  0.8744|  0.8658|  0.8674|
|  033/050|  0.3586|  0.9273|  0.9277|  0.9273|  0.9272|  0.5031|  0.8701|  0.8793|  0.8701|  0.8718|
|  034/050|  0.3494|  0.9283|  0.9287|  0.9283|  0.9282|  0.5006|  0.8701|  0.8793|  0.8701|  0.8718|
|  035/050|  0.3431|  0.9305|  0.9310|  0.9305|  0.9304|  0.4954|  0.8658|  0.8744|  0.8658|  0.8674|
|  036/050|  0.3361|  0.9305|  0.9311|  0.9305|  0.9304|  0.4936|  0.8701|  0.8798|  0.8701|  0.8715|
|  037/050|  0.3298|  0.9305|  0.9309|  0.9305|  0.9303|  0.4895|  0.8745|  0.8820|  0.8745|  0.8759|
|  038/050|  0.3266|  0.9316|  0.9319|  0.9316|  0.9315|  0.4870|  0.8701|  0.8779|  0.8701|  0.8715|
|  039/050|  0.3235|  0.9338|  0.9340|  0.9338|  0.9336|  0.4827|  0.8701|  0.8773|  0.8701|  0.8715|
|  040/050|  0.3161|  0.9370|  0.9375|  0.9370|  0.9370|  0.4826|  0.8701|  0.8792|  0.8701|  0.8719|
|  041/050|  0.3097|  0.9370|  0.9373|  0.9370|  0.9369|  0.4793|  0.8701|  0.8779|  0.8701|  0.8715|
|  042/050|  0.3046|  0.9392|  0.9396|  0.9392|  0.9391|  0.4766|  0.8701|  0.8779|  0.8701|  0.8715|
|  043/050|  0.3006|  0.9425|  0.9426|  0.9425|  0.9423|  0.4734|  0.8745|  0.8821|  0.8745|  0.8757|
|  044/050|  0.2964|  0.9392|  0.9395|  0.9392|  0.9391|  0.4722|  0.8745|  0.8831|  0.8745|  0.8756|
|  045/050|  0.2911|  0.9414|  0.9419|  0.9414|  0.9414|  0.4685|  0.8788|  0.8866|  0.8788|  0.8801|
|  046/050|  0.2859|  0.9446|  0.9448|  0.9446|  0.9445|  0.4664|  0.8788|  0.8866|  0.8788|  0.8801|
|  047/050|  0.2827|  0.9501|  0.9503|  0.9501|  0.9500|  0.4657|  0.8745|  0.8824|  0.8745|  0.8759|
|  048/050|  0.2799|  0.9479|  0.9481|  0.9479|  0.9479|  0.4654|  0.8701|  0.8773|  0.8701|  0.8711|
|  049/050|  0.2752|  0.9457|  0.9457|  0.9457|  0.9456|  0.4615|  0.8788|  0.8866|  0.8788|  0.8801|
|  050/050|  0.2706|  0.9501|  0.9504|  0.9501|  0.9500|  0.4620|  0.8745|  0.8815|  0.8745|  0.8753|
+---------+--------+--------+--------+--------+--------+--------+--------+--------+--------+--------+

######################################################################################################################
#                                                    TEST RESULTS                                                    #
######################################################################################################################
# LOSS      : 0.4534                                                                                                 #
# ACCURACY  : 0.8681                                                                                                 #
# PRECISION : 0.8740                                                                                                 #
# RECALL    : 0.8681                                                                                                 #
# F1        : 0.8691                                                                                                 #
# CONFUSION MATRIX:                                                                                                  #
# [[25  0  0  1  0  0  1  0  1  1]                                                                                   #
#  [ 0 26  0  0  0  0  1  0  2  0]                                                                                   #
#  [ 0  0 24  1  0  0  0  1  3  0]                                                                                   #
#  [ 1  0  0 26  0  0  0  0  0  2]                                                                                   #
#  [ 0  0  1  0 23  0  1  0  0  3]                                                                                   #
#  [ 2  0  0  1  0 24  0  0  1  0]                                                                                   #
#  [ 2  0  1  0  1  1 24  0  0  0]                                                                                   #
#  [ 0  1  0  1  0  0  0 26  0  1]                                                                                   #
#  [ 0  0  0  0  2  0  0  0 25  2]                                                                                   #
#  [ 0  0  0  0  0  1  0  1  0 27]]                                                                                  #
######################################################################################################################
