######################################################################################################################
#                                            EXPERIMENTAL PROTOCOL REPORT                                            #
######################################################################################################################
# DATE      : 29-04-2026                                                                                             #
# TIME      : 19:26                                                                                                  #
# DATASET   : MNIST digits stratified                                                                                #
# CLASSIFIER: PCA + ZZFeatureMap + QNN                                                                               #
# SUBSET    : 2/5                                                                                                    #
# SPLITS    : train=921, val=231, test=288                                                                           #
# TRAINING  : epochs=10, batch_size=16, device=cpu, qnn_lr=0.0010, head_lr=0.0100                                    #
# MODEL     : num_classes=10, num_qubits=12, num_layers=1                                                            #
######################################################################################################################

+---------+--------+--------+--------+--------+--------+--------+--------+--------+--------+--------+
|  Epoch  | TrLoss | TrAcc  | TrPrec | TrRec  |  TrF1  | VaLoss | VaAcc  | VaPrec | VaRec  |  VaF1  |
+=========+========+========+========+========+========+========+========+========+========+========+
|  001/010| 20.4980|  0.1053|  0.1049|  0.1053|  0.1051| 16.0077|  0.1429|  0.1151|  0.1429|  0.1190|
|  002/010| 11.4142|  0.2953|  0.2955|  0.2953|  0.2953| 22.5503|  0.1126|  0.0905|  0.1126|  0.0735|
|  003/010|  9.6712|  0.4061|  0.4065|  0.4061|  0.4061| 21.7275|  0.1385|  0.1477|  0.1385|  0.1185|
|  004/010|  9.6094|  0.4473|  0.4480|  0.4473|  0.4475| 27.5316|  0.1645|  0.1709|  0.1645|  0.1473|
|  005/010|  9.0776|  0.5081|  0.5088|  0.5081|  0.5082| 28.1117|  0.1515|  0.1402|  0.1515|  0.1279|
|  006/010|  9.1326|  0.5440|  0.5443|  0.5440|  0.5439| 29.9733|  0.1169|  0.1134|  0.1169|  0.1060|
+---------+--------+--------+--------+--------+--------+--------+--------+--------+--------+--------+

######################################################################################################################
#                                                    TEST RESULTS                                                    #
######################################################################################################################
# LOSS      : 17.1454                                                                                                #
# ACCURACY  : 0.0903                                                                                                 #
# PRECISION : 0.0980                                                                                                 #
# RECALL    : 0.0903                                                                                                 #
# F1        : 0.0700                                                                                                 #
# CONFUSION MATRIX:                                                                                                  #
# [[ 6  0  1  6  2  2  3  2  7  0]                                                                                   #
#  [ 3  1  0  3  1  3  6  1 11  0]                                                                                   #
#  [ 6  0  0  3  0  6  4  0  9  1]                                                                                   #
#  [ 4  0  0  3  0  4  2  0 16  0]                                                                                   #
#  [ 6  0  0  1  3  5  4  0  9  0]                                                                                   #
#  [ 4  1  1  4  0  2  4  0 12  0]                                                                                   #
#  [ 3  0  0  7  0  5  1  2 11  0]                                                                                   #
#  [ 1  0  0  6  2  5  2  0 13  0]                                                                                   #
#  [ 8  0  0  5  3  2  0  1 10  0]                                                                                   #
#  [ 5  1  0  5  0  6  5  1  6  0]]                                                                                  #
######################################################################################################################
