######################################################################################################################
#                                            EXPERIMENTAL PROTOCOL REPORT                                            #
######################################################################################################################
# DATE      : 29-04-2026                                                                                             #
# TIME      : 19:26                                                                                                  #
# DATASET   : MNIST digits stratified                                                                                #
# CLASSIFIER: PCA + ZZFeatureMap + QNN                                                                               #
# SUBSET    : 5/5                                                                                                    #
# SPLITS    : train=921, val=231, test=288                                                                           #
# TRAINING  : epochs=10, batch_size=16, device=cpu, qnn_lr=0.0010, head_lr=0.0100                                    #
# MODEL     : num_classes=10, num_qubits=12, num_layers=1                                                            #
######################################################################################################################

+---------+--------+--------+--------+--------+--------+--------+--------+--------+--------+--------+
|  Epoch  | TrLoss | TrAcc  | TrPrec | TrRec  |  TrF1  | VaLoss | VaAcc  | VaPrec | VaRec  |  VaF1  |
+=========+========+========+========+========+========+========+========+========+========+========+
|  001/010| 20.4994|  0.1162|  0.1165|  0.1162|  0.1163| 17.8313|  0.1645|  0.1510|  0.1645|  0.1255|
|  002/010|  9.3609|  0.3746|  0.3746|  0.3746|  0.3741| 25.0173|  0.1299|  0.1353|  0.1299|  0.0977|
|  003/010|  9.1276|  0.4560|  0.4584|  0.4560|  0.4565| 22.6090|  0.1385|  0.1417|  0.1385|  0.1245|
|  004/010|  8.2207|  0.5125|  0.5122|  0.5125|  0.5122| 22.0296|  0.1818|  0.2193|  0.1818|  0.1765|
|  005/010|  6.7747|  0.6080|  0.6085|  0.6080|  0.6081| 29.5552|  0.1688|  0.2260|  0.1688|  0.1400|
|  006/010|  7.2794|  0.6059|  0.6060|  0.6059|  0.6056| 32.1587|  0.1429|  0.2013|  0.1429|  0.1151|
+---------+--------+--------+--------+--------+--------+--------+--------+--------+--------+--------+

######################################################################################################################
#                                                    TEST RESULTS                                                    #
######################################################################################################################
# LOSS      : 18.7498                                                                                                #
# ACCURACY  : 0.1215                                                                                                 #
# PRECISION : 0.1449                                                                                                 #
# RECALL    : 0.1215                                                                                                 #
# F1        : 0.0963                                                                                                 #
# CONFUSION MATRIX:                                                                                                  #
# [[ 0  1  1  7  0 15  1  2  1  1]                                                                                   #
#  [ 0  2  2  5  0 13  2  4  0  1]                                                                                   #
#  [ 0  0  2  9  0 15  2  1  0  0]                                                                                   #
#  [ 0  0  1  7  0 15  0  3  1  2]                                                                                   #
#  [ 0  0  2  3  0 16  0  3  2  2]                                                                                   #
#  [ 0  0  0  9  0 14  1  0  0  4]                                                                                   #
#  [ 0  0  2  5  0 17  2  0  1  2]                                                                                   #
#  [ 0  1  2  8  0 14  0  3  0  1]                                                                                   #
#  [ 0  0  2  2  0 16  1  3  1  4]                                                                                   #
#  [ 0  1  1  6  0 14  1  2  0  4]]                                                                                  #
######################################################################################################################
