######################################################################################################################
#                                            EXPERIMENTAL PROTOCOL REPORT                                            #
######################################################################################################################
# DATE      : 29-04-2026                                                                                             #
# TIME      : 19:26                                                                                                  #
# DATASET   : MNIST digits stratified                                                                                #
# CLASSIFIER: PCA + ZZFeatureMap + QNN                                                                               #
# SUBSET    : 3/5                                                                                                    #
# SPLITS    : train=921, val=231, test=288                                                                           #
# TRAINING  : epochs=10, batch_size=16, device=cpu, qnn_lr=0.0010, head_lr=0.0100                                    #
# MODEL     : num_classes=10, num_qubits=12, num_layers=1                                                            #
######################################################################################################################

+---------+--------+--------+--------+--------+--------+--------+--------+--------+--------+--------+
|  Epoch  | TrLoss | TrAcc  | TrPrec | TrRec  |  TrF1  | VaLoss | VaAcc  | VaPrec | VaRec  |  VaF1  |
+=========+========+========+========+========+========+========+========+========+========+========+
|  001/010| 16.2136|  0.1303|  0.1299|  0.1303|  0.1300| 17.4706|  0.1342|  0.1738|  0.1342|  0.1175|
|  002/010| 10.2881|  0.3800|  0.3800|  0.3800|  0.3798| 20.7137|  0.1429|  0.1073|  0.1429|  0.1173|
|  003/010|  9.0259|  0.4615|  0.4620|  0.4615|  0.4613| 26.8080|  0.1645|  0.2302|  0.1645|  0.1288|
|  004/010|  8.4691|  0.5288|  0.5303|  0.5288|  0.5289| 25.3185|  0.1385|  0.1094|  0.1385|  0.1173|
|  005/010|  7.5974|  0.5841|  0.5844|  0.5841|  0.5838| 26.0501|  0.1775|  0.2545|  0.1775|  0.1817|
|  006/010|  7.2852|  0.6004|  0.6011|  0.6004|  0.6004| 34.4695|  0.1645|  0.2769|  0.1645|  0.1497|
+---------+--------+--------+--------+--------+--------+--------+--------+--------+--------+--------+

######################################################################################################################
#                                                    TEST RESULTS                                                    #
######################################################################################################################
# LOSS      : 17.4950                                                                                                #
# ACCURACY  : 0.1632                                                                                                 #
# PRECISION : 0.1596                                                                                                 #
# RECALL    : 0.1632                                                                                                 #
# F1        : 0.1388                                                                                                 #
# CONFUSION MATRIX:                                                                                                  #
# [[14  1  3  4  1  0  0  5  0  1]                                                                                   #
#  [ 7  9  1  5  0  1  0  4  1  1]                                                                                   #
#  [ 9  3  1  1  1  4  0  5  4  1]                                                                                   #
#  [ 9  2  1  7  1  4  0  3  2  0]                                                                                   #
#  [ 7  3  2  6  2  2  0  5  1  0]                                                                                   #
#  [ 8  3  0  3  1  5  0  5  2  1]                                                                                   #
#  [12  1  2  8  0  1  0  3  2  0]                                                                                   #
#  [11  2  2  7  1  1  0  5  0  0]                                                                                   #
#  [ 7  3  0  8  0  4  0  4  3  0]                                                                                   #
#  [11  2  2  6  3  0  0  4  0  1]]                                                                                  #
######################################################################################################################
