######################################################################################################################
#                                            EXPERIMENTAL PROTOCOL REPORT                                            #
######################################################################################################################
# DATE      : 07-05-2026                                                                                             #
# TIME      : 01-41                                                                                                  #
# DATASET   : MNIST digits stratified                                                                                #
# CLASSIFIER: NEQR + QNN + Dense                                                                                     #
# SUBSET    : 4/5                                                                                                    #
# SPLITS    : train=921, val=231, test=288                                                                           #
# TRAINING  : epochs=50, batch_size=16, device=cpu, qnn_lr=0.0010, head_lr=0.0100                                    #
# MODEL     : num_classes=10, num_qubits=9, num_layers=5                                                             #
# TORCHINFO SUMMARY:                                                                                                 #
# =================================================================                                                  #
# Layer (type:depth-idx)                   Param #                                                                   #
# =================================================================                                                  #
# Sequential                               --                                                                        #
# ├─VQCLayer: 1-1                          135                                                                       #
# ├─Linear: 1-2                            5,130                                                                     #
# ├─LogSoftmax: 1-3                        --                                                                        #
# =================================================================                                                  #
# Total params: 5,265                                                                                                #
# Trainable params: 5,265                                                                                            #
# Non-trainable params: 0                                                                                            #
# =================================================================                                                  #
######################################################################################################################

+---------+--------+--------+--------+--------+--------+--------+--------+--------+--------+--------+
|  Epoch  | TrLoss | TrAcc  | TrPrec | TrRec  |  TrF1  | VaLoss | VaAcc  | VaPrec | VaRec  |  VaF1  |
+=========+========+========+========+========+========+========+========+========+========+========+
|  001/050|  1.7843|  0.5157|  0.5147|  0.5157|  0.5148|  0.7212|  0.7576|  0.7839|  0.7576|  0.7539|
|  002/050|  0.6321|  0.7904|  0.7915|  0.7904|  0.7909|  1.2238|  0.6926|  0.7843|  0.6926|  0.6668|
|  003/050|  0.5644|  0.8284|  0.8282|  0.8284|  0.8281|  0.9868|  0.7576|  0.8034|  0.7576|  0.7448|
|  004/050|  0.4724|  0.8491|  0.8495|  0.8491|  0.8492|  1.0125|  0.7446|  0.8126|  0.7446|  0.7291|
|  005/050|  0.4456|  0.8610|  0.8603|  0.8610|  0.8605|  0.9326|  0.7662|  0.8017|  0.7662|  0.7589|
|  006/050|  0.5829|  0.8426|  0.8413|  0.8426|  0.8417|  1.0578|  0.7619|  0.7910|  0.7619|  0.7596|
+---------+--------+--------+--------+--------+--------+--------+--------+--------+--------+--------+

######################################################################################################################
#                                                    TEST RESULTS                                                    #
######################################################################################################################
# LOSS      : 0.7461                                                                                                 #
# ACCURACY  : 0.7465                                                                                                 #
# PRECISION : 0.7872                                                                                                 #
# RECALL    : 0.7465                                                                                                 #
# F1        : 0.7439                                                                                                 #
# CONFUSION MATRIX:                                                                                                  #
# [[28  0  0  0  0  0  0  0  1  0]                                                                                   #
#  [ 0 28  0  0  0  0  1  0  0  0]                                                                                   #
#  [ 5  0 20  1  2  0  1  0  0  0]                                                                                   #
#  [ 4  0  0 21  0  3  0  0  1  0]                                                                                   #
#  [ 1  0  0  0 25  0  1  0  1  0]                                                                                   #
#  [ 1  1  1  1  1 20  1  0  2  0]                                                                                   #
#  [ 0  1  0  0  2  1 25  0  0  0]                                                                                   #
#  [ 2  1  0  0  4  0  1 16  2  3]                                                                                   #
#  [ 1  1  0  2  3  1  0  1 20  0]                                                                                   #
#  [ 0  1  0  0 14  0  0  0  2 12]]                                                                                  #
######################################################################################################################
