######################################################################################################################
#                                            EXPERIMENTAL PROTOCOL REPORT                                            #
######################################################################################################################
# DATE      : 07-05-2026                                                                                             #
# TIME      : 01-41                                                                                                  #
# DATASET   : MNIST digits stratified                                                                                #
# CLASSIFIER: NEQR + QNN + Dense                                                                                     #
# SUBSET    : 1/5                                                                                                    #
# SPLITS    : train=921, val=231, test=288                                                                           #
# TRAINING  : epochs=50, batch_size=16, device=cpu, qnn_lr=0.0010, head_lr=0.0100                                    #
# ARCHITECT.: GEQIE/NEQR-encoded circuits -> VQCLayer(num_qubits, num_layers=5) -> Linear(2**num_qubits,             #
#             num_classes) -> LogSoftmax                                                                             #
# MODEL     : num_classes=10, num_qubits=9, num_layers=5                                                             #
# TORCHINFO SUMMARY:                                                                                                 #
# =================================================================                                                  #
# Layer (type:depth-idx)                   Param #                                                                   #
# =================================================================                                                  #
# Sequential                               --                                                                        #
# ├─VQCLayer: 1-1                          135                                                                       #
# ├─Linear: 1-2                            5,130                                                                     #
# ├─LogSoftmax: 1-3                        --                                                                        #
# =================================================================                                                  #
# Total params: 5,265                                                                                                #
# Trainable params: 5,265                                                                                            #
# Non-trainable params: 0                                                                                            #
# =================================================================                                                  #
######################################################################################################################

+---------+--------+--------+--------+--------+--------+--------+--------+--------+--------+--------+
|  Epoch  | TrLoss | TrAcc  | TrPrec | TrRec  |  TrF1  | VaLoss | VaAcc  | VaPrec | VaRec  |  VaF1  |
+=========+========+========+========+========+========+========+========+========+========+========+
|  001/050|  1.7777|  0.5244|  0.5230|  0.5244|  0.5229|  0.9547|  0.6753|  0.7227|  0.6753|  0.6529|
|  002/050|  0.5913|  0.8089|  0.8096|  0.8089|  0.8090|  0.8638|  0.7316|  0.7954|  0.7316|  0.7280|
|  003/050|  0.4807|  0.8436|  0.8442|  0.8436|  0.8436|  1.1249|  0.7229|  0.7979|  0.7229|  0.7062|
|  004/050|  0.3944|  0.8643|  0.8653|  0.8643|  0.8645|  0.7897|  0.7749|  0.8144|  0.7749|  0.7733|
|  005/050|  0.3524|  0.8871|  0.8868|  0.8871|  0.8868|  0.7935|  0.7619|  0.7739|  0.7619|  0.7593|
|  006/050|  0.5409|  0.8371|  0.8376|  0.8371|  0.8371|  0.7528|  0.7792|  0.8085|  0.7792|  0.7758|
|  007/050|  0.2558|  0.9186|  0.9187|  0.9186|  0.9186|  0.9037|  0.8052|  0.8108|  0.8052|  0.8007|
|  008/050|  0.2944|  0.9055|  0.9064|  0.9055|  0.9058|  0.9235|  0.7749|  0.8228|  0.7749|  0.7698|
|  009/050|  0.3678|  0.9012|  0.9010|  0.9012|  0.9008|  1.6797|  0.6970|  0.7928|  0.6970|  0.6629|
|  010/050|  0.3364|  0.8969|  0.8974|  0.8969|  0.8970|  1.3900|  0.7316|  0.8132|  0.7316|  0.7356|
|  011/050|  0.3342|  0.9023|  0.9025|  0.9023|  0.9022|  0.9858|  0.7749|  0.7891|  0.7749|  0.7764|
+---------+--------+--------+--------+--------+--------+--------+--------+--------+--------+--------+

######################################################################################################################
#                                                    TEST RESULTS                                                    #
######################################################################################################################
# LOSS      : 1.0565                                                                                                 #
# ACCURACY  : 0.7674                                                                                                 #
# PRECISION : 0.7943                                                                                                 #
# RECALL    : 0.7674                                                                                                 #
# F1        : 0.7661                                                                                                 #
# CONFUSION MATRIX:                                                                                                  #
# [[26  0  1  0  0  2  0  0  0  0]                                                                                   #
#  [ 0 27  2  0  0  0  0  0  0  0]                                                                                   #
#  [ 2  1 24  2  0  0  0  0  0  0]                                                                                   #
#  [ 1  0  0 24  0  1  0  1  1  1]                                                                                   #
#  [ 0  1  6  0 15  0  0  0  1  5]                                                                                   #
#  [ 2  0  2  5  0 18  0  0  1  0]                                                                                   #
#  [ 3  0  3  0  1  1 18  0  1  2]                                                                                   #
#  [ 0  1  0  2  0  0  0 20  1  5]                                                                                   #
#  [ 0  0  2  0  0  1  0  1 23  2]                                                                                   #
#  [ 0  0  0  0  2  0  0  0  1 26]]                                                                                  #
######################################################################################################################
