######################################################################################################################
#                                            EXPERIMENTAL PROTOCOL REPORT                                            #
######################################################################################################################
# DATE      : 07-05-2026                                                                                             #
# TIME      : 01-41                                                                                                  #
# DATASET   : MNIST digits stratified                                                                                #
# CLASSIFIER: NEQR + QNN + Dense                                                                                     #
# SUBSET    : 5/5                                                                                                    #
# SPLITS    : train=921, val=231, test=288                                                                           #
# TRAINING  : epochs=50, batch_size=16, device=cpu, qnn_lr=0.0010, head_lr=0.0100                                    #
# MODEL     : num_classes=10, num_qubits=9, num_layers=5                                                             #
# TORCHINFO SUMMARY:                                                                                                 #
# =================================================================                                                  #
# Layer (type:depth-idx)                   Param #                                                                   #
# =================================================================                                                  #
# Sequential                               --                                                                        #
# ├─VQCLayer: 1-1                          135                                                                       #
# ├─Linear: 1-2                            5,130                                                                     #
# ├─LogSoftmax: 1-3                        --                                                                        #
# =================================================================                                                  #
# Total params: 5,265                                                                                                #
# Trainable params: 5,265                                                                                            #
# Non-trainable params: 0                                                                                            #
# =================================================================                                                  #
######################################################################################################################

+---------+--------+--------+--------+--------+--------+--------+--------+--------+--------+--------+
|  Epoch  | TrLoss | TrAcc  | TrPrec | TrRec  |  TrF1  | VaLoss | VaAcc  | VaPrec | VaRec  |  VaF1  |
+=========+========+========+========+========+========+========+========+========+========+========+
|  001/050|  1.7536|  0.5516|  0.5517|  0.5516|  0.5512|  0.9651|  0.6537|  0.7223|  0.6537|  0.6413|
|  002/050|  0.6550|  0.8046|  0.8042|  0.8046|  0.8040|  1.4042|  0.6190|  0.8053|  0.6190|  0.6011|
|  003/050|  0.6012|  0.8056|  0.8047|  0.8056|  0.8049|  0.9250|  0.7229|  0.8146|  0.7229|  0.7238|
|  004/050|  0.4897|  0.8328|  0.8339|  0.8328|  0.8331|  1.2354|  0.6580|  0.7104|  0.6580|  0.6439|
|  005/050|  0.5321|  0.8458|  0.8454|  0.8458|  0.8450|  1.1512|  0.6840|  0.7580|  0.6840|  0.6853|
|  006/050|  0.3439|  0.8958|  0.8957|  0.8958|  0.8956|  0.9164|  0.7619|  0.7994|  0.7619|  0.7648|
|  007/050|  0.2985|  0.8893|  0.8903|  0.8893|  0.8895|  1.1188|  0.7359|  0.7748|  0.7359|  0.7391|
|  008/050|  0.4571|  0.8534|  0.8532|  0.8534|  0.8532|  1.0184|  0.7619|  0.7778|  0.7619|  0.7604|
|  009/050|  0.3729|  0.8784|  0.8795|  0.8784|  0.8787|  1.2811|  0.7532|  0.7980|  0.7532|  0.7404|
|  010/050|  0.3753|  0.8882|  0.8877|  0.8882|  0.8877|  1.0940|  0.7532|  0.7847|  0.7532|  0.7520|
|  011/050|  0.3291|  0.9066|  0.9066|  0.9066|  0.9064|  1.2563|  0.7273|  0.7673|  0.7273|  0.7347|
+---------+--------+--------+--------+--------+--------+--------+--------+--------+--------+--------+

######################################################################################################################
#                                                    TEST RESULTS                                                    #
######################################################################################################################
# LOSS      : 1.0188                                                                                                 #
# ACCURACY  : 0.7812                                                                                                 #
# PRECISION : 0.8003                                                                                                 #
# RECALL    : 0.7812                                                                                                 #
# F1        : 0.7797                                                                                                 #
# CONFUSION MATRIX:                                                                                                  #
# [[27  0  0  0  0  1  0  0  1  0]                                                                                   #
#  [ 0 24  1  1  0  0  0  0  3  0]                                                                                   #
#  [ 1  0 27  0  0  0  0  0  1  0]                                                                                   #
#  [ 1  0  0 26  0  0  0  1  1  0]                                                                                   #
#  [ 4  0  0  1 14  0  1  3  1  4]                                                                                   #
#  [ 1  0  0  6  0 16  1  1  3  0]                                                                                   #
#  [ 2  0  0  0  0  2 24  0  0  1]                                                                                   #
#  [ 0  0  0  3  0  0  0 23  0  3]                                                                                   #
#  [ 2  0  0  3  1  0  0  0 23  0]                                                                                   #
#  [ 0  0  0  2  3  0  0  2  1 21]]                                                                                  #
######################################################################################################################
