######################################################################################################################
#                                            EXPERIMENTAL PROTOCOL REPORT                                            #
######################################################################################################################
# DATE      : 07-05-2026                                                                                             #
# TIME      : 01-41                                                                                                  #
# DATASET   : MNIST digits stratified                                                                                #
# CLASSIFIER: NEQR + QNN + Dense                                                                                     #
# SUBSET    : 2/5                                                                                                    #
# SPLITS    : train=921, val=231, test=288                                                                           #
# TRAINING  : epochs=50, batch_size=16, device=cpu, qnn_lr=0.0010, head_lr=0.0100                                    #
# MODEL     : num_classes=10, num_qubits=9, num_layers=5                                                             #
# TORCHINFO SUMMARY:                                                                                                 #
# =================================================================                                                  #
# Layer (type:depth-idx)                   Param #                                                                   #
# =================================================================                                                  #
# Sequential                               --                                                                        #
# ├─VQCLayer: 1-1                          135                                                                       #
# ├─Linear: 1-2                            5,130                                                                     #
# ├─LogSoftmax: 1-3                        --                                                                        #
# =================================================================                                                  #
# Total params: 5,265                                                                                                #
# Trainable params: 5,265                                                                                            #
# Non-trainable params: 0                                                                                            #
# =================================================================                                                  #
######################################################################################################################

+---------+--------+--------+--------+--------+--------+--------+--------+--------+--------+--------+
|  Epoch  | TrLoss | TrAcc  | TrPrec | TrRec  |  TrF1  | VaLoss | VaAcc  | VaPrec | VaRec  |  VaF1  |
+=========+========+========+========+========+========+========+========+========+========+========+
|  001/050|  1.9372|  0.5233|  0.5219|  0.5233|  0.5223|  0.9993|  0.6580|  0.7674|  0.6580|  0.6602|
|  002/050|  0.7065|  0.7980|  0.8017|  0.7980|  0.7993|  0.8851|  0.7316|  0.7766|  0.7316|  0.7164|
|  003/050|  0.7370|  0.7861|  0.7851|  0.7861|  0.7848|  1.0756|  0.7056|  0.7575|  0.7056|  0.6981|
|  004/050|  0.5408|  0.8317|  0.8316|  0.8317|  0.8314|  0.9812|  0.7273|  0.7776|  0.7273|  0.7261|
|  005/050|  0.5033|  0.8491|  0.8492|  0.8491|  0.8489|  1.5263|  0.6797|  0.7618|  0.6797|  0.6803|
|  006/050|  0.5575|  0.8274|  0.8289|  0.8274|  0.8280|  1.8805|  0.6190|  0.7628|  0.6190|  0.6008|
|  007/050|  0.4783|  0.8675|  0.8692|  0.8675|  0.8681|  1.0663|  0.7446|  0.7470|  0.7446|  0.7386|
+---------+--------+--------+--------+--------+--------+--------+--------+--------+--------+--------+

######################################################################################################################
#                                                    TEST RESULTS                                                    #
######################################################################################################################
# LOSS      : 0.8217                                                                                                 #
# ACCURACY  : 0.7361                                                                                                 #
# PRECISION : 0.7585                                                                                                 #
# RECALL    : 0.7361                                                                                                 #
# F1        : 0.7287                                                                                                 #
# CONFUSION MATRIX:                                                                                                  #
# [[26  0  0  0  0  0  1  0  2  0]                                                                                   #
#  [ 0 27  1  0  0  0  0  0  0  1]                                                                                   #
#  [ 0  0 24  2  0  1  0  0  2  0]                                                                                   #
#  [ 1  0  2 20  0  3  0  2  1  0]                                                                                   #
#  [ 0  0  3  0 11  2  0  4  0  8]                                                                                   #
#  [ 2  0  1  2  0 19  2  2  0  0]                                                                                   #
#  [ 0  0  2  0  1  2 23  0  1  0]                                                                                   #
#  [ 0  0  0  0  0  0  0 24  0  5]                                                                                   #
#  [ 0  1  2  3  0  5  0  3 12  3]                                                                                   #
#  [ 0  0  0  0  0  0  0  3  0 26]]                                                                                  #
######################################################################################################################
