######################################################################################################################
#                                            EXPERIMENTAL PROTOCOL REPORT                                            #
######################################################################################################################
# DATE      : 07-05-2026                                                                                             #
# TIME      : 01-41                                                                                                  #
# DATASET   : MNIST digits stratified                                                                                #
# CLASSIFIER: NEQR + QNN + Dense                                                                                     #
# SUBSET    : 3/5                                                                                                    #
# SPLITS    : train=921, val=231, test=288                                                                           #
# TRAINING  : epochs=50, batch_size=16, device=cpu, qnn_lr=0.0010, head_lr=0.0100                                    #
# MODEL     : num_classes=10, num_qubits=9, num_layers=5                                                             #
# TORCHINFO SUMMARY:                                                                                                 #
# =================================================================                                                  #
# Layer (type:depth-idx)                   Param #                                                                   #
# =================================================================                                                  #
# Sequential                               --                                                                        #
# ├─VQCLayer: 1-1                          135                                                                       #
# ├─Linear: 1-2                            5,130                                                                     #
# ├─LogSoftmax: 1-3                        --                                                                        #
# =================================================================                                                  #
# Total params: 5,265                                                                                                #
# Trainable params: 5,265                                                                                            #
# Non-trainable params: 0                                                                                            #
# =================================================================                                                  #
######################################################################################################################

+---------+--------+--------+--------+--------+--------+--------+--------+--------+--------+--------+
|  Epoch  | TrLoss | TrAcc  | TrPrec | TrRec  |  TrF1  | VaLoss | VaAcc  | VaPrec | VaRec  |  VaF1  |
+=========+========+========+========+========+========+========+========+========+========+========+
|  001/050|  1.7833|  0.5277|  0.5260|  0.5277|  0.5260|  0.7672|  0.7359|  0.8016|  0.7359|  0.7459|
|  002/050|  0.7100|  0.7742|  0.7745|  0.7742|  0.7740|  0.7924|  0.7619|  0.8013|  0.7619|  0.7575|
|  003/050|  0.5657|  0.8122|  0.8118|  0.8122|  0.8117|  0.6796|  0.8009|  0.8261|  0.8009|  0.8014|
|  004/050|  0.5083|  0.8350|  0.8343|  0.8350|  0.8344|  0.8531|  0.7792|  0.8212|  0.7792|  0.7718|
|  005/050|  0.5330|  0.8339|  0.8333|  0.8339|  0.8332|  0.9719|  0.7619|  0.8213|  0.7619|  0.7646|
|  006/050|  0.4546|  0.8436|  0.8443|  0.8436|  0.8439|  1.0107|  0.7446|  0.8141|  0.7446|  0.7458|
|  007/050|  0.4291|  0.8795|  0.8800|  0.8795|  0.8796|  0.8540|  0.8009|  0.8220|  0.8009|  0.7970|
|  008/050|  0.4754|  0.8664|  0.8660|  0.8664|  0.8660|  0.8766|  0.7965|  0.8051|  0.7965|  0.7926|
+---------+--------+--------+--------+--------+--------+--------+--------+--------+--------+--------+

######################################################################################################################
#                                                    TEST RESULTS                                                    #
######################################################################################################################
# LOSS      : 0.8978                                                                                                 #
# ACCURACY  : 0.7535                                                                                                 #
# PRECISION : 0.8014                                                                                                 #
# RECALL    : 0.7535                                                                                                 #
# F1        : 0.7581                                                                                                 #
# CONFUSION MATRIX:                                                                                                  #
# [[26  0  0  0  0  0  0  0  3  0]                                                                                   #
#  [ 0 28  0  0  0  0  0  0  1  0]                                                                                   #
#  [ 2  0 24  0  1  0  0  1  1  0]                                                                                   #
#  [ 0  2  2 17  0  0  1  0  7  0]                                                                                   #
#  [ 0  1  0  0 19  0  1  0  3  4]                                                                                   #
#  [ 3  0  1  2  0 15  2  0  5  0]                                                                                   #
#  [ 2  0  1  0  1  0 23  0  2  0]                                                                                   #
#  [ 0  0  0  0  1  0  0 24  3  1]                                                                                   #
#  [ 0  0  3  0  1  0  1  0 24  0]                                                                                   #
#  [ 1  0  3  0  2  0  0  0  6 17]]                                                                                  #
######################################################################################################################
