######################################################################################################################
#                                            EXPERIMENTAL PROTOCOL REPORT                                            #
######################################################################################################################
# DATE      : 29-04-2026                                                                                             #
# TIME      : 13:23                                                                                                  #
# DATASET   : MNIST digits stratified                                                                                #
# CLASSIFIER: DenseBaseline                                                                                          #
# SUBSET    : 4/5                                                                                                    #
# SPLITS    : train=921, val=231, test=288                                                                           #
# TRAINING  : epochs=10, batch_size=16, lr=0.0010, device=cpu                                                        #
# MODEL     : num_classes=10                                                                                         #
######################################################################################################################

+---------+--------+--------+--------+--------+--------+--------+--------+--------+--------+--------+
|  Epoch  | TrLoss | TrAcc  | TrPrec | TrRec  |  TrF1  | VaLoss | VaAcc  | VaPrec | VaRec  |  VaF1  |
+=========+========+========+========+========+========+========+========+========+========+========+
|  001/010|  2.0857|  0.3909|  0.5338|  0.3909|  0.3817|  1.8915|  0.6277|  0.7023|  0.6277|  0.6190|
|  002/010|  1.7262|  0.6710|  0.7677|  0.6710|  0.6469|  1.6087|  0.7273|  0.7817|  0.7273|  0.7221|
|  003/010|  1.4654|  0.7839|  0.7997|  0.7839|  0.7714|  1.3958|  0.7879|  0.8169|  0.7879|  0.7837|
|  004/010|  1.2685|  0.8132|  0.8281|  0.8132|  0.8056|  1.2392|  0.7835|  0.8106|  0.7835|  0.7798|
|  005/010|  1.1212|  0.8187|  0.8278|  0.8187|  0.8144|  1.1203|  0.7965|  0.8210|  0.7965|  0.7931|
|  006/010|  1.0098|  0.8415|  0.8489|  0.8415|  0.8380|  1.0272|  0.8009|  0.8148|  0.8009|  0.7974|
|  007/010|  0.9197|  0.8426|  0.8468|  0.8426|  0.8407|  0.9517|  0.8225|  0.8262|  0.8225|  0.8195|
|  008/010|  0.8502|  0.8534|  0.8580|  0.8534|  0.8523|  0.8921|  0.8268|  0.8281|  0.8268|  0.8224|
|  009/010|  0.7909|  0.8588|  0.8628|  0.8588|  0.8579|  0.8420|  0.8268|  0.8312|  0.8268|  0.8252|
|  010/010|  0.7423|  0.8730|  0.8749|  0.8730|  0.8725|  0.7991|  0.8268|  0.8310|  0.8268|  0.8245|
+---------+--------+--------+--------+--------+--------+--------+--------+--------+--------+--------+

######################################################################################################################
#                                                    TEST RESULTS                                                    #
######################################################################################################################
# LOSS      : 0.7243                                                                                                 #
# ACCURACY  : 0.8507                                                                                                 #
# PRECISION : 0.8511                                                                                                 #
# RECALL    : 0.8507                                                                                                 #
# F1        : 0.8496                                                                                                 #
# CONFUSION MATRIX:                                                                                                  #
# [[27  0  0  0  0  0  2  0  0  0]                                                                                   #
#  [ 0 29  0  0  0  0  0  0  0  0]                                                                                   #
#  [ 1  0 26  0  0  0  2  0  0  0]                                                                                   #
#  [ 1  0  0 26  0  2  0  0  0  0]                                                                                   #
#  [ 0  0  0  0 24  0  1  0  1  2]                                                                                   #
#  [ 0  0  0  4  0 20  1  0  2  1]                                                                                   #
#  [ 0  1  1  0  2  1 24  0  0  0]                                                                                   #
#  [ 2  0  0  0  1  0  0 25  0  1]                                                                                   #
#  [ 0  0  0  1  1  1  0  1 23  2]                                                                                   #
#  [ 1  0  0  0  1  0  0  5  1 21]]                                                                                  #
######################################################################################################################
