######################################################################################################################
#                                            EXPERIMENTAL PROTOCOL REPORT                                            #
######################################################################################################################
# DATE      : 29-04-2026                                                                                             #
# TIME      : 13:23                                                                                                  #
# DATASET   : MNIST digits stratified                                                                                #
# CLASSIFIER: DenseBaseline                                                                                          #
# SUBSET    : 2/5                                                                                                    #
# SPLITS    : train=921, val=231, test=288                                                                           #
# TRAINING  : epochs=10, batch_size=16, lr=0.0010, device=cpu                                                        #
# MODEL     : num_classes=10                                                                                         #
######################################################################################################################

+---------+--------+--------+--------+--------+--------+--------+--------+--------+--------+--------+
|  Epoch  | TrLoss | TrAcc  | TrPrec | TrRec  |  TrF1  | VaLoss | VaAcc  | VaPrec | VaRec  |  VaF1  |
+=========+========+========+========+========+========+========+========+========+========+========+
|  001/010|  2.1213|  0.3583|  0.4561|  0.3583|  0.3634|  1.9270|  0.6537|  0.6725|  0.6537|  0.6375|
|  002/010|  1.7633|  0.7220|  0.7328|  0.7220|  0.7147|  1.6339|  0.7706|  0.7749|  0.7706|  0.7681|
|  003/010|  1.5040|  0.7698|  0.7815|  0.7698|  0.7669|  1.4161|  0.7706|  0.7730|  0.7706|  0.7661|
|  004/010|  1.3112|  0.7894|  0.7889|  0.7894|  0.7860|  1.2534|  0.7835|  0.7842|  0.7835|  0.7782|
|  005/010|  1.1663|  0.8002|  0.8003|  0.8002|  0.7983|  1.1352|  0.7749|  0.7825|  0.7749|  0.7720|
|  006/010|  1.0597|  0.8067|  0.8072|  0.8067|  0.8048|  1.0386|  0.7792|  0.7862|  0.7792|  0.7755|
|  007/010|  0.9703|  0.8219|  0.8241|  0.8219|  0.8213|  0.9683|  0.7792|  0.7857|  0.7792|  0.7755|
|  008/010|  0.9014|  0.8219|  0.8230|  0.8219|  0.8213|  0.9076|  0.7922|  0.7999|  0.7922|  0.7896|
|  009/010|  0.8457|  0.8284|  0.8315|  0.8284|  0.8286|  0.8590|  0.8009|  0.8098|  0.8009|  0.7984|
|  010/010|  0.7983|  0.8382|  0.8413|  0.8382|  0.8382|  0.8184|  0.8052|  0.8185|  0.8052|  0.8033|
+---------+--------+--------+--------+--------+--------+--------+--------+--------+--------+--------+

######################################################################################################################
#                                                    TEST RESULTS                                                    #
######################################################################################################################
# LOSS      : 0.8139                                                                                                 #
# ACCURACY  : 0.8368                                                                                                 #
# PRECISION : 0.8371                                                                                                 #
# RECALL    : 0.8368                                                                                                 #
# F1        : 0.8335                                                                                                 #
# CONFUSION MATRIX:                                                                                                  #
# [[27  0  0  0  0  0  1  0  1  0]                                                                                   #
#  [ 0 28  1  0  0  0  0  0  0  0]                                                                                   #
#  [ 0  0 26  1  0  0  1  0  1  0]                                                                                   #
#  [ 0  0  1 24  0  2  0  0  2  0]                                                                                   #
#  [ 0  0  0  0 25  0  1  0  1  1]                                                                                   #
#  [ 3  1  0  0  2 18  2  0  2  0]                                                                                   #
#  [ 1  2  0  0  1  0 25  0  0  0]                                                                                   #
#  [ 0  0  0  0  0  0  0 29  0  0]                                                                                   #
#  [ 0  2  0  5  0  0  0  0 19  3]                                                                                   #
#  [ 0  0  0  0  5  1  0  2  1 20]]                                                                                  #
######################################################################################################################
