######################################################################################################################
#                                            EXPERIMENTAL PROTOCOL REPORT                                            #
######################################################################################################################
# DATE      : 30-04-2026                                                                                             #
# TIME      : 01:44                                                                                                  #
# DATASET   : MNIST digits stratified                                                                                #
# CLASSIFIER: CNN + ZZFeatureMap + QNN                                                                               #
# SUBSET    : 5/5                                                                                                    #
# SPLITS    : train=921, val=231, test=288                                                                           #
# TRAINING  : epochs=10, batch_size=16, device=cpu, qnn_lr=0.0010, head_lr=0.0100                                    #
# MODEL     : num_classes=10, num_qubits=12, num_layers=1                                                            #
######################################################################################################################

+---------+--------+--------+--------+--------+--------+--------+--------+--------+--------+--------+
|  Epoch  | TrLoss | TrAcc  | TrPrec | TrRec  |  TrF1  | VaLoss | VaAcc  | VaPrec | VaRec  |  VaF1  |
+=========+========+========+========+========+========+========+========+========+========+========+
|  001/010| 13.6954|  0.3659|  0.3658|  0.3659|  0.3657| 10.5390|  0.4113|  0.5658|  0.4113|  0.4146|
|  002/010|  7.4978|  0.5244|  0.5231|  0.5244|  0.5233|  9.5081|  0.4069|  0.5076|  0.4069|  0.4153|
|  003/010|  9.2808|  0.5385|  0.5410|  0.5385|  0.5395| 11.6798|  0.4632|  0.5708|  0.4632|  0.4477|
|  004/010| 10.8044|  0.5429|  0.5441|  0.5429|  0.5430| 15.4890|  0.4762|  0.5982|  0.4762|  0.4656|
|  005/010| 11.0765|  0.5483|  0.5492|  0.5483|  0.5484| 13.9632|  0.4848|  0.6217|  0.4848|  0.4717|
|  006/010| 13.0846|  0.5451|  0.5492|  0.5451|  0.5465| 20.2345|  0.4459|  0.6072|  0.4459|  0.4464|
|  007/010| 12.9878|  0.5841|  0.5851|  0.5841|  0.5834| 15.1643|  0.5065|  0.5855|  0.5065|  0.4842|
+---------+--------+--------+--------+--------+--------+--------+--------+--------+--------+--------+

######################################################################################################################
#                                                    TEST RESULTS                                                    #
######################################################################################################################
# LOSS      : 8.3278                                                                                                 #
# ACCURACY  : 0.5312                                                                                                 #
# PRECISION : 0.6119                                                                                                 #
# RECALL    : 0.5312                                                                                                 #
# F1        : 0.5388                                                                                                 #
# CONFUSION MATRIX:                                                                                                  #
# [[19  0  2  2  2  1  0  0  3  0]                                                                                   #
#  [ 0 17  4  2  0  0  4  0  2  0]                                                                                   #
#  [ 0  0 19  3  0  0  0  0  7  0]                                                                                   #
#  [ 0  0  2 17  0  0  2  0  8  0]                                                                                   #
#  [ 0  0  1  2 10  0  0  2 12  1]                                                                                   #
#  [ 0  0  1  9  2 10  1  0  5  0]                                                                                   #
#  [ 0  0  3  1  5  0 19  0  1  0]                                                                                   #
#  [ 0  0  0  2  0  0  0 19  5  3]                                                                                   #
#  [ 1  0  1  4  1  2  0  0 19  1]                                                                                   #
#  [ 1  0  1  2  3  1  0  7 10  4]]                                                                                  #
######################################################################################################################
