######################################################################################################################
#                                            EXPERIMENTAL PROTOCOL REPORT                                            #
######################################################################################################################
# DATE      : 30-04-2026                                                                                             #
# TIME      : 01:44                                                                                                  #
# DATASET   : MNIST digits stratified                                                                                #
# CLASSIFIER: CNN + ZZFeatureMap + QNN                                                                               #
# SUBSET    : 1/5                                                                                                    #
# SPLITS    : train=921, val=231, test=288                                                                           #
# TRAINING  : epochs=10, batch_size=16, device=cpu, qnn_lr=0.0010, head_lr=0.0100                                    #
# ARCHITECT.: 16x16 grayscale -> Conv2d(1,16,3,pad=1) -> ReLU -> MaxPool2d(2) -> Conv2d(16,32,3,pad=1) -> ReLU ->    #
#             MaxPool2d(2) -> Flatten -> Linear(512, num_qubits) -> ZZFeatureMap(reps=1) -> VQC[RX-RY-RZ x           #
#             num_layers + brickwork CX] -> SamplerQNN -> Linear(2**num_qubits, num_classes) -> LogSoftmax           #
# MODEL     : num_classes=10, num_qubits=12, num_layers=1                                                            #
######################################################################################################################

+---------+--------+--------+--------+--------+--------+--------+--------+--------+--------+--------+
|  Epoch  | TrLoss | TrAcc  | TrPrec | TrRec  |  TrF1  | VaLoss | VaAcc  | VaPrec | VaRec  |  VaF1  |
+=========+========+========+========+========+========+========+========+========+========+========+
|  001/010| 14.8031|  0.3811|  0.3821|  0.3811|  0.3815|  8.4154|  0.5022|  0.5411|  0.5022|  0.4867|
|  002/010|  8.5597|  0.5168|  0.5189|  0.5168|  0.5175| 10.4432|  0.4892|  0.5270|  0.4892|  0.4726|
|  003/010| 10.8200|  0.5190|  0.5168|  0.5190|  0.5177| 10.2286|  0.4978|  0.5824|  0.4978|  0.5035|
|  004/010| 11.2293|  0.5320|  0.5362|  0.5320|  0.5337| 12.3187|  0.5065|  0.5494|  0.5065|  0.4819|
|  005/010| 11.8599|  0.5266|  0.5243|  0.5266|  0.5253| 11.8072|  0.5065|  0.5391|  0.5065|  0.5002|
|  006/010| 13.0248|  0.5483|  0.5509|  0.5483|  0.5493| 14.1763|  0.5368|  0.6112|  0.5368|  0.5284|
+---------+--------+--------+--------+--------+--------+--------+--------+--------+--------+--------+

######################################################################################################################
#                                                    TEST RESULTS                                                    #
######################################################################################################################
# LOSS      : 9.7526                                                                                                 #
# ACCURACY  : 0.4792                                                                                                 #
# PRECISION : 0.5219                                                                                                 #
# RECALL    : 0.4792                                                                                                 #
# F1        : 0.4593                                                                                                 #
# CONFUSION MATRIX:                                                                                                  #
# [[13  3  3  7  0  2  0  0  0  1]                                                                                   #
#  [ 0 25  0  1  0  0  0  0  2  1]                                                                                   #
#  [ 0  1 14  2  1  0  6  1  0  4]                                                                                   #
#  [ 0  1  0 20  0  0  3  1  0  4]                                                                                   #
#  [ 0  2  2  2  8  1  1  0  0 12]                                                                                   #
#  [ 0  1  0  5  1 13  2  1  0  5]                                                                                   #
#  [ 0  1  2  7  1  1 13  0  0  4]                                                                                   #
#  [ 0  0  0  2  0  4  2 11  0 10]                                                                                   #
#  [ 0  6  2  9  0  1  2  0  0  9]                                                                                   #
#  [ 0  2  1  1  2  2  0  0  0 21]]                                                                                  #
######################################################################################################################
