######################################################################################################################
#                                            EXPERIMENTAL PROTOCOL REPORT                                            #
######################################################################################################################
# DATE      : 30-04-2026                                                                                             #
# TIME      : 01:44                                                                                                  #
# DATASET   : MNIST digits stratified                                                                                #
# CLASSIFIER: CNN + ZZFeatureMap + QNN                                                                               #
# SUBSET    : 4/5                                                                                                    #
# SPLITS    : train=921, val=231, test=288                                                                           #
# TRAINING  : epochs=10, batch_size=16, device=cpu, qnn_lr=0.0010, head_lr=0.0100                                    #
# MODEL     : num_classes=10, num_qubits=12, num_layers=1                                                            #
######################################################################################################################

+---------+--------+--------+--------+--------+--------+--------+--------+--------+--------+--------+
|  Epoch  | TrLoss | TrAcc  | TrPrec | TrRec  |  TrF1  | VaLoss | VaAcc  | VaPrec | VaRec  |  VaF1  |
+=========+========+========+========+========+========+========+========+========+========+========+
|  001/010| 17.2738|  0.3398|  0.3407|  0.3398|  0.3401| 11.7267|  0.4502|  0.5940|  0.4502|  0.4332|
|  002/010|  9.6721|  0.4897|  0.4912|  0.4897|  0.4901| 14.1535|  0.4416|  0.4326|  0.4416|  0.3984|
|  003/010|  9.4861|  0.5299|  0.5277|  0.5299|  0.5283| 13.0637|  0.4545|  0.6342|  0.4545|  0.4419|
|  004/010|  9.8735|  0.5581|  0.5602|  0.5581|  0.5586| 15.0089|  0.4935|  0.4361|  0.4935|  0.4472|
|  005/010| 11.2973|  0.5385|  0.5407|  0.5385|  0.5393| 10.8877|  0.5325|  0.5472|  0.5325|  0.5152|
|  006/010| 10.4117|  0.5679|  0.5676|  0.5679|  0.5675| 14.4236|  0.5065|  0.5582|  0.5065|  0.4895|
|  007/010| 10.7136|  0.5852|  0.5862|  0.5852|  0.5854| 15.2199|  0.5108|  0.5377|  0.5108|  0.4998|
|  008/010| 12.0061|  0.5711|  0.5696|  0.5711|  0.5702| 16.6032|  0.5238|  0.5449|  0.5238|  0.5078|
|  009/010| 11.4390|  0.5983|  0.6001|  0.5983|  0.5990| 15.5594|  0.5238|  0.5319|  0.5238|  0.5047|
|  010/010| 11.6164|  0.6221|  0.6268|  0.6221|  0.6241| 19.3309|  0.5238|  0.5435|  0.5238|  0.4939|
+---------+--------+--------+--------+--------+--------+--------+--------+--------+--------+--------+

######################################################################################################################
#                                                    TEST RESULTS                                                    #
######################################################################################################################
# LOSS      : 12.8184                                                                                                #
# ACCURACY  : 0.5417                                                                                                 #
# PRECISION : 0.5578                                                                                                 #
# RECALL    : 0.5417                                                                                                 #
# F1        : 0.5218                                                                                                 #
# CONFUSION MATRIX:                                                                                                  #
# [[27  0  0  0  0  1  0  0  0  1]                                                                                   #
#  [ 0 25  1  0  1  0  2  0  0  0]                                                                                   #
#  [ 1  0 16  0  4  1  1  0  3  3]                                                                                   #
#  [ 3  0  6  1  0  5  0  0 11  3]                                                                                   #
#  [ 2  0  0  0 17  0  1  1  1  6]                                                                                   #
#  [ 2  0  0  1  4  9  2  1  4  5]                                                                                   #
#  [ 1  1  1  0  3  1 18  0  4  0]                                                                                   #
#  [ 3  0  0  0  1  2  0 18  2  3]                                                                                   #
#  [ 1  1  0  0  2  3  1  1 15  5]                                                                                   #
#  [ 2  2  1  0  4  1  2  2  5 10]]                                                                                  #
######################################################################################################################
