######################################################################################################################
#                                            EXPERIMENTAL PROTOCOL REPORT                                            #
######################################################################################################################
# DATE      : 30-04-2026                                                                                             #
# TIME      : 01:44                                                                                                  #
# DATASET   : MNIST digits stratified                                                                                #
# CLASSIFIER: CNN + ZZFeatureMap + QNN                                                                               #
# SUBSET    : 2/5                                                                                                    #
# SPLITS    : train=921, val=231, test=288                                                                           #
# TRAINING  : epochs=10, batch_size=16, device=cpu, qnn_lr=0.0010, head_lr=0.0100                                    #
# MODEL     : num_classes=10, num_qubits=12, num_layers=1                                                            #
######################################################################################################################

+---------+--------+--------+--------+--------+--------+--------+--------+--------+--------+--------+
|  Epoch  | TrLoss | TrAcc  | TrPrec | TrRec  |  TrF1  | VaLoss | VaAcc  | VaPrec | VaRec  |  VaF1  |
+=========+========+========+========+========+========+========+========+========+========+========+
|  001/010| 14.1457|  0.3800|  0.3800|  0.3800|  0.3799| 12.5265|  0.4372|  0.6148|  0.4372|  0.4161|
|  002/010|  7.5909|  0.5483|  0.5516|  0.5483|  0.5498|  8.1535|  0.5541|  0.5758|  0.5541|  0.5296|
|  003/010|  8.8052|  0.5407|  0.5379|  0.5407|  0.5391| 10.7942|  0.5584|  0.6541|  0.5584|  0.5496|
|  004/010|  8.5118|  0.6113|  0.6113|  0.6113|  0.6109| 15.1252|  0.5108|  0.6659|  0.5108|  0.4876|
|  005/010|  9.1204|  0.6308|  0.6318|  0.6308|  0.6312| 10.3715|  0.5455|  0.5670|  0.5455|  0.5412|
|  006/010|  9.3689|  0.6319|  0.6316|  0.6319|  0.6317| 13.2223|  0.5628|  0.5697|  0.5628|  0.5392|
|  007/010|  9.9396|  0.6254|  0.6252|  0.6254|  0.6250| 11.7109|  0.5887|  0.5870|  0.5887|  0.5640|
+---------+--------+--------+--------+--------+--------+--------+--------+--------+--------+--------+

######################################################################################################################
#                                                    TEST RESULTS                                                    #
######################################################################################################################
# LOSS      : 8.7528                                                                                                 #
# ACCURACY  : 0.5417                                                                                                 #
# PRECISION : 0.5502                                                                                                 #
# RECALL    : 0.5417                                                                                                 #
# F1        : 0.5106                                                                                                 #
# CONFUSION MATRIX:                                                                                                  #
# [[19  4  2  2  0  1  0  0  1  0]                                                                                   #
#  [ 0 26  0  0  0  0  1  0  2  0]                                                                                   #
#  [ 0  1 17  5  1  1  1  2  1  0]                                                                                   #
#  [ 2  2  0 20  0  0  4  1  0  0]                                                                                   #
#  [ 0  2  0  0 21  0  1  1  1  2]                                                                                   #
#  [ 3  5  1  5  2  4  4  2  2  0]                                                                                   #
#  [ 2  3  1  6  1  1 14  0  1  0]                                                                                   #
#  [ 0  2  0  1  1  0  0 24  1  0]                                                                                   #
#  [ 3  5  0  5  0  5  3  2  6  0]                                                                                   #
#  [ 1  5  1  2  4  0  0  9  2  5]]                                                                                  #
######################################################################################################################
