######################################################################################################################
#                                            EXPERIMENTAL PROTOCOL REPORT                                            #
######################################################################################################################
# DATE      : 29-04-2026                                                                                             #
# TIME      : 13:20                                                                                                  #
# DATASET   : MNIST digits stratified                                                                                #
# CLASSIFIER: DenseBaseline                                                                                          #
# SUBSET    : 4/5                                                                                                    #
# SPLITS    : train=921, val=231, test=288                                                                           #
# TRAINING  : epochs=10, batch_size=16, lr=0.0010, device=cpu                                                        #
# MODEL     : num_classes=10                                                                                         #
######################################################################################################################

+---------+--------+--------+--------+--------+--------+--------+--------+--------+--------+--------+
|  Epoch  | TrLoss | TrAcc  | TrPrec | TrRec  |  TrF1  | VaLoss | VaAcc  | VaPrec | VaRec  |  VaF1  |
+=========+========+========+========+========+========+========+========+========+========+========+
|  001/010|  2.1133|  0.3659|  0.4090|  0.3659|  0.3380|  1.9229|  0.5281|  0.4944|  0.5281|  0.4783|
|  002/010|  1.7446|  0.6797|  0.7395|  0.6797|  0.6583|  1.6273|  0.7359|  0.7781|  0.7359|  0.7279|
|  003/010|  1.4749|  0.7644|  0.7949|  0.7644|  0.7502|  1.4120|  0.7576|  0.7772|  0.7576|  0.7533|
|  004/010|  1.2743|  0.7937|  0.8093|  0.7937|  0.7875|  1.2518|  0.7922|  0.8119|  0.7922|  0.7879|
|  005/010|  1.1276|  0.8056|  0.8194|  0.8056|  0.7996|  1.1277|  0.8139|  0.8261|  0.8139|  0.8106|
|  006/010|  1.0130|  0.8241|  0.8330|  0.8241|  0.8221|  1.0333|  0.8225|  0.8266|  0.8225|  0.8188|
|  007/010|  0.9208|  0.8360|  0.8431|  0.8360|  0.8346|  0.9594|  0.8268|  0.8309|  0.8268|  0.8228|
|  008/010|  0.8540|  0.8534|  0.8569|  0.8534|  0.8529|  0.8974|  0.8312|  0.8315|  0.8312|  0.8286|
|  009/010|  0.7930|  0.8588|  0.8614|  0.8588|  0.8576|  0.8465|  0.8312|  0.8326|  0.8312|  0.8285|
|  010/010|  0.7422|  0.8654|  0.8695|  0.8654|  0.8658|  0.8047|  0.8398|  0.8404|  0.8398|  0.8370|
+---------+--------+--------+--------+--------+--------+--------+--------+--------+--------+--------+

######################################################################################################################
#                                                    TEST RESULTS                                                    #
######################################################################################################################
# LOSS      : 0.7246                                                                                                 #
# ACCURACY  : 0.8403                                                                                                 #
# PRECISION : 0.8403                                                                                                 #
# RECALL    : 0.8403                                                                                                 #
# F1        : 0.8388                                                                                                 #
# CONFUSION MATRIX:                                                                                                  #
# [[27  0  0  0  0  0  2  0  0  0]                                                                                   #
#  [ 0 29  0  0  0  0  0  0  0  0]                                                                                   #
#  [ 1  0 26  0  1  0  1  0  0  0]                                                                                   #
#  [ 1  0  0 25  0  2  0  0  1  0]                                                                                   #
#  [ 0  0  0  0 25  0  1  0  0  2]                                                                                   #
#  [ 0  0  0  4  0 20  1  0  2  1]                                                                                   #
#  [ 0  1  1  0  2  1 24  0  0  0]                                                                                   #
#  [ 2  0  0  0  1  0  0 24  0  2]                                                                                   #
#  [ 0  1  0  2  1  2  0  1 21  1]                                                                                   #
#  [ 1  0  0  0  1  0  0  5  1 21]]                                                                                  #
######################################################################################################################
