######################################################################################################################
#                                            EXPERIMENTAL PROTOCOL REPORT                                            #
######################################################################################################################
# DATE      : 29-04-2026                                                                                             #
# TIME      : 13:20                                                                                                  #
# DATASET   : MNIST digits stratified                                                                                #
# CLASSIFIER: DenseBaseline                                                                                          #
# SUBSET    : 5/5                                                                                                    #
# SPLITS    : train=921, val=231, test=288                                                                           #
# TRAINING  : epochs=10, batch_size=16, lr=0.0010, device=cpu                                                        #
# MODEL     : num_classes=10                                                                                         #
######################################################################################################################

+---------+--------+--------+--------+--------+--------+--------+--------+--------+--------+--------+
|  Epoch  | TrLoss | TrAcc  | TrPrec | TrRec  |  TrF1  | VaLoss | VaAcc  | VaPrec | VaRec  |  VaF1  |
+=========+========+========+========+========+========+========+========+========+========+========+
|  001/010|  2.1314|  0.3420|  0.5209|  0.3420|  0.3608|  1.9507|  0.6234|  0.6146|  0.6234|  0.6038|
|  002/010|  1.7542|  0.7427|  0.7528|  0.7427|  0.7298|  1.6583|  0.7056|  0.7267|  0.7056|  0.6966|
|  003/010|  1.4802|  0.7807|  0.7939|  0.7807|  0.7706|  1.4466|  0.7446|  0.7572|  0.7446|  0.7441|
|  004/010|  1.2812|  0.8132|  0.8235|  0.8132|  0.8077|  1.2888|  0.7706|  0.7869|  0.7706|  0.7702|
|  005/010|  1.1359|  0.8219|  0.8249|  0.8219|  0.8195|  1.1680|  0.7879|  0.7976|  0.7879|  0.7894|
|  006/010|  1.0173|  0.8426|  0.8470|  0.8426|  0.8409|  1.0756|  0.8009|  0.8124|  0.8009|  0.8025|
|  007/010|  0.9322|  0.8447|  0.8497|  0.8447|  0.8432|  1.0043|  0.8052|  0.8182|  0.8052|  0.8061|
|  008/010|  0.8629|  0.8426|  0.8464|  0.8426|  0.8408|  0.9416|  0.8095|  0.8217|  0.8095|  0.8104|
|  009/010|  0.8088|  0.8534|  0.8580|  0.8534|  0.8525|  0.8924|  0.8009|  0.8136|  0.8009|  0.8013|
|  010/010|  0.7580|  0.8621|  0.8661|  0.8621|  0.8614|  0.8497|  0.8139|  0.8238|  0.8139|  0.8139|
+---------+--------+--------+--------+--------+--------+--------+--------+--------+--------+--------+

######################################################################################################################
#                                                    TEST RESULTS                                                    #
######################################################################################################################
# LOSS      : 0.7520                                                                                                 #
# ACCURACY  : 0.8646                                                                                                 #
# PRECISION : 0.8720                                                                                                 #
# RECALL    : 0.8646                                                                                                 #
# F1        : 0.8624                                                                                                 #
# CONFUSION MATRIX:                                                                                                  #
# [[26  0  0  0  1  0  1  0  1  0]                                                                                   #
#  [ 0 29  0  0  0  0  0  0  0  0]                                                                                   #
#  [ 0  0 27  0  0  0  0  0  2  0]                                                                                   #
#  [ 0  1  0 27  0  0  1  0  0  0]                                                                                   #
#  [ 0  0  0  0 23  0  0  1  0  4]                                                                                   #
#  [ 2  0  0  4  1 17  0  0  3  1]                                                                                   #
#  [ 0  1  1  0  0  0 26  1  0  0]                                                                                   #
#  [ 0  1  0  1  0  0  0 26  0  1]                                                                                   #
#  [ 0  1  0  1  0  0  0  0 26  1]                                                                                   #
#  [ 0  0  1  1  4  0  0  1  0 22]]                                                                                  #
######################################################################################################################
