######################################################################################################################
#                                            EXPERIMENTAL PROTOCOL REPORT                                            #
######################################################################################################################
# DATE      : 29-04-2026                                                                                             #
# TIME      : 13:20                                                                                                  #
# DATASET   : MNIST digits stratified                                                                                #
# CLASSIFIER: DenseBaseline                                                                                          #
# SUBSET    : 3/5                                                                                                    #
# SPLITS    : train=921, val=231, test=288                                                                           #
# TRAINING  : epochs=10, batch_size=16, lr=0.0010, device=cpu                                                        #
# MODEL     : num_classes=10                                                                                         #
######################################################################################################################

+---------+--------+--------+--------+--------+--------+--------+--------+--------+--------+--------+
|  Epoch  | TrLoss | TrAcc  | TrPrec | TrRec  |  TrF1  | VaLoss | VaAcc  | VaPrec | VaRec  |  VaF1  |
+=========+========+========+========+========+========+========+========+========+========+========+
|  001/010|  2.1050|  0.3887|  0.4602|  0.3887|  0.3754|  1.9159|  0.6580|  0.7372|  0.6580|  0.6399|
|  002/010|  1.7363|  0.7144|  0.7471|  0.7144|  0.7084|  1.6305|  0.7619|  0.7895|  0.7619|  0.7548|
|  003/010|  1.4694|  0.7872|  0.7972|  0.7872|  0.7829|  1.4169|  0.7835|  0.8016|  0.7835|  0.7810|
|  004/010|  1.2729|  0.8143|  0.8206|  0.8143|  0.8127|  1.2615|  0.7922|  0.8027|  0.7922|  0.7904|
|  005/010|  1.1275|  0.8154|  0.8213|  0.8154|  0.8139|  1.1429|  0.7965|  0.8092|  0.7965|  0.7946|
|  006/010|  1.0203|  0.8219|  0.8276|  0.8219|  0.8205|  1.0508|  0.8095|  0.8160|  0.8095|  0.8079|
|  007/010|  0.9318|  0.8230|  0.8255|  0.8230|  0.8219|  0.9763|  0.8095|  0.8171|  0.8095|  0.8079|
|  008/010|  0.8629|  0.8426|  0.8439|  0.8426|  0.8417|  0.9166|  0.8182|  0.8242|  0.8182|  0.8161|
|  009/010|  0.8063|  0.8371|  0.8425|  0.8371|  0.8365|  0.8673|  0.8182|  0.8232|  0.8182|  0.8164|
|  010/010|  0.7585|  0.8512|  0.8535|  0.8512|  0.8508|  0.8252|  0.8182|  0.8233|  0.8182|  0.8167|
+---------+--------+--------+--------+--------+--------+--------+--------+--------+--------+--------+

######################################################################################################################
#                                                    TEST RESULTS                                                    #
######################################################################################################################
# LOSS      : 0.8359                                                                                                 #
# ACCURACY  : 0.8472                                                                                                 #
# PRECISION : 0.8521                                                                                                 #
# RECALL    : 0.8472                                                                                                 #
# F1        : 0.8473                                                                                                 #
# CONFUSION MATRIX:                                                                                                  #
# [[26  0  1  0  0  0  0  0  2  0]                                                                                   #
#  [ 0 27  0  0  0  0  0  0  2  0]                                                                                   #
#  [ 0  0 27  0  0  0  0  0  1  1]                                                                                   #
#  [ 0  1  2 24  0  0  1  0  0  1]                                                                                   #
#  [ 0  0  0  1 22  0  2  1  1  1]                                                                                   #
#  [ 1  0  0  4  0 22  1  0  0  0]                                                                                   #
#  [ 1  0  1  0  0  0 27  0  0  0]                                                                                   #
#  [ 0  2  1  0  0  0  0 26  0  0]                                                                                   #
#  [ 0  2  0  2  3  0  0  0 20  2]                                                                                   #
#  [ 0  0  1  1  2  0  0  0  2 23]]                                                                                  #
######################################################################################################################
