######################################################################################################################
#                                            EXPERIMENTAL PROTOCOL REPORT                                            #
######################################################################################################################
# DATE      : 29-04-2026                                                                                             #
# TIME      : 13:20                                                                                                  #
# DATASET   : MNIST digits stratified                                                                                #
# CLASSIFIER: DenseBaseline                                                                                          #
# SUBSET    : 2/5                                                                                                    #
# SPLITS    : train=921, val=231, test=288                                                                           #
# TRAINING  : epochs=10, batch_size=16, lr=0.0010, device=cpu                                                        #
# MODEL     : num_classes=10                                                                                         #
######################################################################################################################

+---------+--------+--------+--------+--------+--------+--------+--------+--------+--------+--------+
|  Epoch  | TrLoss | TrAcc  | TrPrec | TrRec  |  TrF1  | VaLoss | VaAcc  | VaPrec | VaRec  |  VaF1  |
+=========+========+========+========+========+========+========+========+========+========+========+
|  001/010|  2.1339|  0.3779|  0.4365|  0.3779|  0.3714|  1.9334|  0.6061|  0.6786|  0.6061|  0.6035|
|  002/010|  1.7683|  0.7123|  0.7354|  0.7123|  0.7112|  1.6391|  0.7056|  0.7136|  0.7056|  0.6979|
|  003/010|  1.5058|  0.7666|  0.7792|  0.7666|  0.7618|  1.4237|  0.7489|  0.7533|  0.7489|  0.7431|
|  004/010|  1.3116|  0.7937|  0.7967|  0.7937|  0.7915|  1.2602|  0.7619|  0.7697|  0.7619|  0.7596|
|  005/010|  1.1673|  0.7980|  0.7989|  0.7980|  0.7962|  1.1378|  0.7576|  0.7635|  0.7576|  0.7543|
|  006/010|  1.0549|  0.8089|  0.8126|  0.8089|  0.8066|  1.0418|  0.7662|  0.7693|  0.7662|  0.7633|
|  007/010|  0.9662|  0.8219|  0.8232|  0.8219|  0.8212|  0.9673|  0.7792|  0.7819|  0.7792|  0.7766|
|  008/010|  0.9003|  0.8328|  0.8364|  0.8328|  0.8329|  0.9073|  0.7879|  0.7926|  0.7879|  0.7860|
|  009/010|  0.8418|  0.8328|  0.8337|  0.8328|  0.8319|  0.8572|  0.7879|  0.7948|  0.7879|  0.7852|
|  010/010|  0.7991|  0.8426|  0.8445|  0.8426|  0.8421|  0.8174|  0.8052|  0.8176|  0.8052|  0.8025|
+---------+--------+--------+--------+--------+--------+--------+--------+--------+--------+--------+

######################################################################################################################
#                                                    TEST RESULTS                                                    #
######################################################################################################################
# LOSS      : 0.8138                                                                                                 #
# ACCURACY  : 0.8299                                                                                                 #
# PRECISION : 0.8338                                                                                                 #
# RECALL    : 0.8299                                                                                                 #
# F1        : 0.8285                                                                                                 #
# CONFUSION MATRIX:                                                                                                  #
# [[25  0  0  0  0  0  1  0  2  1]                                                                                   #
#  [ 0 28  1  0  0  0  0  0  0  0]                                                                                   #
#  [ 0  0 25  1  0  0  1  0  2  0]                                                                                   #
#  [ 0  0  1 24  0  1  0  0  3  0]                                                                                   #
#  [ 0  0  0  0 25  0  1  0  1  1]                                                                                   #
#  [ 4  1  0  0  2 18  1  0  2  0]                                                                                   #
#  [ 1  2  0  0  1  0 25  0  0  0]                                                                                   #
#  [ 0  0  0  0  0  0  0 29  0  0]                                                                                   #
#  [ 0  2  0  5  0  0  0  0 19  3]                                                                                   #
#  [ 0  0  0  0  4  1  0  1  2 21]]                                                                                  #
######################################################################################################################
