######################################################################################################################
#                                            EXPERIMENTAL PROTOCOL REPORT                                            #
######################################################################################################################
# DATE      : 29-04-2026                                                                                             #
# TIME      : 13:20                                                                                                  #
# DATASET   : MNIST digits stratified                                                                                #
# CLASSIFIER: DenseBaseline                                                                                          #
# SUBSET    : 1/5                                                                                                    #
# SPLITS    : train=921, val=231, test=288                                                                           #
# TRAINING  : epochs=10, batch_size=16, lr=0.0010, device=cpu                                                        #
# ARCHITECT.: 16x16 grayscale -> Flatten(256) -> Linear(256, num_classes)                                            #
# MODEL     : num_classes=10                                                                                         #
######################################################################################################################

+---------+--------+--------+--------+--------+--------+--------+--------+--------+--------+--------+
|  Epoch  | TrLoss | TrAcc  | TrPrec | TrRec  |  TrF1  | VaLoss | VaAcc  | VaPrec | VaRec  |  VaF1  |
+=========+========+========+========+========+========+========+========+========+========+========+
|  001/010|  2.1094|  0.3811|  0.5382|  0.3811|  0.3697|  1.8975|  0.5931|  0.7257|  0.5931|  0.5750|
|  002/010|  1.7416|  0.7264|  0.7669|  0.7264|  0.7219|  1.5956|  0.7489|  0.7969|  0.7489|  0.7422|
|  003/010|  1.4738|  0.7970|  0.8166|  0.7970|  0.7939|  1.3789|  0.7662|  0.7970|  0.7662|  0.7638|
|  004/010|  1.2750|  0.8176|  0.8307|  0.8176|  0.8169|  1.2201|  0.7965|  0.8144|  0.7965|  0.7970|
|  005/010|  1.1286|  0.8382|  0.8459|  0.8382|  0.8373|  1.1009|  0.8009|  0.8164|  0.8009|  0.8005|
|  006/010|  1.0136|  0.8382|  0.8477|  0.8382|  0.8381|  1.0085|  0.8009|  0.8169|  0.8009|  0.8009|
|  007/010|  0.9208|  0.8447|  0.8529|  0.8447|  0.8441|  0.9381|  0.8052|  0.8192|  0.8052|  0.8048|
|  008/010|  0.8496|  0.8545|  0.8587|  0.8545|  0.8541|  0.8794|  0.8095|  0.8252|  0.8095|  0.8090|
|  009/010|  0.7917|  0.8632|  0.8692|  0.8632|  0.8628|  0.8314|  0.8182|  0.8316|  0.8182|  0.8177|
|  010/010|  0.7388|  0.8697|  0.8733|  0.8697|  0.8693|  0.7923|  0.8182|  0.8340|  0.8182|  0.8181|
+---------+--------+--------+--------+--------+--------+--------+--------+--------+--------+--------+

######################################################################################################################
#                                                    TEST RESULTS                                                    #
######################################################################################################################
# LOSS      : 0.8363                                                                                                 #
# ACCURACY  : 0.8229                                                                                                 #
# PRECISION : 0.8302                                                                                                 #
# RECALL    : 0.8229                                                                                                 #
# F1        : 0.8234                                                                                                 #
# CONFUSION MATRIX:                                                                                                  #
# [[25  0  0  0  0  0  2  0  2  0]                                                                                   #
#  [ 0 26  0  0  0  0  1  0  2  0]                                                                                   #
#  [ 1  1 19  0  1  0  2  0  5  0]                                                                                   #
#  [ 0  1  1 24  0  1  0  1  1  0]                                                                                   #
#  [ 0  0  1  0 22  0  2  0  0  3]                                                                                   #
#  [ 2  0  0  2  1 22  0  0  1  0]                                                                                   #
#  [ 1  0  1  0  0  1 25  0  1  0]                                                                                   #
#  [ 0  1  0  1  0  0  0 26  0  1]                                                                                   #
#  [ 0  0  0  2  1  0  0  1 23  2]                                                                                   #
#  [ 0  0  0  0  1  0  0  2  1 25]]                                                                                  #
######################################################################################################################
