######################################################################################################################
#                                            EXPERIMENTAL PROTOCOL REPORT                                            #
######################################################################################################################
# DATE      : 06-05-2026                                                                                             #
# TIME      : 20-15                                                                                                  #
# DATASET   : MNIST digits stratified                                                                                #
# CLASSIFIER: NEQR + QNN + Dense                                                                                     #
# SUBSET    : 4/5                                                                                                    #
# SPLITS    : train=921, val=231, test=288                                                                           #
# TRAINING  : epochs=50, batch_size=16, device=cpu, qnn_lr=0.0010, head_lr=0.0100                                    #
# MODEL     : num_classes=10, num_qubits=9, num_layers=1                                                             #
# TORCHINFO SUMMARY:                                                                                                 #
# =================================================================                                                  #
# Layer (type:depth-idx)                   Param #                                                                   #
# =================================================================                                                  #
# Sequential                               --                                                                        #
# ├─VQCLayer: 1-1                          27                                                                        #
# ├─Linear: 1-2                            5,130                                                                     #
# ├─LogSoftmax: 1-3                        --                                                                        #
# =================================================================                                                  #
# Total params: 5,157                                                                                                #
# Trainable params: 5,157                                                                                            #
# Non-trainable params: 0                                                                                            #
# =================================================================                                                  #
######################################################################################################################

+---------+--------+--------+--------+--------+--------+--------+--------+--------+--------+--------+
|  Epoch  | TrLoss | TrAcc  | TrPrec | TrRec  |  TrF1  | VaLoss | VaAcc  | VaPrec | VaRec  |  VaF1  |
+=========+========+========+========+========+========+========+========+========+========+========+
|  001/050|  1.8408|  0.5277|  0.5284|  0.5277|  0.5275|  1.0722|  0.6623|  0.7142|  0.6623|  0.6409|
|  002/050|  0.7195|  0.7807|  0.7823|  0.7807|  0.7805|  1.0296|  0.7273|  0.8086|  0.7273|  0.7192|
|  003/050|  0.6345|  0.8046|  0.8039|  0.8046|  0.8040|  0.7887|  0.7489|  0.7779|  0.7489|  0.7410|
|  004/050|  0.4966|  0.8350|  0.8378|  0.8350|  0.8360|  0.8012|  0.7662|  0.7797|  0.7662|  0.7620|
|  005/050|  0.5018|  0.8469|  0.8474|  0.8469|  0.8470|  1.1005|  0.7446|  0.8039|  0.7446|  0.7522|
|  006/050|  0.5125|  0.8393|  0.8394|  0.8393|  0.8393|  1.2984|  0.7100|  0.7330|  0.7100|  0.6929|
|  007/050|  0.5398|  0.8404|  0.8406|  0.8404|  0.8403|  1.0520|  0.7532|  0.7721|  0.7532|  0.7507|
|  008/050|  0.5549|  0.8491|  0.8503|  0.8491|  0.8496|  1.5622|  0.6797|  0.7887|  0.6797|  0.6803|
+---------+--------+--------+--------+--------+--------+--------+--------+--------+--------+--------+

######################################################################################################################
#                                                    TEST RESULTS                                                    #
######################################################################################################################
# LOSS      : 0.7974                                                                                                 #
# ACCURACY  : 0.7847                                                                                                 #
# PRECISION : 0.8271                                                                                                 #
# RECALL    : 0.7847                                                                                                 #
# F1        : 0.7835                                                                                                 #
# CONFUSION MATRIX:                                                                                                  #
# [[28  0  0  0  0  1  0  0  0  0]                                                                                   #
#  [ 0 28  0  0  0  0  1  0  0  0]                                                                                   #
#  [ 0  0 23  0  2  3  1  0  0  0]                                                                                   #
#  [ 1  0  0 16  1  9  1  0  1  0]                                                                                   #
#  [ 0  0  0  0 25  1  0  1  0  1]                                                                                   #
#  [ 0  1  0  1  0 25  1  0  0  0]                                                                                   #
#  [ 0  0  0  0  2  2 25  0  0  0]                                                                                   #
#  [ 0  0  0  0  0  2  0 26  0  1]                                                                                   #
#  [ 0  0  1  2  1  7  0  0 18  0]                                                                                   #
#  [ 1  0  0  0  8  2  0  5  1 12]]                                                                                  #
######################################################################################################################
