######################################################################################################################
#                                            EXPERIMENTAL PROTOCOL REPORT                                            #
######################################################################################################################
# DATE      : 06-05-2026                                                                                             #
# TIME      : 20-15                                                                                                  #
# DATASET   : MNIST digits stratified                                                                                #
# CLASSIFIER: NEQR + QNN + Dense                                                                                     #
# SUBSET    : 3/5                                                                                                    #
# SPLITS    : train=921, val=231, test=288                                                                           #
# TRAINING  : epochs=50, batch_size=16, device=cpu, qnn_lr=0.0010, head_lr=0.0100                                    #
# MODEL     : num_classes=10, num_qubits=9, num_layers=1                                                             #
# TORCHINFO SUMMARY:                                                                                                 #
# =================================================================                                                  #
# Layer (type:depth-idx)                   Param #                                                                   #
# =================================================================                                                  #
# Sequential                               --                                                                        #
# ├─VQCLayer: 1-1                          27                                                                        #
# ├─Linear: 1-2                            5,130                                                                     #
# ├─LogSoftmax: 1-3                        --                                                                        #
# =================================================================                                                  #
# Total params: 5,157                                                                                                #
# Trainable params: 5,157                                                                                            #
# Non-trainable params: 0                                                                                            #
# =================================================================                                                  #
######################################################################################################################

+---------+--------+--------+--------+--------+--------+--------+--------+--------+--------+--------+
|  Epoch  | TrLoss | TrAcc  | TrPrec | TrRec  |  TrF1  | VaLoss | VaAcc  | VaPrec | VaRec  |  VaF1  |
+=========+========+========+========+========+========+========+========+========+========+========+
|  001/050|  1.7920|  0.5364|  0.5404|  0.5364|  0.5376|  1.0402|  0.6840|  0.7538|  0.6840|  0.6590|
|  002/050|  0.8070|  0.7514|  0.7492|  0.7514|  0.7501|  1.2407|  0.6667|  0.7864|  0.6667|  0.6664|
|  003/050|  0.8339|  0.7655|  0.7660|  0.7655|  0.7650|  1.4376|  0.6753|  0.7454|  0.6753|  0.6654|
|  004/050|  0.7297|  0.7926|  0.7931|  0.7926|  0.7927|  1.0452|  0.7316|  0.7788|  0.7316|  0.7224|
|  005/050|  0.5329|  0.8339|  0.8336|  0.8339|  0.8336|  1.1075|  0.7489|  0.7894|  0.7489|  0.7438|
|  006/050|  0.5458|  0.8317|  0.8313|  0.8317|  0.8311|  0.8377|  0.7879|  0.7988|  0.7879|  0.7870|
|  007/050|  0.4864|  0.8436|  0.8458|  0.8436|  0.8445|  0.8888|  0.7879|  0.8222|  0.7879|  0.7842|
|  008/050|  0.5358|  0.8588|  0.8595|  0.8588|  0.8591|  0.8009|  0.8225|  0.8284|  0.8225|  0.8215|
|  009/050|  0.5522|  0.8426|  0.8428|  0.8426|  0.8425|  1.0044|  0.7922|  0.8302|  0.7922|  0.7935|
|  010/050|  0.6374|  0.8219|  0.8221|  0.8219|  0.8219|  1.4167|  0.7316|  0.8102|  0.7316|  0.7153|
|  011/050|  0.4676|  0.8686|  0.8685|  0.8686|  0.8685|  1.5292|  0.7273|  0.7737|  0.7273|  0.7198|
|  012/050|  0.5266|  0.8523|  0.8535|  0.8523|  0.8525|  1.4492|  0.7576|  0.7814|  0.7576|  0.7588|
|  013/050|  0.6075|  0.8426|  0.8429|  0.8426|  0.8422|  1.1543|  0.7792|  0.8037|  0.7792|  0.7717|
+---------+--------+--------+--------+--------+--------+--------+--------+--------+--------+--------+

######################################################################################################################
#                                                    TEST RESULTS                                                    #
######################################################################################################################
# LOSS      : 1.0207                                                                                                 #
# ACCURACY  : 0.7951                                                                                                 #
# PRECISION : 0.8034                                                                                                 #
# RECALL    : 0.7951                                                                                                 #
# F1        : 0.7922                                                                                                 #
# CONFUSION MATRIX:                                                                                                  #
# [[27  0  0  0  0  0  0  0  1  1]                                                                                   #
#  [ 0 27  0  0  0  0  1  0  0  1]                                                                                   #
#  [ 0  0 24  1  1  0  1  0  1  1]                                                                                   #
#  [ 0  1  3 15  0  3  1  0  5  1]                                                                                   #
#  [ 0  1  0  0 19  1  1  0  1  5]                                                                                   #
#  [ 2  0  0  0  0 23  2  0  1  0]                                                                                   #
#  [ 1  0  0  0  0  0 28  0  0  0]                                                                                   #
#  [ 0  0  0  0  2  1  0 23  2  1]                                                                                   #
#  [ 1  1  0  1  1  4  0  0 19  2]                                                                                   #
#  [ 0  0  1  1  1  0  1  1  0 24]]                                                                                  #
######################################################################################################################
