######################################################################################################################
#                                            EXPERIMENTAL PROTOCOL REPORT                                            #
######################################################################################################################
# DATE      : 06-05-2026                                                                                             #
# TIME      : 20-15                                                                                                  #
# DATASET   : MNIST digits stratified                                                                                #
# CLASSIFIER: NEQR + QNN + Dense                                                                                     #
# SUBSET    : 5/5                                                                                                    #
# SPLITS    : train=921, val=231, test=288                                                                           #
# TRAINING  : epochs=50, batch_size=16, device=cpu, qnn_lr=0.0010, head_lr=0.0100                                    #
# MODEL     : num_classes=10, num_qubits=9, num_layers=1                                                             #
# TORCHINFO SUMMARY:                                                                                                 #
# =================================================================                                                  #
# Layer (type:depth-idx)                   Param #                                                                   #
# =================================================================                                                  #
# Sequential                               --                                                                        #
# ├─VQCLayer: 1-1                          27                                                                        #
# ├─Linear: 1-2                            5,130                                                                     #
# ├─LogSoftmax: 1-3                        --                                                                        #
# =================================================================                                                  #
# Total params: 5,157                                                                                                #
# Trainable params: 5,157                                                                                            #
# Non-trainable params: 0                                                                                            #
# =================================================================                                                  #
######################################################################################################################

+---------+--------+--------+--------+--------+--------+--------+--------+--------+--------+--------+
|  Epoch  | TrLoss | TrAcc  | TrPrec | TrRec  |  TrF1  | VaLoss | VaAcc  | VaPrec | VaRec  |  VaF1  |
+=========+========+========+========+========+========+========+========+========+========+========+
|  001/050|  1.7598|  0.5483|  0.5514|  0.5483|  0.5487|  0.9230|  0.7100|  0.7534|  0.7100|  0.7041|
|  002/050|  0.8869|  0.7416|  0.7407|  0.7416|  0.7410|  1.1437|  0.6970|  0.7784|  0.6970|  0.7033|
|  003/050|  0.7554|  0.7839|  0.7834|  0.7839|  0.7835|  1.1134|  0.6753|  0.7526|  0.6753|  0.6745|
|  004/050|  0.5041|  0.8317|  0.8332|  0.8317|  0.8321|  1.1173|  0.6710|  0.7424|  0.6710|  0.6670|
|  005/050|  0.4595|  0.8534|  0.8534|  0.8534|  0.8533|  1.0430|  0.7403|  0.7839|  0.7403|  0.7408|
|  006/050|  0.4947|  0.8502|  0.8491|  0.8502|  0.8495|  1.1263|  0.7403|  0.8199|  0.7403|  0.7509|
+---------+--------+--------+--------+--------+--------+--------+--------+--------+--------+--------+

######################################################################################################################
#                                                    TEST RESULTS                                                    #
######################################################################################################################
# LOSS      : 0.9071                                                                                                 #
# ACCURACY  : 0.7465                                                                                                 #
# PRECISION : 0.7722                                                                                                 #
# RECALL    : 0.7465                                                                                                 #
# F1        : 0.7396                                                                                                 #
# CONFUSION MATRIX:                                                                                                  #
# [[25  0  0  1  1  0  0  0  1  1]                                                                                   #
#  [ 0 25  1  0  0  0  0  0  2  1]                                                                                   #
#  [ 1  0 24  0  0  1  0  1  2  0]                                                                                   #
#  [ 2  0  2 16  0  0  0  2  7  0]                                                                                   #
#  [ 1  0  0  0 22  0  0  2  0  3]                                                                                   #
#  [ 3  0  0  3  1  9  0  3  8  1]                                                                                   #
#  [ 0  1  0  0  2  1 25  0  0  0]                                                                                   #
#  [ 0  0  0  0  0  0  0 28  1  0]                                                                                   #
#  [ 1  0  0  0  0  1  0  1 25  1]                                                                                   #
#  [ 0  0  1  0  5  0  0  5  2 16]]                                                                                  #
######################################################################################################################
