######################################################################################################################
#                                            EXPERIMENTAL PROTOCOL REPORT                                            #
######################################################################################################################
# DATE      : 06-05-2026                                                                                             #
# TIME      : 20-15                                                                                                  #
# DATASET   : MNIST digits stratified                                                                                #
# CLASSIFIER: NEQR + QNN + Dense                                                                                     #
# SUBSET    : 1/5                                                                                                    #
# SPLITS    : train=921, val=231, test=288                                                                           #
# TRAINING  : epochs=50, batch_size=16, device=cpu, qnn_lr=0.0010, head_lr=0.0100                                    #
# ARCHITECT.: GEQIE/NEQR-encoded circuits -> VQCLayer(num_qubits, num_layers) -> Linear(2**num_qubits, num_classes)  #
#             -> LogSoftmax                                                                                          #
# MODEL     : num_classes=10, num_qubits=9, num_layers=1                                                             #
# TORCHINFO SUMMARY:                                                                                                 #
# =================================================================                                                  #
# Layer (type:depth-idx)                   Param #                                                                   #
# =================================================================                                                  #
# Sequential                               --                                                                        #
# ├─VQCLayer: 1-1                          27                                                                        #
# ├─Linear: 1-2                            5,130                                                                     #
# ├─LogSoftmax: 1-3                        --                                                                        #
# =================================================================                                                  #
# Total params: 5,157                                                                                                #
# Trainable params: 5,157                                                                                            #
# Non-trainable params: 0                                                                                            #
# =================================================================                                                  #
######################################################################################################################

+---------+--------+--------+--------+--------+--------+--------+--------+--------+--------+--------+
|  Epoch  | TrLoss | TrAcc  | TrPrec | TrRec  |  TrF1  | VaLoss | VaAcc  | VaPrec | VaRec  |  VaF1  |
+=========+========+========+========+========+========+========+========+========+========+========+
|  001/050|  1.8118|  0.5277|  0.5269|  0.5277|  0.5270|  0.6767|  0.7706|  0.7954|  0.7706|  0.7647|
|  002/050|  0.6098|  0.7991|  0.7996|  0.7991|  0.7990|  0.9729|  0.7359|  0.7811|  0.7359|  0.7236|
|  003/050|  0.6365|  0.7959|  0.7964|  0.7959|  0.7959|  0.8515|  0.7359|  0.7915|  0.7359|  0.7300|
|  004/050|  0.4920|  0.8415|  0.8420|  0.8415|  0.8416|  0.6701|  0.7662|  0.7778|  0.7662|  0.7647|
|  005/050|  0.4581|  0.8599|  0.8604|  0.8599|  0.8600|  0.8704|  0.7879|  0.8292|  0.7879|  0.7841|
|  006/050|  0.3932|  0.8697|  0.8703|  0.8697|  0.8698|  0.7546|  0.7965|  0.8156|  0.7965|  0.7955|
|  007/050|  0.4026|  0.8795|  0.8790|  0.8795|  0.8790|  1.1077|  0.7100|  0.7748|  0.7100|  0.7133|
|  008/050|  0.4677|  0.8599|  0.8598|  0.8599|  0.8598|  1.1434|  0.7403|  0.8019|  0.7403|  0.7363|
|  009/050|  0.3997|  0.8762|  0.8757|  0.8762|  0.8756|  1.0288|  0.7229|  0.7524|  0.7229|  0.7269|
+---------+--------+--------+--------+--------+--------+--------+--------+--------+--------+--------+

######################################################################################################################
#                                                    TEST RESULTS                                                    #
######################################################################################################################
# LOSS      : 0.8536                                                                                                 #
# ACCURACY  : 0.7604                                                                                                 #
# PRECISION : 0.7773                                                                                                 #
# RECALL    : 0.7604                                                                                                 #
# F1        : 0.7588                                                                                                 #
# CONFUSION MATRIX:                                                                                                  #
# [[27  0  0  0  0  0  0  0  2  0]                                                                                   #
#  [ 0 27  1  0  0  1  0  0  0  0]                                                                                   #
#  [ 1  1 18  3  0  0  1  0  5  0]                                                                                   #
#  [ 1  1  0 17  0  4  0  1  3  2]                                                                                   #
#  [ 3  0  1  1 17  0  2  1  1  2]                                                                                   #
#  [ 5  1  0  3  0 19  0  0  0  0]                                                                                   #
#  [ 3  0  0  0  1  1 23  0  1  0]                                                                                   #
#  [ 0  1  1  0  0  1  0 23  1  2]                                                                                   #
#  [ 0  0  0  0  0  4  0  0 24  1]                                                                                   #
#  [ 1  0  0  0  0  0  0  4  0 24]]                                                                                  #
######################################################################################################################
