######################################################################################################################
#                                            EXPERIMENTAL PROTOCOL REPORT                                            #
######################################################################################################################
# DATE      : 06-05-2026                                                                                             #
# TIME      : 20-15                                                                                                  #
# DATASET   : MNIST digits stratified                                                                                #
# CLASSIFIER: NEQR + QNN + Dense                                                                                     #
# SUBSET    : 2/5                                                                                                    #
# SPLITS    : train=921, val=231, test=288                                                                           #
# TRAINING  : epochs=50, batch_size=16, device=cpu, qnn_lr=0.0010, head_lr=0.0100                                    #
# MODEL     : num_classes=10, num_qubits=9, num_layers=1                                                             #
# TORCHINFO SUMMARY:                                                                                                 #
# =================================================================                                                  #
# Layer (type:depth-idx)                   Param #                                                                   #
# =================================================================                                                  #
# Sequential                               --                                                                        #
# ├─VQCLayer: 1-1                          27                                                                        #
# ├─Linear: 1-2                            5,130                                                                     #
# ├─LogSoftmax: 1-3                        --                                                                        #
# =================================================================                                                  #
# Total params: 5,157                                                                                                #
# Trainable params: 5,157                                                                                            #
# Non-trainable params: 0                                                                                            #
# =================================================================                                                  #
######################################################################################################################

+---------+--------+--------+--------+--------+--------+--------+--------+--------+--------+--------+
|  Epoch  | TrLoss | TrAcc  | TrPrec | TrRec  |  TrF1  | VaLoss | VaAcc  | VaPrec | VaRec  |  VaF1  |
+=========+========+========+========+========+========+========+========+========+========+========+
|  001/050|  1.7397|  0.5418|  0.5412|  0.5418|  0.5408|  0.8083|  0.7056|  0.7549|  0.7056|  0.7045|
|  002/050|  0.7522|  0.7568|  0.7575|  0.7568|  0.7566|  1.1732|  0.6450|  0.7695|  0.6450|  0.6252|
|  003/050|  0.9112|  0.7492|  0.7531|  0.7492|  0.7506|  2.1383|  0.6104|  0.6147|  0.6104|  0.5494|
|  004/050|  0.7300|  0.7861|  0.7842|  0.7861|  0.7849|  1.1325|  0.7273|  0.7816|  0.7273|  0.7244|
|  005/050|  0.5134|  0.8458|  0.8451|  0.8458|  0.8454|  1.3750|  0.6753|  0.7354|  0.6753|  0.6760|
|  006/050|  0.7295|  0.7926|  0.7931|  0.7926|  0.7927|  1.4583|  0.6667|  0.7575|  0.6667|  0.6477|
+---------+--------+--------+--------+--------+--------+--------+--------+--------+--------+--------+

######################################################################################################################
#                                                    TEST RESULTS                                                    #
######################################################################################################################
# LOSS      : 0.8388                                                                                                 #
# ACCURACY  : 0.6771                                                                                                 #
# PRECISION : 0.7080                                                                                                 #
# RECALL    : 0.6771                                                                                                 #
# F1        : 0.6631                                                                                                 #
# CONFUSION MATRIX:                                                                                                  #
# [[23  0  0  0  0  0  1  0  5  0]                                                                                   #
#  [ 0 29  0  0  0  0  0  0  0  0]                                                                                   #
#  [ 0  0 19  0  1  0  4  0  5  0]                                                                                   #
#  [ 0  0  1  5  0  4  2  0 16  1]                                                                                   #
#  [ 0  0  3  0 17  1  0  1  2  4]                                                                                   #
#  [ 2  1  0  2  3  8  4  0  8  0]                                                                                   #
#  [ 0  1  0  0  2  1 24  0  1  0]                                                                                   #
#  [ 0  0  0  0  0  0  0 27  0  2]                                                                                   #
#  [ 2  1  0  1  0  0  0  0 25  0]                                                                                   #
#  [ 0  0  0  0  5  0  0  2  4 18]]                                                                                  #
######################################################################################################################
