######################################################################################################################
#                                            EXPERIMENTAL PROTOCOL REPORT                                            #
######################################################################################################################
# DATE      : 04-05-2026                                                                                             #
# TIME      : 12-35                                                                                                  #
# DATASET   : MNIST digits stratified                                                                                #
# CLASSIFIER: NEQR + QNN + Dense                                                                                     #
# SUBSET    : 3/5                                                                                                    #
# SPLITS    : train=921, val=231, test=288                                                                           #
# TRAINING  : epochs=10, batch_size=16, device=cpu, qnn_lr=0.0010, head_lr=0.0100                                    #
# MODEL     : num_classes=10, num_qubits=9, num_layers=1                                                             #
######################################################################################################################

+---------+--------+--------+--------+--------+--------+--------+--------+--------+--------+--------+
|  Epoch  | TrLoss | TrAcc  | TrPrec | TrRec  |  TrF1  | VaLoss | VaAcc  | VaPrec | VaRec  |  VaF1  |
+=========+========+========+========+========+========+========+========+========+========+========+
|  001/010|  1.7722|  0.5353|  0.5330|  0.5353|  0.5337|  1.1883|  0.6623|  0.6975|  0.6623|  0.6465|
|  002/010|  0.7606|  0.7709|  0.7709|  0.7709|  0.7706|  1.0827|  0.6970|  0.7707|  0.6970|  0.6805|
|  003/010|  0.6101|  0.8078|  0.8088|  0.8078|  0.8080|  0.7058|  0.8009|  0.8296|  0.8009|  0.7950|
|  004/010|  0.5777|  0.8306|  0.8307|  0.8306|  0.8305|  0.7882|  0.7965|  0.8173|  0.7965|  0.7974|
|  005/010|  0.4369|  0.8632|  0.8637|  0.8632|  0.8632|  1.2410|  0.7186|  0.8439|  0.7186|  0.7200|
|  006/010|  0.5459|  0.8350|  0.8341|  0.8350|  0.8343|  1.2557|  0.7446|  0.8397|  0.7446|  0.7487|
|  007/010|  0.4500|  0.8632|  0.8641|  0.8632|  0.8635|  0.9490|  0.7922|  0.8222|  0.7922|  0.7909|
|  008/010|  0.4426|  0.8708|  0.8714|  0.8708|  0.8709|  0.7488|  0.8139|  0.8302|  0.8139|  0.8122|
+---------+--------+--------+--------+--------+--------+--------+--------+--------+--------+--------+

######################################################################################################################
#                                                    TEST RESULTS                                                    #
######################################################################################################################
# LOSS      : 0.9438                                                                                                 #
# ACCURACY  : 0.7465                                                                                                 #
# PRECISION : 0.7723                                                                                                 #
# RECALL    : 0.7465                                                                                                 #
# F1        : 0.7362                                                                                                 #
# CONFUSION MATRIX:                                                                                                  #
# [[28  0  1  0  0  0  0  0  0  0]                                                                                   #
#  [ 0 27  0  1  1  0  0  0  0  0]                                                                                   #
#  [ 0  0 23  1  1  1  2  0  1  0]                                                                                   #
#  [ 0  0  3 21  0  4  0  0  1  0]                                                                                   #
#  [ 0  0  2  1 22  1  0  1  0  1]                                                                                   #
#  [ 1  0  0  3  0 23  1  0  0  0]                                                                                   #
#  [ 0  0  2  0  1  1 23  0  2  0]                                                                                   #
#  [ 0  0  1  1  1  1  0 24  1  0]                                                                                   #
#  [ 0  0  3  3  1  4  1  0 17  0]                                                                                   #
#  [ 0  0  1  2 13  0  1  4  1  7]]                                                                                  #
######################################################################################################################
