######################################################################################################################
#                                            EXPERIMENTAL PROTOCOL REPORT                                            #
######################################################################################################################
# DATE      : 04-05-2026                                                                                             #
# TIME      : 12-35                                                                                                  #
# DATASET   : MNIST digits stratified                                                                                #
# CLASSIFIER: NEQR + QNN + Dense                                                                                     #
# SUBSET    : 1/5                                                                                                    #
# SPLITS    : train=921, val=231, test=288                                                                           #
# TRAINING  : epochs=10, batch_size=16, device=cpu, qnn_lr=0.0010, head_lr=0.0100                                    #
# ARCHITECT.: GEQIE/NEQR-encoded circuits -> VQCLayer(num_qubits, num_layers) -> Linear(2**num_qubits, num_classes)  #
#             -> LogSoftmax                                                                                          #
# MODEL     : num_classes=10, num_qubits=9, num_layers=1                                                             #
######################################################################################################################

+---------+--------+--------+--------+--------+--------+--------+--------+--------+--------+--------+
|  Epoch  | TrLoss | TrAcc  | TrPrec | TrRec  |  TrF1  | VaLoss | VaAcc  | VaPrec | VaRec  |  VaF1  |
+=========+========+========+========+========+========+========+========+========+========+========+
|  001/010|  1.7801|  0.5244|  0.5245|  0.5244|  0.5236|  1.1814|  0.6580|  0.7425|  0.6580|  0.6507|
|  002/010|  0.6458|  0.7883|  0.7908|  0.7883|  0.7892|  0.7419|  0.7835|  0.7975|  0.7835|  0.7778|
|  003/010|  0.5149|  0.8328|  0.8335|  0.8328|  0.8329|  1.2708|  0.6753|  0.7183|  0.6753|  0.6491|
|  004/010|  0.5758|  0.8143|  0.8152|  0.8143|  0.8146|  0.9669|  0.7446|  0.7857|  0.7446|  0.7427|
|  005/010|  0.4322|  0.8675|  0.8675|  0.8675|  0.8672|  0.9212|  0.7792|  0.8105|  0.7792|  0.7821|
|  006/010|  0.5580|  0.8176|  0.8174|  0.8176|  0.8171|  1.2580|  0.7273|  0.7868|  0.7273|  0.7138|
|  007/010|  0.5044|  0.8458|  0.8467|  0.8458|  0.8460|  0.8887|  0.7879|  0.7997|  0.7879|  0.7876|
+---------+--------+--------+--------+--------+--------+--------+--------+--------+--------+--------+

######################################################################################################################
#                                                    TEST RESULTS                                                    #
######################################################################################################################
# LOSS      : 0.8064                                                                                                 #
# ACCURACY  : 0.7535                                                                                                 #
# PRECISION : 0.7687                                                                                                 #
# RECALL    : 0.7535                                                                                                 #
# F1        : 0.7546                                                                                                 #
# CONFUSION MATRIX:                                                                                                  #
# [[26  0  0  0  0  0  1  0  0  2]                                                                                   #
#  [ 0 25  2  0  0  1  1  0  0  0]                                                                                   #
#  [ 3  0 23  0  1  1  0  0  1  0]                                                                                   #
#  [ 0  0  1 23  0  3  0  1  0  1]                                                                                   #
#  [ 1  0  1  0 19  2  1  0  0  4]                                                                                   #
#  [ 2  0  3  1  0 21  1  0  0  0]                                                                                   #
#  [ 4  0  0  0  0  1 24  0  0  0]                                                                                   #
#  [ 1  0  0  1  3  1  1 15  0  7]                                                                                   #
#  [ 1  0  1  1  1  0  0  1 22  2]                                                                                   #
#  [ 1  0  0  1  3  1  0  2  2 19]]                                                                                  #
######################################################################################################################
