######################################################################################################################
#                                            EXPERIMENTAL PROTOCOL REPORT                                            #
######################################################################################################################
# DATE      : 04-05-2026                                                                                             #
# TIME      : 12-35                                                                                                  #
# DATASET   : MNIST digits stratified                                                                                #
# CLASSIFIER: NEQR + QNN + Dense                                                                                     #
# SUBSET    : 5/5                                                                                                    #
# SPLITS    : train=921, val=231, test=288                                                                           #
# TRAINING  : epochs=10, batch_size=16, device=cpu, qnn_lr=0.0010, head_lr=0.0100                                    #
# MODEL     : num_classes=10, num_qubits=9, num_layers=1                                                             #
######################################################################################################################

+---------+--------+--------+--------+--------+--------+--------+--------+--------+--------+--------+
|  Epoch  | TrLoss | TrAcc  | TrPrec | TrRec  |  TrF1  | VaLoss | VaAcc  | VaPrec | VaRec  |  VaF1  |
+=========+========+========+========+========+========+========+========+========+========+========+
|  001/010|  2.0059|  0.4962|  0.4992|  0.4962|  0.4967|  0.9184|  0.7316|  0.7636|  0.7316|  0.7349|
|  002/010|  0.6974|  0.7937|  0.7945|  0.7937|  0.7935|  0.8493|  0.7143|  0.7498|  0.7143|  0.7153|
|  003/010|  0.5752|  0.8165|  0.8173|  0.8165|  0.8167|  1.1365|  0.6797|  0.7301|  0.6797|  0.6745|
|  004/010|  0.5105|  0.8393|  0.8392|  0.8393|  0.8390|  1.1800|  0.6883|  0.7494|  0.6883|  0.6922|
|  005/010|  0.5446|  0.8317|  0.8313|  0.8317|  0.8312|  1.3422|  0.6883|  0.7487|  0.6883|  0.6830|
|  006/010|  0.5070|  0.8360|  0.8375|  0.8360|  0.8365|  1.3342|  0.6537|  0.7443|  0.6537|  0.6578|
|  007/010|  0.5346|  0.8567|  0.8566|  0.8567|  0.8561|  0.9928|  0.7273|  0.7594|  0.7273|  0.7215|
+---------+--------+--------+--------+--------+--------+--------+--------+--------+--------+--------+

######################################################################################################################
#                                                    TEST RESULTS                                                    #
######################################################################################################################
# LOSS      : 0.8414                                                                                                 #
# ACCURACY  : 0.7743                                                                                                 #
# PRECISION : 0.7910                                                                                                 #
# RECALL    : 0.7743                                                                                                 #
# F1        : 0.7626                                                                                                 #
# CONFUSION MATRIX:                                                                                                  #
# [[25  0  1  0  0  1  0  0  2  0]                                                                                   #
#  [ 0 26  0  0  0  1  0  0  2  0]                                                                                   #
#  [ 1  0 24  0  0  1  1  0  2  0]                                                                                   #
#  [ 1  0  3 22  0  1  0  0  2  0]                                                                                   #
#  [ 1  0  1  0 18  1  1  1  3  2]                                                                                   #
#  [ 0  0  0  4  0 22  0  0  2  0]                                                                                   #
#  [ 0  0  0  0  0  2 25  0  2  0]                                                                                   #
#  [ 0  0  0  1  0  2  0 25  1  0]                                                                                   #
#  [ 0  0  0  0  0  0  0  0 29  0]                                                                                   #
#  [ 1  0  2  1 11  1  0  3  3  7]]                                                                                  #
######################################################################################################################
