######################################################################################################################
#                                            EXPERIMENTAL PROTOCOL REPORT                                            #
######################################################################################################################
# DATE      : 04-05-2026                                                                                             #
# TIME      : 12-35                                                                                                  #
# DATASET   : MNIST digits stratified                                                                                #
# CLASSIFIER: NEQR + QNN + Dense                                                                                     #
# SUBSET    : 2/5                                                                                                    #
# SPLITS    : train=921, val=231, test=288                                                                           #
# TRAINING  : epochs=10, batch_size=16, device=cpu, qnn_lr=0.0010, head_lr=0.0100                                    #
# MODEL     : num_classes=10, num_qubits=9, num_layers=1                                                             #
######################################################################################################################

+---------+--------+--------+--------+--------+--------+--------+--------+--------+--------+--------+
|  Epoch  | TrLoss | TrAcc  | TrPrec | TrRec  |  TrF1  | VaLoss | VaAcc  | VaPrec | VaRec  |  VaF1  |
+=========+========+========+========+========+========+========+========+========+========+========+
|  001/010|  2.1570|  0.4973|  0.5003|  0.4973|  0.4982|  1.1182|  0.6537|  0.6993|  0.6537|  0.6317|
|  002/010|  0.8425|  0.7481|  0.7491|  0.7481|  0.7483|  0.9635|  0.7100|  0.7551|  0.7100|  0.7074|
|  003/010|  0.7563|  0.7698|  0.7698|  0.7698|  0.7694|  0.8712|  0.7316|  0.7687|  0.7316|  0.7294|
|  004/010|  0.4708|  0.8447|  0.8457|  0.8447|  0.8450|  0.9566|  0.7316|  0.8051|  0.7316|  0.7424|
|  005/010|  0.5775|  0.8284|  0.8290|  0.8284|  0.8285|  0.9460|  0.7662|  0.8202|  0.7662|  0.7676|
|  006/010|  0.5935|  0.8143|  0.8151|  0.8143|  0.8144|  1.4888|  0.6667|  0.7249|  0.6667|  0.6580|
|  007/010|  0.5423|  0.8360|  0.8363|  0.8360|  0.8356|  1.0632|  0.7403|  0.7806|  0.7403|  0.7489|
|  008/010|  0.3542|  0.8914|  0.8917|  0.8914|  0.8913|  0.7949|  0.7619|  0.7750|  0.7619|  0.7599|
|  009/010|  0.3937|  0.8773|  0.8779|  0.8773|  0.8774|  1.1596|  0.7576|  0.7679|  0.7576|  0.7567|
|  010/010|  0.4193|  0.8751|  0.8753|  0.8751|  0.8751|  1.5504|  0.7229|  0.7761|  0.7229|  0.6977|
+---------+--------+--------+--------+--------+--------+--------+--------+--------+--------+--------+

######################################################################################################################
#                                                    TEST RESULTS                                                    #
######################################################################################################################
# LOSS      : 0.7604                                                                                                 #
# ACCURACY  : 0.8056                                                                                                 #
# PRECISION : 0.8119                                                                                                 #
# RECALL    : 0.8056                                                                                                 #
# F1        : 0.8025                                                                                                 #
# CONFUSION MATRIX:                                                                                                  #
# [[25  0  1  0  1  0  0  0  2  0]                                                                                   #
#  [ 0 28  0  0  0  0  0  0  0  1]                                                                                   #
#  [ 0  0 27  1  0  0  1  0  0  0]                                                                                   #
#  [ 1  0  1 19  0  1  0  3  4  0]                                                                                   #
#  [ 0  0  0  0 23  0  0  2  0  3]                                                                                   #
#  [ 0  2  1  2  0 16  2  1  3  1]                                                                                   #
#  [ 1  0  3  0  1  1 22  0  1  0]                                                                                   #
#  [ 0  0  0  0  0  0  0 27  0  2]                                                                                   #
#  [ 1  1  1  2  0  0  0  0 24  0]                                                                                   #
#  [ 0  0  0  0  2  1  0  4  1 21]]                                                                                  #
######################################################################################################################
