######################################################################################################################
#                                            EXPERIMENTAL PROTOCOL REPORT                                            #
######################################################################################################################
# DATE      : 04-05-2026                                                                                             #
# TIME      : 12-35                                                                                                  #
# DATASET   : MNIST digits stratified                                                                                #
# CLASSIFIER: NEQR + QNN + Dense                                                                                     #
# SUBSET    : 4/5                                                                                                    #
# SPLITS    : train=921, val=231, test=288                                                                           #
# TRAINING  : epochs=10, batch_size=16, device=cpu, qnn_lr=0.0010, head_lr=0.0100                                    #
# MODEL     : num_classes=10, num_qubits=9, num_layers=1                                                             #
######################################################################################################################

+---------+--------+--------+--------+--------+--------+--------+--------+--------+--------+--------+
|  Epoch  | TrLoss | TrAcc  | TrPrec | TrRec  |  TrF1  | VaLoss | VaAcc  | VaPrec | VaRec  |  VaF1  |
+=========+========+========+========+========+========+========+========+========+========+========+
|  001/010|  1.9321|  0.5179|  0.5172|  0.5179|  0.5170|  0.9386|  0.7186|  0.7820|  0.7186|  0.7041|
|  002/010|  0.8233|  0.7427|  0.7448|  0.7427|  0.7427|  1.1504|  0.6667|  0.7758|  0.6667|  0.6541|
|  003/010|  0.7317|  0.7720|  0.7722|  0.7720|  0.7719|  0.8500|  0.7359|  0.7492|  0.7359|  0.7309|
|  004/010|  0.6338|  0.8143|  0.8130|  0.8143|  0.8134|  1.2718|  0.6883|  0.7649|  0.6883|  0.6734|
|  005/010|  0.5491|  0.8295|  0.8297|  0.8295|  0.8293|  1.0129|  0.7273|  0.7770|  0.7273|  0.7383|
|  006/010|  0.5541|  0.8198|  0.8220|  0.8198|  0.8205|  0.8949|  0.7792|  0.7995|  0.7792|  0.7815|
|  007/010|  0.5030|  0.8556|  0.8554|  0.8556|  0.8554|  1.2143|  0.7056|  0.7585|  0.7056|  0.6992|
|  008/010|  0.6412|  0.8143|  0.8153|  0.8143|  0.8145|  1.4114|  0.7489|  0.8135|  0.7489|  0.7495|
+---------+--------+--------+--------+--------+--------+--------+--------+--------+--------+--------+

######################################################################################################################
#                                                    TEST RESULTS                                                    #
######################################################################################################################
# LOSS      : 0.7375                                                                                                 #
# ACCURACY  : 0.7500                                                                                                 #
# PRECISION : 0.7832                                                                                                 #
# RECALL    : 0.7500                                                                                                 #
# F1        : 0.7541                                                                                                 #
# CONFUSION MATRIX:                                                                                                  #
# [[25  0  2  0  0  0  2  0  0  0]                                                                                   #
#  [ 0 24  0  0  5  0  0  0  0  0]                                                                                   #
#  [ 0  0 26  0  0  1  1  1  0  0]                                                                                   #
#  [ 1  0  4 20  0  1  2  0  0  1]                                                                                   #
#  [ 0  0  1  0 21  0  3  1  0  2]                                                                                   #
#  [ 0  0  2  3  1 17  1  1  1  2]                                                                                   #
#  [ 1  0  0  0  3  0 25  0  0  0]                                                                                   #
#  [ 1  0  0  0  2  0  0 21  0  5]                                                                                   #
#  [ 0  0  2  0  3  0  1  0 18  5]                                                                                   #
#  [ 1  0  0  0  4  0  2  3  0 19]]                                                                                  #
######################################################################################################################
