######################################################################################################################
#                                            EXPERIMENTAL PROTOCOL REPORT                                            #
######################################################################################################################
# DATE      : 29-04-2026                                                                                             #
# TIME      : 14:23                                                                                                  #
# DATASET   : MNIST digits stratified                                                                                #
# CLASSIFIER: PCA + ZZFeatureMap + QNN                                                                               #
# SUBSET    : 3/5                                                                                                    #
# SPLITS    : train=921, val=231, test=288                                                                           #
# TRAINING  : epochs=10, batch_size=16, device=cpu, qnn_lr=0.0010, head_lr=0.0100                                    #
# MODEL     : num_classes=10, num_qubits=12, num_layers=1                                                            #
######################################################################################################################

+---------+--------+--------+--------+--------+--------+--------+--------+--------+--------+--------+
|  Epoch  | TrLoss | TrAcc  | TrPrec | TrRec  |  TrF1  | VaLoss | VaAcc  | VaPrec | VaRec  |  VaF1  |
+=========+========+========+========+========+========+========+========+========+========+========+
|  001/010| 18.1002|  0.1173|  0.1168|  0.1173|  0.1170| 16.7076|  0.1212|  0.1103|  0.1212|  0.0987|
|  002/010| 11.4402|  0.2942|  0.2941|  0.2942|  0.2939| 21.6261|  0.1299|  0.1297|  0.1299|  0.1154|
|  003/010| 10.9119|  0.4007|  0.4014|  0.4007|  0.4009| 23.6540|  0.1299|  0.1155|  0.1299|  0.1181|
|  004/010|  9.6720|  0.4701|  0.4713|  0.4701|  0.4703| 26.6528|  0.1169|  0.1190|  0.1169|  0.1018|
|  005/010|  7.6427|  0.5581|  0.5584|  0.5581|  0.5581| 30.1747|  0.1385|  0.1443|  0.1385|  0.1242|
|  006/010|  8.2439|  0.5798|  0.5803|  0.5798|  0.5798| 29.2384|  0.1732|  0.1458|  0.1732|  0.1481|
+---------+--------+--------+--------+--------+--------+--------+--------+--------+--------+--------+

######################################################################################################################
#                                                    TEST RESULTS                                                    #
######################################################################################################################
# LOSS      : 16.0712                                                                                                #
# ACCURACY  : 0.1458                                                                                                 #
# PRECISION : 0.1104                                                                                                 #
# RECALL    : 0.1458                                                                                                 #
# F1        : 0.1151                                                                                                 #
# CONFUSION MATRIX:                                                                                                  #
# [[14  4  3  3  1  1  3  0  0  0]                                                                                   #
#  [ 5  8  6  1  3  3  1  2  0  0]                                                                                   #
#  [ 6  3  8  5  2  4  0  1  0  0]                                                                                   #
#  [ 8  2  5  2  5  3  1  3  0  0]                                                                                   #
#  [ 8  2  5  2  4  5  1  1  0  0]                                                                                   #
#  [ 8  3  6  4  3  2  0  2  0  0]                                                                                   #
#  [ 8  2  4  1  2  7  1  4  0  0]                                                                                   #
#  [ 6  7  7  0  4  2  0  3  0  0]                                                                                   #
#  [ 6  1  9  3  3  4  1  2  0  0]                                                                                   #
#  [ 6  2 11  2  5  2  0  1  0  0]]                                                                                  #
######################################################################################################################
