######################################################################################################################
#                                            EXPERIMENTAL PROTOCOL REPORT                                            #
######################################################################################################################
# DATE      : 29-04-2026                                                                                             #
# TIME      : 14:23                                                                                                  #
# DATASET   : MNIST digits stratified                                                                                #
# CLASSIFIER: PCA + ZZFeatureMap + QNN                                                                               #
# SUBSET    : 2/5                                                                                                    #
# SPLITS    : train=921, val=231, test=288                                                                           #
# TRAINING  : epochs=10, batch_size=16, device=cpu, qnn_lr=0.0010, head_lr=0.0100                                    #
# MODEL     : num_classes=10, num_qubits=12, num_layers=1                                                            #
######################################################################################################################

+---------+--------+--------+--------+--------+--------+--------+--------+--------+--------+--------+
|  Epoch  | TrLoss | TrAcc  | TrPrec | TrRec  |  TrF1  | VaLoss | VaAcc  | VaPrec | VaRec  |  VaF1  |
+=========+========+========+========+========+========+========+========+========+========+========+
|  001/010| 19.2976|  0.1021|  0.1020|  0.1021|  0.1019| 17.3483|  0.1082|  0.1010|  0.1082|  0.0817|
|  002/010| 12.1398|  0.2877|  0.2876|  0.2877|  0.2874| 19.2626|  0.1645|  0.2300|  0.1645|  0.1558|
|  003/010|  9.3779|  0.4126|  0.4109|  0.4126|  0.4116| 25.1118|  0.1169|  0.2046|  0.1169|  0.0973|
|  004/010|  9.6165|  0.4647|  0.4653|  0.4647|  0.4648| 26.9205|  0.1429|  0.1373|  0.1429|  0.1246|
|  005/010|  8.0378|  0.5331|  0.5337|  0.5331|  0.5332| 31.5420|  0.1126|  0.1080|  0.1126|  0.0856|
|  006/010|  9.5409|  0.5559|  0.5572|  0.5559|  0.5563| 34.8454|  0.1082|  0.2240|  0.1082|  0.1156|
+---------+--------+--------+--------+--------+--------+--------+--------+--------+--------+--------+

######################################################################################################################
#                                                    TEST RESULTS                                                    #
######################################################################################################################
# LOSS      : 18.3167                                                                                                #
# ACCURACY  : 0.0938                                                                                                 #
# PRECISION : 0.1141                                                                                                 #
# RECALL    : 0.0938                                                                                                 #
# F1        : 0.0643                                                                                                 #
# CONFUSION MATRIX:                                                                                                  #
# [[ 1  0  4  3  0  7  1  0 13  0]                                                                                   #
#  [ 1  1  9  1  0  8  0  0  8  1]                                                                                   #
#  [ 0  0  4  7  0  7  0  2  9  0]                                                                                   #
#  [ 2  0  5  2  0  7  0  1 12  0]                                                                                   #
#  [ 0  0  6  1  0 13  0  0  8  0]                                                                                   #
#  [ 1  0  0  6  0  8  1  2 10  0]                                                                                   #
#  [ 0  0  6  7  0  6  0  4  6  0]                                                                                   #
#  [ 0  0  2  4  0 14  0  1  8  0]                                                                                   #
#  [ 0  0  7  3  1  7  1  0 10  0]                                                                                   #
#  [ 0  1  6  4  1 12  0  0  5  0]]                                                                                  #
######################################################################################################################
