######################################################################################################################
#                                            EXPERIMENTAL PROTOCOL REPORT                                            #
######################################################################################################################
# DATE      : 30-04-2026                                                                                             #
# TIME      : 09:18                                                                                                  #
# DATASET   : MNIST digits stratified                                                                                #
# CLASSIFIER: FRQI + QNN + Dense                                                                                     #
# SUBSET    : 1/5                                                                                                    #
# SPLITS    : train=921, val=231, test=288                                                                           #
# TRAINING  : epochs=10, batch_size=16, device=cpu, qnn_lr=0.0010, head_lr=0.0100                                    #
# ARCHITECT.: GEQIE/FRQI-encoded circuits -> VQCLayer(num_qubits, num_layers) -> Linear(2**num_qubits, num_classes)  #
#             -> LogSoftmax                                                                                          #
# MODEL     : num_classes=10, num_qubits=9, num_layers=1                                                             #
######################################################################################################################

+---------+--------+--------+--------+--------+--------+--------+--------+--------+--------+--------+
|  Epoch  | TrLoss | TrAcc  | TrPrec | TrRec  |  TrF1  | VaLoss | VaAcc  | VaPrec | VaRec  |  VaF1  |
+=========+========+========+========+========+========+========+========+========+========+========+
|  001/010|  1.6822|  0.5407|  0.5434|  0.5407|  0.5414|  0.8727|  0.7186|  0.8053|  0.7186|  0.7256|
|  002/010|  0.5335|  0.8393|  0.8405|  0.8393|  0.8395|  1.1142|  0.6407|  0.7555|  0.6407|  0.6154|
|  003/010|  0.4520|  0.8599|  0.8596|  0.8599|  0.8595|  0.6750|  0.7835|  0.8031|  0.7835|  0.7766|
|  004/010|  0.3749|  0.8849|  0.8855|  0.8849|  0.8848|  0.8924|  0.7706|  0.7932|  0.7706|  0.7505|
|  005/010|  0.4129|  0.8599|  0.8610|  0.8599|  0.8602|  1.0424|  0.7186|  0.7518|  0.7186|  0.7120|
|  006/010|  0.3435|  0.8860|  0.8862|  0.8860|  0.8858|  0.8413|  0.7965|  0.8146|  0.7965|  0.7894|
|  007/010|  0.3618|  0.8936|  0.8941|  0.8936|  0.8937|  0.9996|  0.7446|  0.7734|  0.7446|  0.7281|
|  008/010|  0.4090|  0.8762|  0.8763|  0.8762|  0.8760|  0.8234|  0.7835|  0.8167|  0.7835|  0.7829|
+---------+--------+--------+--------+--------+--------+--------+--------+--------+--------+--------+

######################################################################################################################
#                                                    TEST RESULTS                                                    #
######################################################################################################################
# LOSS      : 0.8596                                                                                                 #
# ACCURACY  : 0.7361                                                                                                 #
# PRECISION : 0.7581                                                                                                 #
# RECALL    : 0.7361                                                                                                 #
# F1        : 0.7265                                                                                                 #
# CONFUSION MATRIX:                                                                                                  #
# [[22  0  2  1  0  1  1  0  2  0]                                                                                   #
#  [ 0 28  0  0  0  1  0  0  0  0]                                                                                   #
#  [ 0  1 22  2  1  2  0  0  1  0]                                                                                   #
#  [ 0  1  2 22  0  2  0  0  2  0]                                                                                   #
#  [ 0  0  2  0 24  0  1  0  1  0]                                                                                   #
#  [ 1  1  0  4  0 22  0  0  0  0]                                                                                   #
#  [ 2  0  3  0  1  1 22  0  0  0]                                                                                   #
#  [ 0  1  0  5  2  0  0 19  1  1]                                                                                   #
#  [ 0  0  0  0  0  3  0  0 24  2]                                                                                   #
#  [ 0  0  1  1 13  3  1  0  3  7]]                                                                                  #
######################################################################################################################
