######################################################################################################################
#                                            EXPERIMENTAL PROTOCOL REPORT                                            #
######################################################################################################################
# DATE      : 30-04-2026                                                                                             #
# TIME      : 09:18                                                                                                  #
# DATASET   : MNIST digits stratified                                                                                #
# CLASSIFIER: FRQI + QNN + Dense                                                                                     #
# SUBSET    : 5/5                                                                                                    #
# SPLITS    : train=921, val=231, test=288                                                                           #
# TRAINING  : epochs=10, batch_size=16, device=cpu, qnn_lr=0.0010, head_lr=0.0100                                    #
# MODEL     : num_classes=10, num_qubits=9, num_layers=1                                                             #
######################################################################################################################

+---------+--------+--------+--------+--------+--------+--------+--------+--------+--------+--------+
|  Epoch  | TrLoss | TrAcc  | TrPrec | TrRec  |  TrF1  | VaLoss | VaAcc  | VaPrec | VaRec  |  VaF1  |
+=========+========+========+========+========+========+========+========+========+========+========+
|  001/010|  1.8473|  0.5266|  0.5244|  0.5266|  0.5251|  0.9866|  0.7056|  0.7543|  0.7056|  0.7068|
|  002/010|  0.7169|  0.7904|  0.7895|  0.7904|  0.7897|  0.8714|  0.7186|  0.7601|  0.7186|  0.7241|
|  003/010|  0.5883|  0.8122|  0.8121|  0.8122|  0.8119|  0.8469|  0.7532|  0.7921|  0.7532|  0.7474|
|  004/010|  0.5174|  0.8252|  0.8257|  0.8252|  0.8252|  0.9685|  0.7446|  0.7836|  0.7446|  0.7427|
|  005/010|  0.6132|  0.8219|  0.8224|  0.8219|  0.8221|  1.8791|  0.6277|  0.8003|  0.6277|  0.6468|
|  006/010|  0.5519|  0.8426|  0.8443|  0.8426|  0.8432|  1.1769|  0.7446|  0.8116|  0.7446|  0.7474|
|  007/010|  0.4614|  0.8545|  0.8545|  0.8545|  0.8542|  0.8589|  0.7879|  0.8121|  0.7879|  0.7919|
|  008/010|  0.3786|  0.8708|  0.8722|  0.8708|  0.8713|  0.9880|  0.7619|  0.7989|  0.7619|  0.7613|
+---------+--------+--------+--------+--------+--------+--------+--------+--------+--------+--------+

######################################################################################################################
#                                                    TEST RESULTS                                                    #
######################################################################################################################
# LOSS      : 0.8674                                                                                                 #
# ACCURACY  : 0.7535                                                                                                 #
# PRECISION : 0.7826                                                                                                 #
# RECALL    : 0.7535                                                                                                 #
# F1        : 0.7470                                                                                                 #
# CONFUSION MATRIX:                                                                                                  #
# [[24  0  0  1  1  0  1  0  1  1]                                                                                   #
#  [ 0 18  4  0  1  3  0  2  1  0]                                                                                   #
#  [ 0  0 28  0  0  0  0  0  1  0]                                                                                   #
#  [ 0  0  5  9  0 10  0  0  4  1]                                                                                   #
#  [ 0  0  2  0 18  2  3  0  1  2]                                                                                   #
#  [ 1  0  1  0  1 22  0  0  3  0]                                                                                   #
#  [ 0  0  2  0  0  2 25  0  0  0]                                                                                   #
#  [ 0  0  0  1  0  1  0 25  0  2]                                                                                   #
#  [ 1  0  0  0  0  1  0  0 25  2]                                                                                   #
#  [ 0  0  1  1  3  0  0  0  1 23]]                                                                                  #
######################################################################################################################
