######################################################################################################################
#                                            EXPERIMENTAL PROTOCOL REPORT                                            #
######################################################################################################################
# DATE      : 30-04-2026                                                                                             #
# TIME      : 09:18                                                                                                  #
# DATASET   : MNIST digits stratified                                                                                #
# CLASSIFIER: FRQI + QNN + Dense                                                                                     #
# SUBSET    : 2/5                                                                                                    #
# SPLITS    : train=921, val=231, test=288                                                                           #
# TRAINING  : epochs=10, batch_size=16, device=cpu, qnn_lr=0.0010, head_lr=0.0100                                    #
# MODEL     : num_classes=10, num_qubits=9, num_layers=1                                                             #
######################################################################################################################

+---------+--------+--------+--------+--------+--------+--------+--------+--------+--------+--------+
|  Epoch  | TrLoss | TrAcc  | TrPrec | TrRec  |  TrF1  | VaLoss | VaAcc  | VaPrec | VaRec  |  VaF1  |
+=========+========+========+========+========+========+========+========+========+========+========+
|  001/010|  1.8514|  0.5147|  0.5165|  0.5147|  0.5151|  1.4992|  0.6450|  0.6193|  0.6450|  0.6103|
|  002/010|  0.8453|  0.7427|  0.7430|  0.7427|  0.7424|  0.9441|  0.6883|  0.7326|  0.6883|  0.6794|
|  003/010|  0.6983|  0.7807|  0.7820|  0.7807|  0.7811|  1.0361|  0.7100|  0.7657|  0.7100|  0.6845|
|  004/010|  0.7702|  0.7894|  0.7887|  0.7894|  0.7887|  1.1549|  0.6797|  0.7217|  0.6797|  0.6798|
|  005/010|  0.5377|  0.8404|  0.8408|  0.8404|  0.8402|  1.5860|  0.6623|  0.7178|  0.6623|  0.6424|
|  006/010|  0.5587|  0.8241|  0.8240|  0.8241|  0.8239|  1.3173|  0.7186|  0.7667|  0.7186|  0.7135|
|  007/010|  0.5092|  0.8458|  0.8459|  0.8458|  0.8457|  1.2093|  0.7056|  0.7130|  0.7056|  0.6878|
+---------+--------+--------+--------+--------+--------+--------+--------+--------+--------+--------+

######################################################################################################################
#                                                    TEST RESULTS                                                    #
######################################################################################################################
# LOSS      : 0.7552                                                                                                 #
# ACCURACY  : 0.7569                                                                                                 #
# PRECISION : 0.7840                                                                                                 #
# RECALL    : 0.7569                                                                                                 #
# F1        : 0.7449                                                                                                 #
# CONFUSION MATRIX:                                                                                                  #
# [[26  0  1  0  1  0  0  0  1  0]                                                                                   #
#  [ 0 29  0  0  0  0  0  0  0  0]                                                                                   #
#  [ 1  0 23  4  0  0  0  0  1  0]                                                                                   #
#  [ 1  0  0 24  0  2  0  0  2  0]                                                                                   #
#  [ 0  0  1  0 26  0  0  0  0  1]                                                                                   #
#  [ 1  0  1  5  1 13  0  3  4  0]                                                                                   #
#  [ 1  0  3  1  2  1 21  0  0  0]                                                                                   #
#  [ 0  0  0  0  0  0  0 28  0  1]                                                                                   #
#  [ 0  1  0  8  1  0  0  0 19  0]                                                                                   #
#  [ 2  0  0  2  6  0  0 10  0  9]]                                                                                  #
######################################################################################################################
