######################################################################################################################
#                                            EXPERIMENTAL PROTOCOL REPORT                                            #
######################################################################################################################
# DATE      : 30-04-2026                                                                                             #
# TIME      : 09:18                                                                                                  #
# DATASET   : MNIST digits stratified                                                                                #
# CLASSIFIER: FRQI + QNN + Dense                                                                                     #
# SUBSET    : 4/5                                                                                                    #
# SPLITS    : train=921, val=231, test=288                                                                           #
# TRAINING  : epochs=10, batch_size=16, device=cpu, qnn_lr=0.0010, head_lr=0.0100                                    #
# MODEL     : num_classes=10, num_qubits=9, num_layers=1                                                             #
######################################################################################################################

+---------+--------+--------+--------+--------+--------+--------+--------+--------+--------+--------+
|  Epoch  | TrLoss | TrAcc  | TrPrec | TrRec  |  TrF1  | VaLoss | VaAcc  | VaPrec | VaRec  |  VaF1  |
+=========+========+========+========+========+========+========+========+========+========+========+
|  001/010|  1.4964|  0.5689|  0.5657|  0.5689|  0.5660|  0.9780|  0.7143|  0.7808|  0.7143|  0.7113|
|  002/010|  0.7533|  0.7839|  0.7841|  0.7839|  0.7838|  1.0142|  0.7359|  0.7956|  0.7359|  0.7281|
|  003/010|  0.5683|  0.8295|  0.8309|  0.8295|  0.8298|  0.6434|  0.8182|  0.8362|  0.8182|  0.8193|
|  004/010|  0.4871|  0.8502|  0.8499|  0.8502|  0.8496|  0.8891|  0.7706|  0.7952|  0.7706|  0.7672|
|  005/010|  0.5322|  0.8426|  0.8422|  0.8426|  0.8421|  0.7717|  0.8095|  0.8300|  0.8095|  0.8094|
|  006/010|  0.4673|  0.8599|  0.8603|  0.8599|  0.8598|  1.1244|  0.7619|  0.8089|  0.7619|  0.7541|
|  007/010|  0.4431|  0.8697|  0.8704|  0.8697|  0.8699|  0.8842|  0.7662|  0.7985|  0.7662|  0.7640|
|  008/010|  0.3838|  0.8849|  0.8852|  0.8849|  0.8849|  1.0847|  0.7489|  0.7799|  0.7489|  0.7488|
+---------+--------+--------+--------+--------+--------+--------+--------+--------+--------+--------+

######################################################################################################################
#                                                    TEST RESULTS                                                    #
######################################################################################################################
# LOSS      : 0.6116                                                                                                 #
# ACCURACY  : 0.8299                                                                                                 #
# PRECISION : 0.8401                                                                                                 #
# RECALL    : 0.8299                                                                                                 #
# F1        : 0.8266                                                                                                 #
# CONFUSION MATRIX:                                                                                                  #
# [[29  0  0  0  0  0  0  0  0  0]                                                                                   #
#  [ 0 27  0  0  0  0  1  0  1  0]                                                                                   #
#  [ 1  0 27  0  1  0  0  0  0  0]                                                                                   #
#  [ 1  0  1 18  0  4  2  0  3  0]                                                                                   #
#  [ 0  0  1  0 25  0  1  1  0  0]                                                                                   #
#  [ 0  0  1  2  0 24  0  0  1  0]                                                                                   #
#  [ 0  0  0  0  0  0 27  0  2  0]                                                                                   #
#  [ 1  0  0  0  0  2  0 21  2  3]                                                                                   #
#  [ 0  0  0  0  1  2  1  1 24  0]                                                                                   #
#  [ 0  0  1  0  7  2  0  1  1 17]]                                                                                  #
######################################################################################################################
