######################################################################################################################
#                                            EXPERIMENTAL PROTOCOL REPORT                                            #
######################################################################################################################
# DATE      : 29-04-2026                                                                                             #
# TIME      : 14:23                                                                                                  #
# DATASET   : MNIST digits stratified                                                                                #
# CLASSIFIER: PCA + ZZFeatureMap + QNN                                                                               #
# SUBSET    : 1/5                                                                                                    #
# SPLITS    : train=921, val=231, test=288                                                                           #
# TRAINING  : epochs=10, batch_size=16, device=cpu, qnn_lr=0.0010, head_lr=0.0100                                    #
# ARCHITECT.: 16x16 grayscale -> Flatten(256) -> PCA(num_qubits) -> ZZFeatureMap(reps=1) -> VQC[RX-RY-RZ x           #
#             num_layers + brickwork CX] -> SamplerQNN -> Linear(2**num_qubits, num_classes) -> LogSoftmax           #
# MODEL     : num_classes=10, num_qubits=12, num_layers=1                                                            #
######################################################################################################################

+---------+--------+--------+--------+--------+--------+--------+--------+--------+--------+--------+
|  Epoch  | TrLoss | TrAcc  | TrPrec | TrRec  |  TrF1  | VaLoss | VaAcc  | VaPrec | VaRec  |  VaF1  |
+=========+========+========+========+========+========+========+========+========+========+========+
|  001/010| 19.6021|  0.1216|  0.1214|  0.1216|  0.1214| 17.1092|  0.1429|  0.0987|  0.1429|  0.0963|
|  002/010| 11.0111|  0.3127|  0.3122|  0.3127|  0.3120| 16.6843|  0.1385|  0.1801|  0.1385|  0.1343|
|  003/010|  9.6130|  0.4408|  0.4413|  0.4408|  0.4407| 21.7730|  0.0996|  0.0863|  0.0996|  0.0880|
|  004/010|  9.3638|  0.5125|  0.5128|  0.5125|  0.5122| 25.4155|  0.1861|  0.1716|  0.1861|  0.1628|
|  005/010|  9.8312|  0.5168|  0.5174|  0.5168|  0.5168| 27.4739|  0.1429|  0.1296|  0.1429|  0.1252|
|  006/010|  7.2427|  0.5917|  0.5910|  0.5917|  0.5911| 29.6956|  0.1342|  0.1530|  0.1342|  0.1315|
|  007/010|  7.4514|  0.6406|  0.6421|  0.6406|  0.6411| 31.8907|  0.1602|  0.2247|  0.1602|  0.1594|
+---------+--------+--------+--------+--------+--------+--------+--------+--------+--------+--------+

######################################################################################################################
#                                                    TEST RESULTS                                                    #
######################################################################################################################
# LOSS      : 18.5755                                                                                                #
# ACCURACY  : 0.1215                                                                                                 #
# PRECISION : 0.1268                                                                                                 #
# RECALL    : 0.1215                                                                                                 #
# F1        : 0.1152                                                                                                 #
# CONFUSION MATRIX:                                                                                                  #
# [[ 3  1  0  4  5  4  1  4  4  3]                                                                                   #
#  [ 1  2  0  5  3  4  3  2  5  4]                                                                                   #
#  [ 5  2  0  5  2  3  4  1  3  4]                                                                                   #
#  [ 4  1  0  8  2  2  1  4  5  2]                                                                                   #
#  [ 2  0  1  3  6  5  1  5  2  3]                                                                                   #
#  [ 5  0  0  4  4  1  2  3  4  5]                                                                                   #
#  [ 2  0  0  3  1  5  5  4  1  8]                                                                                   #
#  [ 4  1  0 10  1  3  0  4  4  2]                                                                                   #
#  [ 7  1  0  5  2  2  1  4  3  4]                                                                                   #
#  [ 7  0  0  8  4  2  0  4  1  3]]                                                                                  #
######################################################################################################################
