######################################################################################################################
#                                            EXPERIMENTAL PROTOCOL REPORT                                            #
######################################################################################################################
# DATE      : 29-04-2026                                                                                             #
# TIME      : 13:22                                                                                                  #
# DATASET   : MNIST digits stratified                                                                                #
# CLASSIFIER: DenseBaseline                                                                                          #
# SUBSET    : 1/5                                                                                                    #
# SPLITS    : train=921, val=231, test=288                                                                           #
# TRAINING  : epochs=10, batch_size=16, lr=0.0010, device=cpu                                                        #
# ARCHITECT.: 16x16 grayscale -> Flatten(256) -> Linear(256, num_classes)                                            #
# MODEL     : num_classes=10                                                                                         #
######################################################################################################################

+---------+--------+--------+--------+--------+--------+--------+--------+--------+--------+--------+
|  Epoch  | TrLoss | TrAcc  | TrPrec | TrRec  |  TrF1  | VaLoss | VaAcc  | VaPrec | VaRec  |  VaF1  |
+=========+========+========+========+========+========+========+========+========+========+========+
|  001/010|  2.1023|  0.3985|  0.4631|  0.3985|  0.3888|  1.8921|  0.6104|  0.7295|  0.6104|  0.5876|
|  002/010|  1.7347|  0.7372|  0.7660|  0.7372|  0.7354|  1.5929|  0.7316|  0.7799|  0.7316|  0.7250|
|  003/010|  1.4659|  0.8078|  0.8200|  0.8078|  0.8063|  1.3751|  0.7446|  0.7847|  0.7446|  0.7422|
|  004/010|  1.2714|  0.8176|  0.8275|  0.8176|  0.8172|  1.2161|  0.7922|  0.8137|  0.7922|  0.7908|
|  005/010|  1.1220|  0.8371|  0.8443|  0.8371|  0.8369|  1.0978|  0.7792|  0.8068|  0.7792|  0.7798|
|  006/010|  1.0084|  0.8404|  0.8472|  0.8404|  0.8399|  1.0079|  0.7922|  0.8137|  0.7922|  0.7919|
|  007/010|  0.9223|  0.8447|  0.8512|  0.8447|  0.8445|  0.9374|  0.8009|  0.8197|  0.8009|  0.8003|
|  008/010|  0.8524|  0.8567|  0.8625|  0.8567|  0.8567|  0.8809|  0.8009|  0.8225|  0.8009|  0.8002|
|  009/010|  0.7924|  0.8599|  0.8659|  0.8599|  0.8601|  0.8338|  0.8052|  0.8251|  0.8052|  0.8046|
|  010/010|  0.7438|  0.8654|  0.8706|  0.8654|  0.8652|  0.7943|  0.8139|  0.8362|  0.8139|  0.8140|
+---------+--------+--------+--------+--------+--------+--------+--------+--------+--------+--------+

######################################################################################################################
#                                                    TEST RESULTS                                                    #
######################################################################################################################
# LOSS      : 0.8385                                                                                                 #
# ACCURACY  : 0.8125                                                                                                 #
# PRECISION : 0.8163                                                                                                 #
# RECALL    : 0.8125                                                                                                 #
# F1        : 0.8126                                                                                                 #
# CONFUSION MATRIX:                                                                                                  #
# [[23  0  2  0  0  1  1  0  2  0]                                                                                   #
#  [ 0 26  0  0  0  0  1  0  2  0]                                                                                   #
#  [ 1  1 19  1  1  0  2  0  4  0]                                                                                   #
#  [ 0  1  1 24  0  1  0  0  0  2]                                                                                   #
#  [ 0  0  1  0 23  0  2  0  0  2]                                                                                   #
#  [ 2  0  0  2  1 22  0  0  1  0]                                                                                   #
#  [ 1  0  1  0  0  1 25  0  1  0]                                                                                   #
#  [ 0  2  0  1  0  0  0 25  0  1]                                                                                   #
#  [ 0  0  0  2  1  0  0  1 23  2]                                                                                   #
#  [ 0  0  0  1  1  0  0  2  1 24]]                                                                                  #
######################################################################################################################
