######################################################################################################################
#                                            EXPERIMENTAL PROTOCOL REPORT                                            #
######################################################################################################################
# DATE      : 29-04-2026                                                                                             #
# TIME      : 13:22                                                                                                  #
# DATASET   : MNIST digits stratified                                                                                #
# CLASSIFIER: DenseBaseline                                                                                          #
# SUBSET    : 5/5                                                                                                    #
# SPLITS    : train=921, val=231, test=288                                                                           #
# TRAINING  : epochs=10, batch_size=16, lr=0.0010, device=cpu                                                        #
# MODEL     : num_classes=10                                                                                         #
######################################################################################################################

+---------+--------+--------+--------+--------+--------+--------+--------+--------+--------+--------+
|  Epoch  | TrLoss | TrAcc  | TrPrec | TrRec  |  TrF1  | VaLoss | VaAcc  | VaPrec | VaRec  |  VaF1  |
+=========+========+========+========+========+========+========+========+========+========+========+
|  001/010|  2.1006|  0.3670|  0.4539|  0.3670|  0.3340|  1.9464|  0.5281|  0.6717|  0.5281|  0.4910|
|  002/010|  1.7431|  0.7644|  0.7852|  0.7644|  0.7624|  1.6643|  0.7056|  0.7555|  0.7056|  0.7031|
|  003/010|  1.4779|  0.8024|  0.8185|  0.8024|  0.7973|  1.4521|  0.7576|  0.7670|  0.7576|  0.7573|
|  004/010|  1.2809|  0.8360|  0.8424|  0.8360|  0.8336|  1.2956|  0.7576|  0.7872|  0.7576|  0.7602|
|  005/010|  1.1329|  0.8339|  0.8396|  0.8339|  0.8315|  1.1736|  0.8009|  0.8133|  0.8009|  0.8028|
|  006/010|  1.0208|  0.8339|  0.8395|  0.8339|  0.8314|  1.0804|  0.8009|  0.8132|  0.8009|  0.8029|
|  007/010|  0.9342|  0.8469|  0.8517|  0.8469|  0.8457|  1.0060|  0.8052|  0.8176|  0.8052|  0.8074|
|  008/010|  0.8642|  0.8491|  0.8539|  0.8491|  0.8476|  0.9439|  0.8139|  0.8213|  0.8139|  0.8150|
|  009/010|  0.8043|  0.8588|  0.8623|  0.8588|  0.8578|  0.8942|  0.8095|  0.8168|  0.8095|  0.8093|
|  010/010|  0.7592|  0.8578|  0.8620|  0.8578|  0.8567|  0.8518|  0.8225|  0.8289|  0.8225|  0.8233|
+---------+--------+--------+--------+--------+--------+--------+--------+--------+--------+--------+

######################################################################################################################
#                                                    TEST RESULTS                                                    #
######################################################################################################################
# LOSS      : 0.7546                                                                                                 #
# ACCURACY  : 0.8646                                                                                                 #
# PRECISION : 0.8723                                                                                                 #
# RECALL    : 0.8646                                                                                                 #
# F1        : 0.8631                                                                                                 #
# CONFUSION MATRIX:                                                                                                  #
# [[26  0  0  0  1  0  1  0  1  0]                                                                                   #
#  [ 0 28  0  0  0  0  0  0  1  0]                                                                                   #
#  [ 0  0 28  0  0  0  0  0  1  0]                                                                                   #
#  [ 1  1  0 26  0  0  0  0  1  0]                                                                                   #
#  [ 0  1  0  0 23  0  0  1  0  3]                                                                                   #
#  [ 2  0  0  4  1 18  0  0  3  0]                                                                                   #
#  [ 0  1  1  0  0  0 27  0  0  0]                                                                                   #
#  [ 0  1  0  1  0  0  0 26  0  1]                                                                                   #
#  [ 0  1  0  1  0  0  0  0 26  1]                                                                                   #
#  [ 0  0  1  1  4  0  0  1  1 21]]                                                                                  #
######################################################################################################################
