######################################################################################################################
#                                            EXPERIMENTAL PROTOCOL REPORT                                            #
######################################################################################################################
# DATE      : 29-04-2026                                                                                             #
# TIME      : 13:22                                                                                                  #
# DATASET   : MNIST digits stratified                                                                                #
# CLASSIFIER: DenseBaseline                                                                                          #
# SUBSET    : 2/5                                                                                                    #
# SPLITS    : train=921, val=231, test=288                                                                           #
# TRAINING  : epochs=10, batch_size=16, lr=0.0010, device=cpu                                                        #
# MODEL     : num_classes=10                                                                                         #
######################################################################################################################

+---------+--------+--------+--------+--------+--------+--------+--------+--------+--------+--------+
|  Epoch  | TrLoss | TrAcc  | TrPrec | TrRec  |  TrF1  | VaLoss | VaAcc  | VaPrec | VaRec  |  VaF1  |
+=========+========+========+========+========+========+========+========+========+========+========+
|  001/010|  2.1201|  0.3496|  0.4073|  0.3496|  0.3360|  1.9165|  0.6494|  0.6634|  0.6494|  0.6425|
|  002/010|  1.7592|  0.7220|  0.7254|  0.7220|  0.7188|  1.6217|  0.7273|  0.7347|  0.7273|  0.7196|
|  003/010|  1.4946|  0.7590|  0.7753|  0.7590|  0.7562|  1.4074|  0.7619|  0.7612|  0.7619|  0.7575|
|  004/010|  1.3025|  0.7872|  0.7898|  0.7872|  0.7855|  1.2472|  0.7532|  0.7594|  0.7532|  0.7489|
|  005/010|  1.1613|  0.7926|  0.7961|  0.7926|  0.7894|  1.1276|  0.7662|  0.7666|  0.7662|  0.7626|
|  006/010|  1.0528|  0.8067|  0.8087|  0.8067|  0.8059|  1.0380|  0.7749|  0.7834|  0.7749|  0.7721|
|  007/010|  0.9653|  0.8252|  0.8303|  0.8252|  0.8252|  0.9626|  0.7662|  0.7692|  0.7662|  0.7622|
|  008/010|  0.8955|  0.8295|  0.8306|  0.8295|  0.8288|  0.9041|  0.7792|  0.7836|  0.7792|  0.7768|
|  009/010|  0.8438|  0.8404|  0.8445|  0.8404|  0.8408|  0.8562|  0.7835|  0.7900|  0.7835|  0.7819|
|  010/010|  0.7952|  0.8458|  0.8501|  0.8458|  0.8460|  0.8160|  0.8009|  0.8096|  0.8009|  0.7992|
+---------+--------+--------+--------+--------+--------+--------+--------+--------+--------+--------+

######################################################################################################################
#                                                    TEST RESULTS                                                    #
######################################################################################################################
# LOSS      : 0.8115                                                                                                 #
# ACCURACY  : 0.8333                                                                                                 #
# PRECISION : 0.8350                                                                                                 #
# RECALL    : 0.8333                                                                                                 #
# F1        : 0.8314                                                                                                 #
# CONFUSION MATRIX:                                                                                                  #
# [[26  0  0  0  0  0  1  0  2  0]                                                                                   #
#  [ 0 28  1  0  0  0  0  0  0  0]                                                                                   #
#  [ 0  0 25  1  0  0  1  0  2  0]                                                                                   #
#  [ 0  0  1 23  0  2  0  0  3  0]                                                                                   #
#  [ 0  0  0  0 25  0  1  0  1  1]                                                                                   #
#  [ 4  1  0  0  2 18  1  0  2  0]                                                                                   #
#  [ 1  2  0  0  1  0 25  0  0  0]                                                                                   #
#  [ 0  0  0  0  0  0  0 29  0  0]                                                                                   #
#  [ 0  2  0  3  0  1  0  0 20  3]                                                                                   #
#  [ 0  0  0  0  4  1  0  2  1 21]]                                                                                  #
######################################################################################################################
