######################################################################################################################
#                                            EXPERIMENTAL PROTOCOL REPORT                                            #
######################################################################################################################
# DATE      : 29-04-2026                                                                                             #
# TIME      : 13:22                                                                                                  #
# DATASET   : MNIST digits stratified                                                                                #
# CLASSIFIER: DenseBaseline                                                                                          #
# SUBSET    : 4/5                                                                                                    #
# SPLITS    : train=921, val=231, test=288                                                                           #
# TRAINING  : epochs=10, batch_size=16, lr=0.0010, device=cpu                                                        #
# MODEL     : num_classes=10                                                                                         #
######################################################################################################################

+---------+--------+--------+--------+--------+--------+--------+--------+--------+--------+--------+
|  Epoch  | TrLoss | TrAcc  | TrPrec | TrRec  |  TrF1  | VaLoss | VaAcc  | VaPrec | VaRec  |  VaF1  |
+=========+========+========+========+========+========+========+========+========+========+========+
|  001/010|  2.0892|  0.4517|  0.5772|  0.4517|  0.4304|  1.8940|  0.6667|  0.7327|  0.6667|  0.6660|
|  002/010|  1.7294|  0.7557|  0.7927|  0.7557|  0.7401|  1.6089|  0.7489|  0.7996|  0.7489|  0.7466|
|  003/010|  1.4688|  0.7839|  0.8165|  0.7839|  0.7713|  1.3961|  0.7879|  0.8202|  0.7879|  0.7829|
|  004/010|  1.2685|  0.8208|  0.8361|  0.8208|  0.8164|  1.2374|  0.7922|  0.8030|  0.7922|  0.7866|
|  005/010|  1.1196|  0.8371|  0.8427|  0.8371|  0.8343|  1.1180|  0.8009|  0.8151|  0.8009|  0.7977|
|  006/010|  1.0094|  0.8393|  0.8476|  0.8393|  0.8382|  1.0253|  0.8139|  0.8244|  0.8139|  0.8110|
|  007/010|  0.9176|  0.8502|  0.8575|  0.8502|  0.8491|  0.9496|  0.8268|  0.8322|  0.8268|  0.8230|
|  008/010|  0.8453|  0.8632|  0.8673|  0.8632|  0.8624|  0.8896|  0.8225|  0.8305|  0.8225|  0.8203|
|  009/010|  0.7880|  0.8643|  0.8679|  0.8643|  0.8639|  0.8388|  0.8355|  0.8403|  0.8355|  0.8335|
|  010/010|  0.7382|  0.8719|  0.8741|  0.8719|  0.8716|  0.7973|  0.8442|  0.8466|  0.8442|  0.8414|
+---------+--------+--------+--------+--------+--------+--------+--------+--------+--------+--------+

######################################################################################################################
#                                                    TEST RESULTS                                                    #
######################################################################################################################
# LOSS      : 0.7162                                                                                                 #
# ACCURACY  : 0.8472                                                                                                 #
# PRECISION : 0.8480                                                                                                 #
# RECALL    : 0.8472                                                                                                 #
# F1        : 0.8461                                                                                                 #
# CONFUSION MATRIX:                                                                                                  #
# [[27  0  0  0  0  0  2  0  0  0]                                                                                   #
#  [ 0 29  0  0  0  0  0  0  0  0]                                                                                   #
#  [ 1  0 26  0  1  0  1  0  0  0]                                                                                   #
#  [ 1  0  0 26  0  2  0  0  0  0]                                                                                   #
#  [ 0  0  0  0 24  0  1  0  1  2]                                                                                   #
#  [ 0  1  0  4  0 20  1  0  1  1]                                                                                   #
#  [ 0  1  1  0  2  1 24  0  0  0]                                                                                   #
#  [ 2  0  0  0  1  0  0 24  0  2]                                                                                   #
#  [ 0  0  0  2  1  1  0  1 23  1]                                                                                   #
#  [ 1  0  0  0  1  0  0  5  1 21]]                                                                                  #
######################################################################################################################
