######################################################################################################################
#                                            EXPERIMENTAL PROTOCOL REPORT                                            #
######################################################################################################################
# DATE      : 29-04-2026                                                                                             #
# TIME      : 13:22                                                                                                  #
# DATASET   : MNIST digits stratified                                                                                #
# CLASSIFIER: DenseBaseline                                                                                          #
# SUBSET    : 3/5                                                                                                    #
# SPLITS    : train=921, val=231, test=288                                                                           #
# TRAINING  : epochs=10, batch_size=16, lr=0.0010, device=cpu                                                        #
# MODEL     : num_classes=10                                                                                         #
######################################################################################################################

+---------+--------+--------+--------+--------+--------+--------+--------+--------+--------+--------+
|  Epoch  | TrLoss | TrAcc  | TrPrec | TrRec  |  TrF1  | VaLoss | VaAcc  | VaPrec | VaRec  |  VaF1  |
+=========+========+========+========+========+========+========+========+========+========+========+
|  001/010|  2.1164|  0.3789|  0.4164|  0.3789|  0.3689|  1.9260|  0.6407|  0.7191|  0.6407|  0.6360|
|  002/010|  1.7481|  0.7188|  0.7554|  0.7188|  0.7201|  1.6383|  0.7489|  0.7735|  0.7489|  0.7430|
|  003/010|  1.4799|  0.7818|  0.7952|  0.7818|  0.7792|  1.4207|  0.7835|  0.7903|  0.7835|  0.7808|
|  004/010|  1.2811|  0.8067|  0.8106|  0.8067|  0.8048|  1.2628|  0.7835|  0.7970|  0.7835|  0.7822|
|  005/010|  1.1310|  0.8143|  0.8195|  0.8143|  0.8130|  1.1440|  0.7922|  0.8045|  0.7922|  0.7909|
|  006/010|  1.0230|  0.8219|  0.8268|  0.8219|  0.8203|  1.0511|  0.7965|  0.8027|  0.7965|  0.7952|
|  007/010|  0.9317|  0.8284|  0.8326|  0.8284|  0.8274|  0.9767|  0.8009|  0.8081|  0.8009|  0.7995|
|  008/010|  0.8641|  0.8382|  0.8414|  0.8382|  0.8369|  0.9181|  0.8095|  0.8180|  0.8095|  0.8083|
|  009/010|  0.8071|  0.8447|  0.8471|  0.8447|  0.8438|  0.8667|  0.8095|  0.8180|  0.8095|  0.8083|
|  010/010|  0.7600|  0.8447|  0.8475|  0.8447|  0.8437|  0.8252|  0.8139|  0.8205|  0.8139|  0.8129|
+---------+--------+--------+--------+--------+--------+--------+--------+--------+--------+--------+

######################################################################################################################
#                                                    TEST RESULTS                                                    #
######################################################################################################################
# LOSS      : 0.8393                                                                                                 #
# ACCURACY  : 0.8611                                                                                                 #
# PRECISION : 0.8659                                                                                                 #
# RECALL    : 0.8611                                                                                                 #
# F1        : 0.8614                                                                                                 #
# CONFUSION MATRIX:                                                                                                  #
# [[26  0  0  0  0  0  1  0  2  0]                                                                                   #
#  [ 0 27  0  0  0  0  0  0  2  0]                                                                                   #
#  [ 0  0 27  0  0  0  0  0  1  1]                                                                                   #
#  [ 0  1  2 24  0  0  1  0  0  1]                                                                                   #
#  [ 0  0  0  0 23  1  2  1  1  0]                                                                                   #
#  [ 1  0  0  3  0 22  2  0  0  0]                                                                                   #
#  [ 0  0  1  0  0  0 28  0  0  0]                                                                                   #
#  [ 0  2  1  0  0  0  0 25  0  1]                                                                                   #
#  [ 0  0  0  1  3  0  0  0 23  2]                                                                                   #
#  [ 0  0  1  1  2  0  0  0  2 23]]                                                                                  #
######################################################################################################################
