######################################################################################################################
#                                            EXPERIMENTAL PROTOCOL REPORT                                            #
######################################################################################################################
# DATE      : 2026-05-17                                                                                             #
# TIME      : 00-29                                                                                                  #
# DATASET   : MNIST digits stratified                                                                                #
# CLASSIFIER: FRQI + QCNN + QNN_compression_layer + Dense                                                            #
# SUBSET    : 4/5                                                                                                    #
# SPLITS    : train=921, val=231, test=288                                                                           #
# TRAINING  : epochs=50, batch_size=16, device=cpu, qnn_lr=0.0010, head_lr=0.0100                                    #
# MODEL     : num_classes=10, num_qubits=9, num_layers=1                                                             #
# TORCHINFO SUMMARY:                                                                                                 #
# =================================================================                                                  #
# Layer (type:depth-idx)                   Param #                                                                   #
# =================================================================                                                  #
# Sequential                               --                                                                        #
# ├─VQCLayer: 1-1                          172                                                                       #
# ├─Linear: 1-2                            5,130                                                                     #
# ├─LogSoftmax: 1-3                        --                                                                        #
# =================================================================                                                  #
# Total params: 5,302                                                                                                #
# Trainable params: 5,302                                                                                            #
# Non-trainable params: 0                                                                                            #
# =================================================================                                                  #
######################################################################################################################

+---------+--------+--------+--------+--------+--------+--------+--------+--------+--------+--------+
|  Epoch  | TrLoss | TrAcc  | TrPrec | TrRec  |  TrF1  | VaLoss | VaAcc  | VaPrec | VaRec  |  VaF1  |
+=========+========+========+========+========+========+========+========+========+========+========+
|  001/050|  3.6064|  0.1053|  0.1046|  0.1053|  0.1030|  2.6207|  0.1126|  0.0839|  0.1126|  0.0629|
|  002/050|  3.0300|  0.1325|  0.1283|  0.1325|  0.1290|  2.6962|  0.1472|  0.1093|  0.1472|  0.0930|
|  003/050|  2.7350|  0.1618|  0.1645|  0.1618|  0.1621|  3.0061|  0.1385|  0.1888|  0.1385|  0.0730|
|  004/050|  2.8286|  0.1553|  0.1569|  0.1553|  0.1550|  2.3560|  0.2035|  0.2197|  0.2035|  0.1383|
|  005/050|  2.7734|  0.1650|  0.1648|  0.1650|  0.1629|  2.7179|  0.1558|  0.0659|  0.1558|  0.0788|
|  006/050|  3.0687|  0.1672|  0.1678|  0.1672|  0.1657|  3.1516|  0.1602|  0.0750|  0.1602|  0.0705|
|  007/050|  3.0198|  0.1531|  0.1540|  0.1531|  0.1531|  3.0743|  0.2078|  0.1800|  0.2078|  0.1434|
|  008/050|  2.9374|  0.1792|  0.1841|  0.1792|  0.1786|  2.8879|  0.1688|  0.3726|  0.1688|  0.1111|
|  009/050|  2.9254|  0.1672|  0.1737|  0.1672|  0.1681|  2.7276|  0.1775|  0.2535|  0.1775|  0.1346|
+---------+--------+--------+--------+--------+--------+--------+--------+--------+--------+--------+

######################################################################################################################
#                                                    TEST RESULTS                                                    #
######################################################################################################################
# LOSS      : 2.3920                                                                                                 #
# ACCURACY  : 0.1875                                                                                                 #
# PRECISION : 0.1125                                                                                                 #
# RECALL    : 0.1875                                                                                                 #
# F1        : 0.1226                                                                                                 #
# CONFUSION MATRIX:                                                                                                  #
# [[ 3  0  4  0  0  0  7  0  0 15]                                                                                   #
#  [ 0  7  3  0  0  0  1  0  0 18]                                                                                   #
#  [ 1  2 14  0  0  0  7  0  0  5]                                                                                   #
#  [ 0  3  7  0  0  0  6  0  0 13]                                                                                   #
#  [ 0  1  5  0  0  0  9  0  0 13]                                                                                   #
#  [ 1  2  6  0  0  0  9  0  0 10]                                                                                   #
#  [ 1  0  5  0  0  0 16  0  0  7]                                                                                   #
#  [ 3  2  8  0  0  0  6  0  0 10]                                                                                   #
#  [ 1  5  7  0  0  0  8  0  0  8]                                                                                   #
#  [ 1  2  5  0  0  0  7  0  0 14]]                                                                                  #
######################################################################################################################
