######################################################################################################################
#                                            EXPERIMENTAL PROTOCOL REPORT                                            #
######################################################################################################################
# DATE      : 2026-05-17                                                                                             #
# TIME      : 00-29                                                                                                  #
# DATASET   : MNIST digits stratified                                                                                #
# CLASSIFIER: FRQI + QCNN + QNN_compression_layer + Dense                                                            #
# SUBSET    : 3/5                                                                                                    #
# SPLITS    : train=921, val=231, test=288                                                                           #
# TRAINING  : epochs=50, batch_size=16, device=cpu, qnn_lr=0.0010, head_lr=0.0100                                    #
# MODEL     : num_classes=10, num_qubits=9, num_layers=1                                                             #
# TORCHINFO SUMMARY:                                                                                                 #
# =================================================================                                                  #
# Layer (type:depth-idx)                   Param #                                                                   #
# =================================================================                                                  #
# Sequential                               --                                                                        #
# ├─VQCLayer: 1-1                          172                                                                       #
# ├─Linear: 1-2                            5,130                                                                     #
# ├─LogSoftmax: 1-3                        --                                                                        #
# =================================================================                                                  #
# Total params: 5,302                                                                                                #
# Trainable params: 5,302                                                                                            #
# Non-trainable params: 0                                                                                            #
# =================================================================                                                  #
######################################################################################################################

+---------+--------+--------+--------+--------+--------+--------+--------+--------+--------+--------+
|  Epoch  | TrLoss | TrAcc  | TrPrec | TrRec  |  TrF1  | VaLoss | VaAcc  | VaPrec | VaRec  |  VaF1  |
+=========+========+========+========+========+========+========+========+========+========+========+
|  001/050|  3.7257|  0.1086|  0.1083|  0.1086|  0.1077|  3.0716|  0.1255|  0.0460|  0.1255|  0.0500|
|  002/050|  2.9835|  0.1455|  0.1482|  0.1455|  0.1451|  2.6301|  0.1688|  0.1184|  0.1688|  0.1032|
|  003/050|  2.7456|  0.1379|  0.1369|  0.1379|  0.1366|  3.1769|  0.1255|  0.0397|  0.1255|  0.0559|
|  004/050|  2.8128|  0.1531|  0.1583|  0.1531|  0.1538|  2.4858|  0.1515|  0.0931|  0.1515|  0.0918|
|  005/050|  2.8785|  0.1705|  0.1682|  0.1705|  0.1677|  2.9303|  0.1688|  0.1904|  0.1688|  0.0886|
|  006/050|  3.0275|  0.1607|  0.1617|  0.1607|  0.1593|  3.1808|  0.1558|  0.0475|  0.1558|  0.0687|
|  007/050|  3.2748|  0.1564|  0.1576|  0.1564|  0.1555|  3.3963|  0.1602|  0.0466|  0.1602|  0.0684|
|  008/050|  3.3759|  0.1509|  0.1567|  0.1509|  0.1511|  2.9061|  0.1602|  0.1806|  0.1602|  0.0903|
|  009/050|  2.8395|  0.1835|  0.1828|  0.1835|  0.1821|  2.6922|  0.1948|  0.1502|  0.1948|  0.1377|
+---------+--------+--------+--------+--------+--------+--------+--------+--------+--------+--------+

######################################################################################################################
#                                                    TEST RESULTS                                                    #
######################################################################################################################
# LOSS      : 2.4131                                                                                                 #
# ACCURACY  : 0.1632                                                                                                 #
# PRECISION : 0.0969                                                                                                 #
# RECALL    : 0.1632                                                                                                 #
# F1        : 0.1036                                                                                                 #
# CONFUSION MATRIX:                                                                                                  #
# [[ 0  0  2  0  0  0  4  0  0 23]                                                                                   #
#  [ 0  4  1  0  0  0  1  0  0 23]                                                                                   #
#  [ 0  0 11  0  0  0  4  0  0 14]                                                                                   #
#  [ 0  4  2  0  0  0 10  0  0 13]                                                                                   #
#  [ 0  1  2  0  0  1  5  0  0 19]                                                                                   #
#  [ 0  3  1  0  0  0  7  0  0 17]                                                                                   #
#  [ 0  0  1  0  0  0 10  0  0 18]                                                                                   #
#  [ 0  2  3  0  0  1  1  0  0 22]                                                                                   #
#  [ 0  2  1  0  0  0  4  0  0 22]                                                                                   #
#  [ 0  4  1  0  0  0  2  0  0 22]]                                                                                  #
######################################################################################################################
