######################################################################################################################
#                                            EXPERIMENTAL PROTOCOL REPORT                                            #
######################################################################################################################
# DATE      : 2026-05-17                                                                                             #
# TIME      : 00-29                                                                                                  #
# DATASET   : MNIST digits stratified                                                                                #
# CLASSIFIER: FRQI + QCNN + QNN_compression_layer + Dense                                                            #
# SUBSET    : 1/5                                                                                                    #
# SPLITS    : train=921, val=231, test=288                                                                           #
# TRAINING  : epochs=50, batch_size=16, device=cpu, qnn_lr=0.0010, head_lr=0.0100                                    #
# ARCHITECT.: GEQIE/FRQI-encoded circuits -> VQCLayer(num_qubits, num_layers=1,                                      #
#             ansatz_factory=build_adaptive_qcnn_ansatz) -> Linear(2**num_qubits, num_classes) -> LogSoftmax         #
# MODEL     : num_classes=10, num_qubits=9, num_layers=1                                                             #
# TORCHINFO SUMMARY:                                                                                                 #
# =================================================================                                                  #
# Layer (type:depth-idx)                   Param #                                                                   #
# =================================================================                                                  #
# Sequential                               --                                                                        #
# ├─VQCLayer: 1-1                          172                                                                       #
# ├─Linear: 1-2                            5,130                                                                     #
# ├─LogSoftmax: 1-3                        --                                                                        #
# =================================================================                                                  #
# Total params: 5,302                                                                                                #
# Trainable params: 5,302                                                                                            #
# Non-trainable params: 0                                                                                            #
# =================================================================                                                  #
######################################################################################################################

+---------+--------+--------+--------+--------+--------+--------+--------+--------+--------+--------+
|  Epoch  | TrLoss | TrAcc  | TrPrec | TrRec  |  TrF1  | VaLoss | VaAcc  | VaPrec | VaRec  |  VaF1  |
+=========+========+========+========+========+========+========+========+========+========+========+
|  001/050|  3.7862|  0.0988|  0.0974|  0.0988|  0.0971|  2.7812|  0.1385|  0.0779|  0.1385|  0.0846|
|  002/050|  3.0285|  0.1314|  0.1265|  0.1314|  0.1276|  2.7952|  0.1342|  0.0433|  0.1342|  0.0648|
|  003/050|  2.7367|  0.1325|  0.1350|  0.1325|  0.1320|  3.2298|  0.1255|  0.0464|  0.1255|  0.0618|
|  004/050|  2.8544|  0.1412|  0.1464|  0.1412|  0.1424|  2.5500|  0.1602|  0.1518|  0.1602|  0.1090|
|  005/050|  2.8126|  0.1531|  0.1537|  0.1531|  0.1519|  3.0067|  0.1515|  0.0411|  0.1515|  0.0605|
|  006/050|  3.0642|  0.1640|  0.1640|  0.1640|  0.1621|  2.9620|  0.1645|  0.1671|  0.1645|  0.0854|
|  007/050|  3.0122|  0.1553|  0.1566|  0.1553|  0.1552|  3.2925|  0.1429|  0.0743|  0.1429|  0.0735|
|  008/050|  2.7836|  0.1607|  0.1618|  0.1607|  0.1598|  2.8935|  0.1429|  0.0592|  0.1429|  0.0833|
|  009/050|  2.9879|  0.1672|  0.1692|  0.1672|  0.1673|  2.5093|  0.2035|  0.1756|  0.2035|  0.1380|
|  010/050|  2.9425|  0.1629|  0.1652|  0.1629|  0.1637|  3.2368|  0.1082|  0.0933|  0.1082|  0.0396|
|  011/050|  2.8561|  0.1726|  0.1742|  0.1726|  0.1723|  2.6099|  0.1645|  0.1213|  0.1645|  0.1218|
|  012/050|  3.0088|  0.1596|  0.1585|  0.1596|  0.1578|  2.8405|  0.1126|  0.0263|  0.1126|  0.0360|
|  013/050|  2.7482|  0.1542|  0.1554|  0.1542|  0.1539|  3.5470|  0.1775|  0.1221|  0.1775|  0.1056|
|  014/050|  2.9844|  0.1629|  0.1649|  0.1629|  0.1619|  3.2480|  0.1212|  0.0827|  0.1212|  0.0615|
+---------+--------+--------+--------+--------+--------+--------+--------+--------+--------+--------+

######################################################################################################################
#                                                    TEST RESULTS                                                    #
######################################################################################################################
# LOSS      : 2.6225                                                                                                 #
# ACCURACY  : 0.1562                                                                                                 #
# PRECISION : 0.2087                                                                                                 #
# RECALL    : 0.1562                                                                                                 #
# F1        : 0.1209                                                                                                 #
# CONFUSION MATRIX:                                                                                                  #
# [[10  0  0  9  1  2  3  2  2  0]                                                                                   #
#  [ 6  1  0 16  1  0  0  2  3  0]                                                                                   #
#  [ 8  0  1 16  1  0  1  1  1  0]                                                                                   #
#  [ 3  0  0 16  1  0  3  5  1  0]                                                                                   #
#  [ 8  0  1 12  1  0  3  1  2  0]                                                                                   #
#  [ 9  1  1  9  0  2  2  1  3  0]                                                                                   #
#  [ 8  0  0  6  0  2  8  3  2  0]                                                                                   #
#  [ 6  0  0 13  0  1  5  3  1  0]                                                                                   #
#  [ 2  0  0 15  1  0  5  3  3  0]                                                                                   #
#  [11  0  0 12  0  0  4  2  0  0]]                                                                                  #
######################################################################################################################
