######################################################################################################################
#                                            EXPERIMENTAL PROTOCOL REPORT                                            #
######################################################################################################################
# DATE      : 2026-05-17                                                                                             #
# TIME      : 00-29                                                                                                  #
# DATASET   : MNIST digits stratified                                                                                #
# CLASSIFIER: FRQI + QCNN + QNN_compression_layer + Dense                                                            #
# SUBSET    : 5/5                                                                                                    #
# SPLITS    : train=921, val=231, test=288                                                                           #
# TRAINING  : epochs=50, batch_size=16, device=cpu, qnn_lr=0.0010, head_lr=0.0100                                    #
# MODEL     : num_classes=10, num_qubits=9, num_layers=1                                                             #
# TORCHINFO SUMMARY:                                                                                                 #
# =================================================================                                                  #
# Layer (type:depth-idx)                   Param #                                                                   #
# =================================================================                                                  #
# Sequential                               --                                                                        #
# ├─VQCLayer: 1-1                          172                                                                       #
# ├─Linear: 1-2                            5,130                                                                     #
# ├─LogSoftmax: 1-3                        --                                                                        #
# =================================================================                                                  #
# Total params: 5,302                                                                                                #
# Trainable params: 5,302                                                                                            #
# Non-trainable params: 0                                                                                            #
# =================================================================                                                  #
######################################################################################################################

+---------+--------+--------+--------+--------+--------+--------+--------+--------+--------+--------+
|  Epoch  | TrLoss | TrAcc  | TrPrec | TrRec  |  TrF1  | VaLoss | VaAcc  | VaPrec | VaRec  |  VaF1  |
+=========+========+========+========+========+========+========+========+========+========+========+
|  001/050|  3.7003|  0.1010|  0.0998|  0.1010|  0.0996|  3.0013|  0.1255|  0.1629|  0.1255|  0.0709|
|  002/050|  3.0053|  0.1205|  0.1264|  0.1205|  0.1223|  2.6067|  0.1732|  0.1040|  0.1732|  0.1177|
|  003/050|  2.7924|  0.1694|  0.1705|  0.1694|  0.1676|  2.9275|  0.1861|  0.0872|  0.1861|  0.1018|
|  004/050|  2.8036|  0.1509|  0.1525|  0.1509|  0.1508|  2.3172|  0.1775|  0.1754|  0.1775|  0.1295|
|  005/050|  2.8515|  0.1466|  0.1431|  0.1466|  0.1435|  3.1317|  0.1472|  0.0660|  0.1472|  0.0598|
|  006/050|  3.0324|  0.1585|  0.1579|  0.1585|  0.1572|  2.9080|  0.1515|  0.1102|  0.1515|  0.0874|
|  007/050|  3.1253|  0.1498|  0.1523|  0.1498|  0.1499|  3.4438|  0.1082|  0.0755|  0.1082|  0.0652|
|  008/050|  2.8597|  0.1726|  0.1760|  0.1726|  0.1706|  3.3491|  0.1212|  0.0458|  0.1212|  0.0529|
|  009/050|  2.8800|  0.1650|  0.1664|  0.1650|  0.1640|  2.7318|  0.1385|  0.1316|  0.1385|  0.1062|
+---------+--------+--------+--------+--------+--------+--------+--------+--------+--------+--------+

######################################################################################################################
#                                                    TEST RESULTS                                                    #
######################################################################################################################
# LOSS      : 2.3079                                                                                                 #
# ACCURACY  : 0.1840                                                                                                 #
# PRECISION : 0.1925                                                                                                 #
# RECALL    : 0.1840                                                                                                 #
# F1        : 0.1533                                                                                                 #
# CONFUSION MATRIX:                                                                                                  #
# [[ 9  1  3  0  0  1  0  0  0 15]                                                                                   #
#  [ 1 10  1  0  0  1  2  0  0 14]                                                                                   #
#  [ 3  5  5  2  0  0  3  0  0 11]                                                                                   #
#  [ 2  2  3  4  0  0  2  0  0 16]                                                                                   #
#  [ 3  1  3  1  0  0  1  0  0 19]                                                                                   #
#  [ 1  3  0  2  0  2  5  0  0 15]                                                                                   #
#  [ 5  2  6  0  0  0  6  0  0 10]                                                                                   #
#  [ 3  2  5  2  0  0  2  0  0 15]                                                                                   #
#  [ 2  2  2  1  0  0  1  0  0 21]                                                                                   #
#  [ 3  2  4  2  0  0  1  0  0 17]]                                                                                  #
######################################################################################################################
