######################################################################################################################
#                                            EXPERIMENTAL PROTOCOL REPORT                                            #
######################################################################################################################
# DATE      : 2026-05-17                                                                                             #
# TIME      : 00-29                                                                                                  #
# DATASET   : MNIST digits stratified                                                                                #
# CLASSIFIER: FRQI + QCNN + QNN_compression_layer + Dense                                                            #
# SUBSET    : 2/5                                                                                                    #
# SPLITS    : train=921, val=231, test=288                                                                           #
# TRAINING  : epochs=50, batch_size=16, device=cpu, qnn_lr=0.0010, head_lr=0.0100                                    #
# MODEL     : num_classes=10, num_qubits=9, num_layers=1                                                             #
# TORCHINFO SUMMARY:                                                                                                 #
# =================================================================                                                  #
# Layer (type:depth-idx)                   Param #                                                                   #
# =================================================================                                                  #
# Sequential                               --                                                                        #
# ├─VQCLayer: 1-1                          172                                                                       #
# ├─Linear: 1-2                            5,130                                                                     #
# ├─LogSoftmax: 1-3                        --                                                                        #
# =================================================================                                                  #
# Total params: 5,302                                                                                                #
# Trainable params: 5,302                                                                                            #
# Non-trainable params: 0                                                                                            #
# =================================================================                                                  #
######################################################################################################################

+---------+--------+--------+--------+--------+--------+--------+--------+--------+--------+--------+
|  Epoch  | TrLoss | TrAcc  | TrPrec | TrRec  |  TrF1  | VaLoss | VaAcc  | VaPrec | VaRec  |  VaF1  |
+=========+========+========+========+========+========+========+========+========+========+========+
|  001/050|  3.6759|  0.1021|  0.1040|  0.1021|  0.1015|  2.9394|  0.1126|  0.0715|  0.1126|  0.0457|
|  002/050|  3.0010|  0.1357|  0.1353|  0.1357|  0.1345|  2.6640|  0.1861|  0.1031|  0.1861|  0.1116|
|  003/050|  2.7127|  0.1564|  0.1589|  0.1564|  0.1559|  2.7638|  0.1472|  0.0621|  0.1472|  0.0661|
|  004/050|  2.9010|  0.1585|  0.1618|  0.1585|  0.1594|  2.5193|  0.1602|  0.0687|  0.1602|  0.0950|
|  005/050|  2.9256|  0.1640|  0.1635|  0.1640|  0.1619|  2.7655|  0.1775|  0.2502|  0.1775|  0.1140|
|  006/050|  3.0689|  0.1650|  0.1614|  0.1650|  0.1622|  2.9783|  0.1385|  0.1273|  0.1385|  0.0767|
|  007/050|  2.9705|  0.1618|  0.1643|  0.1618|  0.1622|  3.3748|  0.1255|  0.0830|  0.1255|  0.0651|
|  008/050|  3.0364|  0.1672|  0.1680|  0.1672|  0.1661|  2.9476|  0.1818|  0.1267|  0.1818|  0.0913|
|  009/050|  3.1195|  0.1422|  0.1442|  0.1422|  0.1425|  2.6576|  0.1515|  0.1363|  0.1515|  0.1021|
+---------+--------+--------+--------+--------+--------+--------+--------+--------+--------+--------+

######################################################################################################################
#                                                    TEST RESULTS                                                    #
######################################################################################################################
# LOSS      : 2.5598                                                                                                 #
# ACCURACY  : 0.1528                                                                                                 #
# PRECISION : 0.0635                                                                                                 #
# RECALL    : 0.1528                                                                                                 #
# F1        : 0.0876                                                                                                 #
# CONFUSION MATRIX:                                                                                                  #
# [[16  0  2  0  0  0  6  0  0  5]                                                                                   #
#  [ 3  0 11  0  0  0  0  0  0 15]                                                                                   #
#  [ 9  0 12  0  0  0  3  0  0  5]                                                                                   #
#  [ 7  0 10  0  0  0  2  0  0 10]                                                                                   #
#  [ 9  0  4  0  0  0  5  0  0 10]                                                                                   #
#  [ 6  0 12  0  0  0  4  0  0  6]                                                                                   #
#  [ 8  0  5  0  0  0  7  0  0  9]                                                                                   #
#  [10  0  9  0  0  0  2  0  0  8]                                                                                   #
#  [ 4  0  9  0  0  0  6  0  0 10]                                                                                   #
#  [11  0  6  0  0  0  3  0  0  9]]                                                                                  #
######################################################################################################################
