######################################################################################################################
#                                            EXPERIMENTAL PROTOCOL REPORT                                            #
######################################################################################################################
# DATE      : 30-04-2026                                                                                             #
# TIME      : 09:18                                                                                                  #
# DATASET   : MNIST digits stratified                                                                                #
# CLASSIFIER: FRQI + QNN + Dense                                                                                     #
# SUBSET    : 3/5                                                                                                    #
# SPLITS    : train=921, val=231, test=288                                                                           #
# TRAINING  : epochs=10, batch_size=16, device=cpu, qnn_lr=0.0010, head_lr=0.0100                                    #
# MODEL     : num_classes=10, num_qubits=9, num_layers=1                                                             #
######################################################################################################################

+---------+--------+--------+--------+--------+--------+--------+--------+--------+--------+--------+
|  Epoch  | TrLoss | TrAcc  | TrPrec | TrRec  |  TrF1  | VaLoss | VaAcc  | VaPrec | VaRec  |  VaF1  |
+=========+========+========+========+========+========+========+========+========+========+========+
|  001/010|  1.7274|  0.5537|  0.5527|  0.5537|  0.5528|  0.8375|  0.7100|  0.7336|  0.7100|  0.6923|
|  002/010|  0.8461|  0.7514|  0.7517|  0.7514|  0.7511|  0.7019|  0.8009|  0.8361|  0.8009|  0.8066|
|  003/010|  0.6273|  0.8002|  0.8003|  0.8002|  0.8001|  0.8177|  0.7662|  0.8092|  0.7662|  0.7595|
|  004/010|  0.5518|  0.8252|  0.8250|  0.8252|  0.8250|  0.7277|  0.7792|  0.8141|  0.7792|  0.7792|
|  005/010|  0.7611|  0.7774|  0.7783|  0.7774|  0.7774|  1.1034|  0.7403|  0.7710|  0.7403|  0.7382|
|  006/010|  0.6434|  0.8046|  0.8047|  0.8046|  0.8045|  0.7357|  0.8139|  0.8182|  0.8139|  0.8115|
|  007/010|  0.5260|  0.8393|  0.8385|  0.8393|  0.8388|  1.1384|  0.7532|  0.8107|  0.7532|  0.7469|
+---------+--------+--------+--------+--------+--------+--------+--------+--------+--------+--------+

######################################################################################################################
#                                                    TEST RESULTS                                                    #
######################################################################################################################
# LOSS      : 0.8880                                                                                                 #
# ACCURACY  : 0.7396                                                                                                 #
# PRECISION : 0.7692                                                                                                 #
# RECALL    : 0.7396                                                                                                 #
# F1        : 0.7419                                                                                                 #
# CONFUSION MATRIX:                                                                                                  #
# [[24  0  0  3  0  0  0  0  2  0]                                                                                   #
#  [ 0 27  0  1  0  0  0  0  1  0]                                                                                   #
#  [ 1  0 24  2  0  0  0  0  1  1]                                                                                   #
#  [ 0  0  3 24  0  0  0  0  1  1]                                                                                   #
#  [ 0  1  2  0 19  1  0  0  2  3]                                                                                   #
#  [ 1  0  2 12  0 12  0  1  0  0]                                                                                   #
#  [ 3  0  3  0  0  0 23  0  0  0]                                                                                   #
#  [ 0  0  0  1  2  1  0 23  2  0]                                                                                   #
#  [ 0  0  0  4  4  1  0  0 19  1]                                                                                   #
#  [ 0  0  0  2  5  0  0  2  2 18]]                                                                                  #
######################################################################################################################
