######################################################################################################################
#                                            EXPERIMENTAL PROTOCOL REPORT                                            #
######################################################################################################################
# DATE      : 06-05-2026                                                                                             #
# TIME      : 13-51                                                                                                  #
# DATASET   : MNIST digits stratified                                                                                #
# CLASSIFIER: FRQI + QNN + Dense                                                                                     #
# SUBSET    : 5/5                                                                                                    #
# SPLITS    : train=921, val=231, test=288                                                                           #
# TRAINING  : epochs=50, batch_size=16, device=cpu, qnn_lr=0.0010, head_lr=0.0100                                    #
# MODEL     : num_classes=10, num_qubits=9, num_layers=1                                                             #
# TORCHINFO SUMMARY:                                                                                                 #
# =================================================================                                                  #
# Layer (type:depth-idx)                   Param #                                                                   #
# =================================================================                                                  #
# Sequential                               --                                                                        #
# ├─VQCLayer: 1-1                          27                                                                        #
# ├─Linear: 1-2                            5,130                                                                     #
# ├─LogSoftmax: 1-3                        --                                                                        #
# =================================================================                                                  #
# Total params: 5,157                                                                                                #
# Trainable params: 5,157                                                                                            #
# Non-trainable params: 0                                                                                            #
# =================================================================                                                  #
######################################################################################################################

+---------+--------+--------+--------+--------+--------+--------+--------+--------+--------+--------+
|  Epoch  | TrLoss | TrAcc  | TrPrec | TrRec  |  TrF1  | VaLoss | VaAcc  | VaPrec | VaRec  |  VaF1  |
+=========+========+========+========+========+========+========+========+========+========+========+
|  001/050|  1.7788|  0.5353|  0.5374|  0.5353|  0.5360|  1.1664|  0.6537|  0.7560|  0.6537|  0.6607|
|  002/050|  0.8378|  0.7622|  0.7632|  0.7622|  0.7624|  0.9517|  0.7186|  0.7613|  0.7186|  0.7242|
|  003/050|  0.4842|  0.8447|  0.8437|  0.8447|  0.8440|  1.0300|  0.7359|  0.7880|  0.7359|  0.7231|
|  004/050|  0.3733|  0.8827|  0.8824|  0.8827|  0.8824|  0.9567|  0.7100|  0.7753|  0.7100|  0.7079|
|  005/050|  0.4565|  0.8599|  0.8609|  0.8599|  0.8601|  0.6916|  0.7835|  0.8002|  0.7835|  0.7866|
|  006/050|  0.3964|  0.8795|  0.8791|  0.8795|  0.8792|  0.8264|  0.7879|  0.8124|  0.7879|  0.7908|
|  007/050|  0.3782|  0.8740|  0.8741|  0.8740|  0.8739|  1.0570|  0.7229|  0.7773|  0.7229|  0.7243|
|  008/050|  0.3592|  0.8893|  0.8893|  0.8893|  0.8890|  1.1150|  0.7662|  0.7860|  0.7662|  0.7666|
|  009/050|  0.4422|  0.8664|  0.8667|  0.8664|  0.8664|  1.6494|  0.7100|  0.8106|  0.7100|  0.7076|
|  010/050|  0.6330|  0.8643|  0.8640|  0.8643|  0.8641|  0.9221|  0.8268|  0.8440|  0.8268|  0.8282|
+---------+--------+--------+--------+--------+--------+--------+--------+--------+--------+--------+

######################################################################################################################
#                                                    TEST RESULTS                                                    #
######################################################################################################################
# LOSS      : 1.0033                                                                                                 #
# ACCURACY  : 0.7674                                                                                                 #
# PRECISION : 0.7823                                                                                                 #
# RECALL    : 0.7674                                                                                                 #
# F1        : 0.7582                                                                                                 #
# CONFUSION MATRIX:                                                                                                  #
# [[26  0  1  1  0  0  1  0  0  0]                                                                                   #
#  [ 0 24  1  0  0  0  2  0  2  0]                                                                                   #
#  [ 0  0 26  2  0  0  1  0  0  0]                                                                                   #
#  [ 0  0  2 24  0  1  1  0  1  0]                                                                                   #
#  [ 5  0  1  0 14  0  4  2  0  2]                                                                                   #
#  [ 2  0  0  5  0 20  1  0  0  0]                                                                                   #
#  [ 0  0  2  0  0  2 25  0  0  0]                                                                                   #
#  [ 1  0  1  0  0  0  0 27  0  0]                                                                                   #
#  [ 3  0  0  0  0  1  0  0 24  1]                                                                                   #
#  [ 2  0  3  2  3  2  1  4  1 11]]                                                                                  #
######################################################################################################################
