######################################################################################################################
#                                            EXPERIMENTAL PROTOCOL REPORT                                            #
######################################################################################################################
# DATE      : 06-05-2026                                                                                             #
# TIME      : 13-51                                                                                                  #
# DATASET   : MNIST digits stratified                                                                                #
# CLASSIFIER: FRQI + QNN + Dense                                                                                     #
# SUBSET    : 1/5                                                                                                    #
# SPLITS    : train=921, val=231, test=288                                                                           #
# TRAINING  : epochs=50, batch_size=16, device=cpu, qnn_lr=0.0010, head_lr=0.0100                                    #
# ARCHITECT.: GEQIE/FRQI-encoded circuits -> VQCLayer(num_qubits, num_layers) -> Linear(2**num_qubits, num_classes)  #
#             -> LogSoftmax                                                                                          #
# MODEL     : num_classes=10, num_qubits=9, num_layers=1                                                             #
# TORCHINFO SUMMARY:                                                                                                 #
# =================================================================                                                  #
# Layer (type:depth-idx)                   Param #                                                                   #
# =================================================================                                                  #
# Sequential                               --                                                                        #
# ├─VQCLayer: 1-1                          27                                                                        #
# ├─Linear: 1-2                            5,130                                                                     #
# ├─LogSoftmax: 1-3                        --                                                                        #
# =================================================================                                                  #
# Total params: 5,157                                                                                                #
# Trainable params: 5,157                                                                                            #
# Non-trainable params: 0                                                                                            #
# =================================================================                                                  #
######################################################################################################################

+---------+--------+--------+--------+--------+--------+--------+--------+--------+--------+--------+
|  Epoch  | TrLoss | TrAcc  | TrPrec | TrRec  |  TrF1  | VaLoss | VaAcc  | VaPrec | VaRec  |  VaF1  |
+=========+========+========+========+========+========+========+========+========+========+========+
|  001/050|  1.8252|  0.5277|  0.5288|  0.5277|  0.5277|  0.7493|  0.7706|  0.8053|  0.7706|  0.7626|
|  002/050|  0.5807|  0.8024|  0.8024|  0.8024|  0.8020|  0.8268|  0.7576|  0.8005|  0.7576|  0.7650|
|  003/050|  0.3975|  0.8708|  0.8724|  0.8708|  0.8713|  0.9408|  0.7013|  0.7539|  0.7013|  0.6847|
|  004/050|  0.4646|  0.8393|  0.8390|  0.8393|  0.8391|  0.6220|  0.8009|  0.8150|  0.8009|  0.8025|
|  005/050|  0.4235|  0.8621|  0.8621|  0.8621|  0.8618|  1.0254|  0.7489|  0.8030|  0.7489|  0.7360|
|  006/050|  0.4955|  0.8426|  0.8436|  0.8426|  0.8429|  1.4305|  0.7532|  0.8004|  0.7532|  0.7343|
|  007/050|  0.4513|  0.8817|  0.8827|  0.8817|  0.8818|  0.8340|  0.8312|  0.8378|  0.8312|  0.8230|
|  008/050|  0.3530|  0.8925|  0.8924|  0.8925|  0.8923|  0.9438|  0.7835|  0.8153|  0.7835|  0.7856|
|  009/050|  0.3130|  0.8947|  0.8949|  0.8947|  0.8947|  0.8700|  0.7922|  0.8016|  0.7922|  0.7869|
+---------+--------+--------+--------+--------+--------+--------+--------+--------+--------+--------+

######################################################################################################################
#                                                    TEST RESULTS                                                    #
######################################################################################################################
# LOSS      : 0.7621                                                                                                 #
# ACCURACY  : 0.7569                                                                                                 #
# PRECISION : 0.7918                                                                                                 #
# RECALL    : 0.7569                                                                                                 #
# F1        : 0.7573                                                                                                 #
# CONFUSION MATRIX:                                                                                                  #
# [[26  0  1  0  0  1  0  0  1  0]                                                                                   #
#  [ 0 27  1  0  0  1  0  0  0  0]                                                                                   #
#  [ 1  1 24  0  2  0  0  0  1  0]                                                                                   #
#  [ 0  0  0 20  0  3  0  5  1  0]                                                                                   #
#  [ 0  0  2  0 20  2  1  3  0  0]                                                                                   #
#  [ 2  0  1  3  0 20  0  1  1  0]                                                                                   #
#  [ 1  0  2  0  0  2 22  0  2  0]                                                                                   #
#  [ 1  0  1  1  0  1  0 24  1  0]                                                                                   #
#  [ 1  0  0  1  0  1  0  2 23  1]                                                                                   #
#  [ 1  0  0  0  1  0  0 13  2 12]]                                                                                  #
######################################################################################################################
