######################################################################################################################
#                                            EXPERIMENTAL PROTOCOL REPORT                                            #
######################################################################################################################
# DATE      : 06-05-2026                                                                                             #
# TIME      : 13-51                                                                                                  #
# DATASET   : MNIST digits stratified                                                                                #
# CLASSIFIER: FRQI + QNN + Dense                                                                                     #
# SUBSET    : 2/5                                                                                                    #
# SPLITS    : train=921, val=231, test=288                                                                           #
# TRAINING  : epochs=50, batch_size=16, device=cpu, qnn_lr=0.0010, head_lr=0.0100                                    #
# MODEL     : num_classes=10, num_qubits=9, num_layers=1                                                             #
# TORCHINFO SUMMARY:                                                                                                 #
# =================================================================                                                  #
# Layer (type:depth-idx)                   Param #                                                                   #
# =================================================================                                                  #
# Sequential                               --                                                                        #
# ├─VQCLayer: 1-1                          27                                                                        #
# ├─Linear: 1-2                            5,130                                                                     #
# ├─LogSoftmax: 1-3                        --                                                                        #
# =================================================================                                                  #
# Total params: 5,157                                                                                                #
# Trainable params: 5,157                                                                                            #
# Non-trainable params: 0                                                                                            #
# =================================================================                                                  #
######################################################################################################################

+---------+--------+--------+--------+--------+--------+--------+--------+--------+--------+--------+
|  Epoch  | TrLoss | TrAcc  | TrPrec | TrRec  |  TrF1  | VaLoss | VaAcc  | VaPrec | VaRec  |  VaF1  |
+=========+========+========+========+========+========+========+========+========+========+========+
|  001/050|  1.8949|  0.5223|  0.5215|  0.5223|  0.5214|  1.0522|  0.6840|  0.7396|  0.6840|  0.6578|
|  002/050|  0.7128|  0.7742|  0.7752|  0.7742|  0.7743|  0.8409|  0.7359|  0.7716|  0.7359|  0.7300|
|  003/050|  0.5907|  0.8078|  0.8070|  0.8078|  0.8070|  0.9432|  0.7316|  0.7928|  0.7316|  0.7325|
|  004/050|  0.5118|  0.8360|  0.8353|  0.8360|  0.8353|  0.9015|  0.7056|  0.7437|  0.7056|  0.7110|
|  005/050|  0.4868|  0.8545|  0.8544|  0.8545|  0.8543|  1.1730|  0.7229|  0.7413|  0.7229|  0.7186|
|  006/050|  0.5054|  0.8578|  0.8573|  0.8578|  0.8571|  1.1998|  0.7143|  0.7733|  0.7143|  0.7060|
|  007/050|  0.4558|  0.8654|  0.8663|  0.8654|  0.8655|  0.8979|  0.7792|  0.8066|  0.7792|  0.7764|
+---------+--------+--------+--------+--------+--------+--------+--------+--------+--------+--------+

######################################################################################################################
#                                                    TEST RESULTS                                                    #
######################################################################################################################
# LOSS      : 0.6717                                                                                                 #
# ACCURACY  : 0.7812                                                                                                 #
# PRECISION : 0.8104                                                                                                 #
# RECALL    : 0.7812                                                                                                 #
# F1        : 0.7779                                                                                                 #
# CONFUSION MATRIX:                                                                                                  #
# [[25  0  0  0  0  0  1  0  2  1]                                                                                   #
#  [ 0 28  0  0  1  0  0  0  0  0]                                                                                   #
#  [ 2  0 18  0  0  1  3  0  4  1]                                                                                   #
#  [ 0  0  0 13  1  6  0  1  6  2]                                                                                   #
#  [ 0  0  0  0 24  0  0  1  1  2]                                                                                   #
#  [ 2  0  0  0  1 19  6  0  0  0]                                                                                   #
#  [ 0  1  0  0  1  1 25  0  1  0]                                                                                   #
#  [ 0  0  0  0  0  0  0 26  0  3]                                                                                   #
#  [ 0  1  0  0  0  2  1  0 24  1]                                                                                   #
#  [ 0  0  0  0  1  2  0  3  0 23]]                                                                                  #
######################################################################################################################
