######################################################################################################################
#                                            EXPERIMENTAL PROTOCOL REPORT                                            #
######################################################################################################################
# DATE      : 06-05-2026                                                                                             #
# TIME      : 13-51                                                                                                  #
# DATASET   : MNIST digits stratified                                                                                #
# CLASSIFIER: FRQI + QNN + Dense                                                                                     #
# SUBSET    : 4/5                                                                                                    #
# SPLITS    : train=921, val=231, test=288                                                                           #
# TRAINING  : epochs=50, batch_size=16, device=cpu, qnn_lr=0.0010, head_lr=0.0100                                    #
# MODEL     : num_classes=10, num_qubits=9, num_layers=1                                                             #
# TORCHINFO SUMMARY:                                                                                                 #
# =================================================================                                                  #
# Layer (type:depth-idx)                   Param #                                                                   #
# =================================================================                                                  #
# Sequential                               --                                                                        #
# ├─VQCLayer: 1-1                          27                                                                        #
# ├─Linear: 1-2                            5,130                                                                     #
# ├─LogSoftmax: 1-3                        --                                                                        #
# =================================================================                                                  #
# Total params: 5,157                                                                                                #
# Trainable params: 5,157                                                                                            #
# Non-trainable params: 0                                                                                            #
# =================================================================                                                  #
######################################################################################################################

+---------+--------+--------+--------+--------+--------+--------+--------+--------+--------+--------+
|  Epoch  | TrLoss | TrAcc  | TrPrec | TrRec  |  TrF1  | VaLoss | VaAcc  | VaPrec | VaRec  |  VaF1  |
+=========+========+========+========+========+========+========+========+========+========+========+
|  001/050|  1.8497|  0.5244|  0.5224|  0.5244|  0.5232|  1.2315|  0.6797|  0.7663|  0.6797|  0.6488|
|  002/050|  0.8319|  0.7470|  0.7483|  0.7470|  0.7474|  0.8674|  0.7576|  0.8100|  0.7576|  0.7584|
|  003/050|  0.5543|  0.8122|  0.8114|  0.8122|  0.8116|  0.8409|  0.7619|  0.7819|  0.7619|  0.7594|
|  004/050|  0.3622|  0.8730|  0.8728|  0.8730|  0.8727|  0.8477|  0.7619|  0.7979|  0.7619|  0.7669|
|  005/050|  0.4218|  0.8697|  0.8695|  0.8697|  0.8694|  0.9937|  0.7576|  0.8062|  0.7576|  0.7575|
|  006/050|  0.4466|  0.8708|  0.8713|  0.8708|  0.8709|  0.8983|  0.7619|  0.7955|  0.7619|  0.7574|
|  007/050|  0.4145|  0.8621|  0.8624|  0.8621|  0.8621|  0.8607|  0.7879|  0.7969|  0.7879|  0.7884|
|  008/050|  0.4379|  0.8740|  0.8735|  0.8740|  0.8737|  0.9104|  0.7792|  0.8095|  0.7792|  0.7839|
+---------+--------+--------+--------+--------+--------+--------+--------+--------+--------+--------+

######################################################################################################################
#                                                    TEST RESULTS                                                    #
######################################################################################################################
# LOSS      : 0.6971                                                                                                 #
# ACCURACY  : 0.7882                                                                                                 #
# PRECISION : 0.8115                                                                                                 #
# RECALL    : 0.7882                                                                                                 #
# F1        : 0.7878                                                                                                 #
# CONFUSION MATRIX:                                                                                                  #
# [[27  0  1  0  0  0  1  0  0  0]                                                                                   #
#  [ 0 28  0  0  0  1  0  0  0  0]                                                                                   #
#  [ 0  0 23  1  1  3  1  0  0  0]                                                                                   #
#  [ 0  0  4 22  0  3  0  0  0  0]                                                                                   #
#  [ 1  0  0  0 24  0  0  2  0  1]                                                                                   #
#  [ 0  0  0  3  0 25  0  0  0  0]                                                                                   #
#  [ 1  1  0  0  3  2 22  0  0  0]                                                                                   #
#  [ 0  0  0  0  1  2  0 23  0  3]                                                                                   #
#  [ 0  0  1  2  1  6  0  3 16  0]                                                                                   #
#  [ 1  0  0  0  3  2  0  5  1 17]]                                                                                  #
######################################################################################################################
