######################################################################################################################
#                                            EXPERIMENTAL PROTOCOL REPORT                                            #
######################################################################################################################
# DATE      : 06-05-2026                                                                                             #
# TIME      : 13-51                                                                                                  #
# DATASET   : MNIST digits stratified                                                                                #
# CLASSIFIER: FRQI + QNN + Dense                                                                                     #
# SUBSET    : 3/5                                                                                                    #
# SPLITS    : train=921, val=231, test=288                                                                           #
# TRAINING  : epochs=50, batch_size=16, device=cpu, qnn_lr=0.0010, head_lr=0.0100                                    #
# MODEL     : num_classes=10, num_qubits=9, num_layers=1                                                             #
# TORCHINFO SUMMARY:                                                                                                 #
# =================================================================                                                  #
# Layer (type:depth-idx)                   Param #                                                                   #
# =================================================================                                                  #
# Sequential                               --                                                                        #
# ├─VQCLayer: 1-1                          27                                                                        #
# ├─Linear: 1-2                            5,130                                                                     #
# ├─LogSoftmax: 1-3                        --                                                                        #
# =================================================================                                                  #
# Total params: 5,157                                                                                                #
# Trainable params: 5,157                                                                                            #
# Non-trainable params: 0                                                                                            #
# =================================================================                                                  #
######################################################################################################################

+---------+--------+--------+--------+--------+--------+--------+--------+--------+--------+--------+
|  Epoch  | TrLoss | TrAcc  | TrPrec | TrRec  |  TrF1  | VaLoss | VaAcc  | VaPrec | VaRec  |  VaF1  |
+=========+========+========+========+========+========+========+========+========+========+========+
|  001/050|  1.8290|  0.5288|  0.5284|  0.5288|  0.5279|  0.7661|  0.7576|  0.7812|  0.7576|  0.7578|
|  002/050|  0.6697|  0.8078|  0.8082|  0.8078|  0.8076|  1.0790|  0.7489|  0.8112|  0.7489|  0.7327|
|  003/050|  0.6794|  0.7970|  0.7973|  0.7970|  0.7965|  0.8535|  0.7619|  0.8128|  0.7619|  0.7613|
|  004/050|  0.3778|  0.8719|  0.8736|  0.8719|  0.8724|  0.7976|  0.7922|  0.8270|  0.7922|  0.7940|
|  005/050|  0.4245|  0.8610|  0.8613|  0.8610|  0.8610|  0.7281|  0.8139|  0.8241|  0.8139|  0.8143|
|  006/050|  0.4248|  0.8578|  0.8576|  0.8578|  0.8574|  1.0045|  0.7835|  0.8252|  0.7835|  0.7834|
|  007/050|  0.3981|  0.8621|  0.8616|  0.8621|  0.8617|  0.8498|  0.8052|  0.8258|  0.8052|  0.7977|
|  008/050|  0.4219|  0.8719|  0.8729|  0.8719|  0.8723|  1.0950|  0.7576|  0.7857|  0.7576|  0.7461|
|  009/050|  0.3756|  0.8871|  0.8865|  0.8871|  0.8866|  1.0818|  0.7965|  0.8279|  0.7965|  0.8011|
|  010/050|  0.4033|  0.8817|  0.8819|  0.8817|  0.8817|  1.0871|  0.7965|  0.8296|  0.7965|  0.7902|
+---------+--------+--------+--------+--------+--------+--------+--------+--------+--------+--------+

######################################################################################################################
#                                                    TEST RESULTS                                                    #
######################################################################################################################
# LOSS      : 0.7898                                                                                                 #
# ACCURACY  : 0.8021                                                                                                 #
# PRECISION : 0.8148                                                                                                 #
# RECALL    : 0.8021                                                                                                 #
# F1        : 0.7976                                                                                                 #
# CONFUSION MATRIX:                                                                                                  #
# [[28  0  0  0  0  1  0  0  0  0]                                                                                   #
#  [ 0 28  0  0  0  0  0  0  1  0]                                                                                   #
#  [ 0  0 24  0  0  1  3  0  0  1]                                                                                   #
#  [ 0  0  2 25  0  1  1  0  0  0]                                                                                   #
#  [ 2  0  2  0 13  4  2  3  0  2]                                                                                   #
#  [ 2  0  0  3  0 20  2  0  1  0]                                                                                   #
#  [ 0  0  1  0  0  0 28  0  0  0]                                                                                   #
#  [ 0  1  1  0  0  2  0 23  0  2]                                                                                   #
#  [ 2  0  0  0  1  1  3  0 22  0]                                                                                   #
#  [ 1  0  0  1  1  1  3  2  0 20]]                                                                                  #
######################################################################################################################
