######################################################################################################################
#                                            EXPERIMENTAL PROTOCOL REPORT                                            #
######################################################################################################################
# DATE      : 05-05-2026                                                                                             #
# TIME      : 10-41                                                                                                  #
# DATASET   : MNIST digits stratified                                                                                #
# CLASSIFIER: SimpleCNNBaseline                                                                                      #
# SUBSET    : 1/5                                                                                                    #
# SPLITS    : train=921, val=231, test=288                                                                           #
# TRAINING  : epochs=50, batch_size=64, lr=0.0010, device=cpu                                                        #
# ARCHITECT.: 16x16 grayscale -> Conv2d(1,16,3,pad=1) -> ReLU -> MaxPool2d(2) -> Conv2d(16,32,3,pad=1) -> ReLU ->    #
#             MaxPool2d(2) -> Flatten -> Linear(512,64) -> ReLU -> Linear(64, num_classes)                           #
# MODEL     : num_classes=10                                                                                         #
# TORCHINFO SUMMARY:                                                                                                 #
# =================================================================                                                  #
# Layer (type:depth-idx)                   Param #                                                                   #
# =================================================================                                                  #
# SimpleCNNBaseline                        --                                                                        #
# ├─Sequential: 1-1                        --                                                                        #
# │    └─Conv2d: 2-1                       160                                                                       #
# │    └─ReLU: 2-2                         --                                                                        #
# │    └─MaxPool2d: 2-3                    --                                                                        #
# │    └─Conv2d: 2-4                       4,640                                                                     #
# │    └─ReLU: 2-5                         --                                                                        #
# │    └─MaxPool2d: 2-6                    --                                                                        #
# ├─Sequential: 1-2                        --                                                                        #
# │    └─Flatten: 2-7                      --                                                                        #
# │    └─Linear: 2-8                       32,832                                                                    #
# │    └─ReLU: 2-9                         --                                                                        #
# │    └─Linear: 2-10                      650                                                                       #
# =================================================================                                                  #
# Total params: 38,282                                                                                               #
# Trainable params: 38,282                                                                                           #
# Non-trainable params: 0                                                                                            #
# =================================================================                                                  #
######################################################################################################################

+---------+--------+--------+--------+--------+--------+--------+--------+--------+--------+--------+
|  Epoch  | TrLoss | TrAcc  | TrPrec | TrRec  |  TrF1  | VaLoss | VaAcc  | VaPrec | VaRec  |  VaF1  |
+=========+========+========+========+========+========+========+========+========+========+========+
|  001/050|  2.2805|  0.0923|  0.1181|  0.0923|  0.0288|  2.2298|  0.1818|  0.1935|  0.1818|  0.1221|
|  002/050|  2.1500|  0.3084|  0.4943|  0.3084|  0.2352|  2.0093|  0.4892|  0.6795|  0.4892|  0.4536|
|  003/050|  1.8222|  0.5407|  0.6356|  0.5407|  0.5204|  1.5585|  0.6407|  0.7553|  0.6407|  0.5960|
|  004/050|  1.3040|  0.6710|  0.6643|  0.6710|  0.6654|  1.0716|  0.6667|  0.7477|  0.6667|  0.6369|
|  005/050|  0.9027|  0.7438|  0.7415|  0.7438|  0.7384|  0.7594|  0.7922|  0.7925|  0.7922|  0.7870|
|  006/050|  0.6655|  0.7959|  0.7969|  0.7959|  0.7956|  0.6253|  0.8182|  0.8218|  0.8182|  0.8162|
|  007/050|  0.5753|  0.8317|  0.8330|  0.8317|  0.8317|  0.5664|  0.8225|  0.8328|  0.8225|  0.8210|
|  008/050|  0.5110|  0.8491|  0.8498|  0.8491|  0.8489|  0.5205|  0.8442|  0.8539|  0.8442|  0.8395|
|  009/050|  0.4513|  0.8610|  0.8615|  0.8610|  0.8604|  0.4758|  0.8398|  0.8545|  0.8398|  0.8350|
|  010/050|  0.4291|  0.8708|  0.8710|  0.8708|  0.8701|  0.4605|  0.8485|  0.8673|  0.8485|  0.8474|
|  011/050|  0.3803|  0.8871|  0.8880|  0.8871|  0.8865|  0.4156|  0.8701|  0.8814|  0.8701|  0.8700|
|  012/050|  0.3251|  0.9110|  0.9110|  0.9110|  0.9108|  0.4040|  0.8571|  0.8760|  0.8571|  0.8570|
|  013/050|  0.3233|  0.9099|  0.9107|  0.9099|  0.9099|  0.3658|  0.8831|  0.8964|  0.8831|  0.8839|
|  014/050|  0.2817|  0.9186|  0.9196|  0.9186|  0.9186|  0.3931|  0.8745|  0.8822|  0.8745|  0.8733|
|  015/050|  0.2545|  0.9262|  0.9264|  0.9262|  0.9260|  0.3268|  0.9048|  0.9076|  0.9048|  0.9040|
|  016/050|  0.2491|  0.9316|  0.9316|  0.9316|  0.9315|  0.3315|  0.8961|  0.8966|  0.8961|  0.8931|
|  017/050|  0.2283|  0.9392|  0.9394|  0.9392|  0.9392|  0.3205|  0.9004|  0.9000|  0.9004|  0.8977|
|  018/050|  0.2215|  0.9381|  0.9381|  0.9381|  0.9379|  0.3172|  0.9048|  0.9059|  0.9048|  0.9030|
|  019/050|  0.2206|  0.9359|  0.9365|  0.9359|  0.9359|  0.3057|  0.8918|  0.8930|  0.8918|  0.8891|
|  020/050|  0.2064|  0.9446|  0.9445|  0.9446|  0.9445|  0.3039|  0.8918|  0.8974|  0.8918|  0.8892|
|  021/050|  0.1792|  0.9501|  0.9502|  0.9501|  0.9499|  0.2941|  0.9048|  0.9143|  0.9048|  0.9046|
|  022/050|  0.1873|  0.9479|  0.9481|  0.9479|  0.9479|  0.2927|  0.9048|  0.9079|  0.9048|  0.9047|
|  023/050|  0.1704|  0.9544|  0.9545|  0.9544|  0.9541|  0.2908|  0.9264|  0.9285|  0.9264|  0.9259|
|  024/050|  0.1658|  0.9501|  0.9502|  0.9501|  0.9500|  0.2938|  0.9221|  0.9264|  0.9221|  0.9221|
|  025/050|  0.1492|  0.9598|  0.9601|  0.9598|  0.9598|  0.3039|  0.8918|  0.9097|  0.8918|  0.8916|
|  026/050|  0.1638|  0.9479|  0.9480|  0.9479|  0.9479|  0.3231|  0.8961|  0.9085|  0.8961|  0.8952|
|  027/050|  0.1638|  0.9490|  0.9494|  0.9490|  0.9490|  0.2944|  0.8961|  0.9006|  0.8961|  0.8940|
|  028/050|  0.1420|  0.9587|  0.9590|  0.9587|  0.9587|  0.2858|  0.9004|  0.9020|  0.9004|  0.8983|
|  029/050|  0.1216|  0.9696|  0.9699|  0.9696|  0.9696|  0.3100|  0.9004|  0.9160|  0.9004|  0.9011|
|  030/050|  0.1158|  0.9718|  0.9718|  0.9718|  0.9717|  0.2460|  0.9177|  0.9180|  0.9177|  0.9171|
|  031/050|  0.1037|  0.9772|  0.9772|  0.9772|  0.9772|  0.2490|  0.9221|  0.9287|  0.9221|  0.9216|
|  032/050|  0.1183|  0.9739|  0.9741|  0.9739|  0.9740|  0.2645|  0.9048|  0.9106|  0.9048|  0.9034|
|  033/050|  0.1043|  0.9729|  0.9730|  0.9729|  0.9729|  0.2579|  0.9221|  0.9281|  0.9221|  0.9219|
|  034/050|  0.0945|  0.9729|  0.9729|  0.9729|  0.9728|  0.2562|  0.9177|  0.9243|  0.9177|  0.9171|
|  035/050|  0.0891|  0.9805|  0.9805|  0.9805|  0.9805|  0.2434|  0.9264|  0.9328|  0.9264|  0.9262|
|  036/050|  0.0825|  0.9848|  0.9848|  0.9848|  0.9848|  0.2599|  0.9221|  0.9298|  0.9221|  0.9219|
|  037/050|  0.0737|  0.9859|  0.9861|  0.9859|  0.9859|  0.2488|  0.9221|  0.9274|  0.9221|  0.9225|
|  038/050|  0.0872|  0.9815|  0.9817|  0.9815|  0.9815|  0.2479|  0.9264|  0.9287|  0.9264|  0.9262|
|  039/050|  0.0799|  0.9794|  0.9795|  0.9794|  0.9794|  0.2597|  0.9264|  0.9304|  0.9264|  0.9261|
|  040/050|  0.0770|  0.9805|  0.9808|  0.9805|  0.9805|  0.2551|  0.9264|  0.9342|  0.9264|  0.9262|
+---------+--------+--------+--------+--------+--------+--------+--------+--------+--------+--------+

######################################################################################################################
#                                                    TEST RESULTS                                                    #
######################################################################################################################
# LOSS      : 0.2113                                                                                                 #
# ACCURACY  : 0.9167                                                                                                 #
# PRECISION : 0.9207                                                                                                 #
# RECALL    : 0.9167                                                                                                 #
# F1        : 0.9168                                                                                                 #
# CONFUSION MATRIX:                                                                                                  #
# [[29  0  0  0  0  0  0  0  0  0]                                                                                   #
#  [ 0 28  0  0  0  0  1  0  0  0]                                                                                   #
#  [ 0  0 26  2  0  0  0  1  0  0]                                                                                   #
#  [ 1  1  0 26  0  0  0  1  0  0]                                                                                   #
#  [ 0  0  1  0 25  0  0  0  0  2]                                                                                   #
#  [ 1  0  1  0  0 26  0  0  0  0]                                                                                   #
#  [ 2  0  1  0  0  1 25  0  0  0]                                                                                   #
#  [ 0  1  0  1  0  0  0 26  0  1]                                                                                   #
#  [ 0  0  0  1  0  1  0  0 25  2]                                                                                   #
#  [ 0  0  0  0  0  0  0  1  0 28]]                                                                                  #
######################################################################################################################
