######################################################################################################################
#                                            EXPERIMENTAL PROTOCOL REPORT                                            #
######################################################################################################################
# DATE      : 05-05-2026                                                                                             #
# TIME      : 10-41                                                                                                  #
# DATASET   : MNIST digits stratified                                                                                #
# CLASSIFIER: SimpleCNNBaseline                                                                                      #
# SUBSET    : 3/5                                                                                                    #
# SPLITS    : train=921, val=231, test=288                                                                           #
# TRAINING  : epochs=50, batch_size=64, lr=0.0010, device=cpu                                                        #
# MODEL     : num_classes=10                                                                                         #
# TORCHINFO SUMMARY:                                                                                                 #
# =================================================================                                                  #
# Layer (type:depth-idx)                   Param #                                                                   #
# =================================================================                                                  #
# SimpleCNNBaseline                        --                                                                        #
# ├─Sequential: 1-1                        --                                                                        #
# │    └─Conv2d: 2-1                       160                                                                       #
# │    └─ReLU: 2-2                         --                                                                        #
# │    └─MaxPool2d: 2-3                    --                                                                        #
# │    └─Conv2d: 2-4                       4,640                                                                     #
# │    └─ReLU: 2-5                         --                                                                        #
# │    └─MaxPool2d: 2-6                    --                                                                        #
# ├─Sequential: 1-2                        --                                                                        #
# │    └─Flatten: 2-7                      --                                                                        #
# │    └─Linear: 2-8                       32,832                                                                    #
# │    └─ReLU: 2-9                         --                                                                        #
# │    └─Linear: 2-10                      650                                                                       #
# =================================================================                                                  #
# Total params: 38,282                                                                                               #
# Trainable params: 38,282                                                                                           #
# Non-trainable params: 0                                                                                            #
# =================================================================                                                  #
######################################################################################################################

+---------+--------+--------+--------+--------+--------+--------+--------+--------+--------+--------+
|  Epoch  | TrLoss | TrAcc  | TrPrec | TrRec  |  TrF1  | VaLoss | VaAcc  | VaPrec | VaRec  |  VaF1  |
+=========+========+========+========+========+========+========+========+========+========+========+
|  001/050|  2.2966|  0.1173|  0.0988|  0.1173|  0.0590|  2.2681|  0.2554|  0.2510|  0.2554|  0.1713|
|  002/050|  2.2233|  0.3312|  0.4303|  0.3312|  0.2821|  2.1552|  0.4892|  0.5087|  0.4892|  0.4081|
|  003/050|  2.0336|  0.5233|  0.6191|  0.5233|  0.4859|  1.8645|  0.6277|  0.7394|  0.6277|  0.6042|
|  004/050|  1.6167|  0.5863|  0.6196|  0.5863|  0.5553|  1.4165|  0.5714|  0.6681|  0.5714|  0.5200|
|  005/050|  1.1690|  0.6851|  0.6864|  0.6851|  0.6781|  1.0080|  0.7316|  0.7778|  0.7316|  0.7265|
|  006/050|  0.8437|  0.7709|  0.7677|  0.7709|  0.7634|  0.7726|  0.7879|  0.8035|  0.7879|  0.7847|
|  007/050|  0.6800|  0.8089|  0.8095|  0.8089|  0.8062|  0.6776|  0.7879|  0.8102|  0.7879|  0.7887|
|  008/050|  0.5990|  0.8208|  0.8214|  0.8208|  0.8199|  0.6371|  0.8139|  0.8432|  0.8139|  0.8152|
|  009/050|  0.5262|  0.8317|  0.8303|  0.8317|  0.8304|  0.5915|  0.8268|  0.8384|  0.8268|  0.8249|
|  010/050|  0.4671|  0.8654|  0.8664|  0.8654|  0.8645|  0.5220|  0.8442|  0.8576|  0.8442|  0.8437|
|  011/050|  0.4257|  0.8795|  0.8800|  0.8795|  0.8790|  0.5099|  0.8312|  0.8497|  0.8312|  0.8319|
|  012/050|  0.4031|  0.8849|  0.8859|  0.8849|  0.8843|  0.5209|  0.8485|  0.8627|  0.8485|  0.8457|
|  013/050|  0.3648|  0.8827|  0.8828|  0.8827|  0.8822|  0.4203|  0.8874|  0.8916|  0.8874|  0.8872|
|  014/050|  0.3524|  0.8969|  0.8977|  0.8969|  0.8967|  0.4139|  0.8831|  0.8873|  0.8831|  0.8822|
|  015/050|  0.3433|  0.9034|  0.9033|  0.9034|  0.9032|  0.4021|  0.8961|  0.9019|  0.8961|  0.8953|
|  016/050|  0.3033|  0.9088|  0.9108|  0.9088|  0.9089|  0.4342|  0.8658|  0.8794|  0.8658|  0.8664|
|  017/050|  0.2914|  0.9066|  0.9068|  0.9066|  0.9067|  0.3987|  0.9004|  0.9098|  0.9004|  0.9002|
|  018/050|  0.2701|  0.9186|  0.9186|  0.9186|  0.9180|  0.3487|  0.9091|  0.9121|  0.9091|  0.9088|
|  019/050|  0.2528|  0.9175|  0.9182|  0.9175|  0.9175|  0.3402|  0.9091|  0.9132|  0.9091|  0.9084|
|  020/050|  0.2456|  0.9262|  0.9264|  0.9262|  0.9262|  0.3468|  0.9004|  0.9045|  0.9004|  0.9003|
|  021/050|  0.2340|  0.9262|  0.9261|  0.9262|  0.9258|  0.3377|  0.9091|  0.9122|  0.9091|  0.9086|
|  022/050|  0.2403|  0.9207|  0.9219|  0.9207|  0.9209|  0.3393|  0.9177|  0.9224|  0.9177|  0.9176|
|  023/050|  0.2157|  0.9327|  0.9333|  0.9327|  0.9326|  0.3457|  0.9048|  0.9108|  0.9048|  0.9053|
|  024/050|  0.2076|  0.9349|  0.9346|  0.9349|  0.9346|  0.3324|  0.9048|  0.9111|  0.9048|  0.9049|
|  025/050|  0.1891|  0.9403|  0.9407|  0.9403|  0.9399|  0.3061|  0.9221|  0.9267|  0.9221|  0.9227|
|  026/050|  0.1693|  0.9511|  0.9513|  0.9511|  0.9510|  0.3173|  0.9048|  0.9090|  0.9048|  0.9046|
|  027/050|  0.1706|  0.9457|  0.9460|  0.9457|  0.9456|  0.3203|  0.9134|  0.9201|  0.9134|  0.9142|
|  028/050|  0.1660|  0.9414|  0.9422|  0.9414|  0.9415|  0.3201|  0.9134|  0.9187|  0.9134|  0.9133|
|  029/050|  0.1642|  0.9522|  0.9528|  0.9522|  0.9521|  0.3404|  0.9177|  0.9279|  0.9177|  0.9186|
|  030/050|  0.1582|  0.9457|  0.9457|  0.9457|  0.9456|  0.3250|  0.9177|  0.9217|  0.9177|  0.9175|
+---------+--------+--------+--------+--------+--------+--------+--------+--------+--------+--------+

######################################################################################################################
#                                                    TEST RESULTS                                                    #
######################################################################################################################
# LOSS      : 0.3966                                                                                                 #
# ACCURACY  : 0.9097                                                                                                 #
# PRECISION : 0.9120                                                                                                 #
# RECALL    : 0.9097                                                                                                 #
# F1        : 0.9091                                                                                                 #
# CONFUSION MATRIX:                                                                                                  #
# [[28  0  0  0  0  1  0  0  0  0]                                                                                   #
#  [ 0 28  0  0  0  0  0  0  1  0]                                                                                   #
#  [ 1  0 27  0  0  0  0  0  0  1]                                                                                   #
#  [ 0  0  0 27  0  1  0  0  1  0]                                                                                   #
#  [ 0  0  0  0 27  0  0  0  0  1]                                                                                   #
#  [ 1  0  0  1  0 25  1  0  0  0]                                                                                   #
#  [ 0  0  0  0  0  0 29  0  0  0]                                                                                   #
#  [ 0  1  0  1  0  0  0 26  1  0]                                                                                   #
#  [ 0  0  0  2  3  0  1  0 22  1]                                                                                   #
#  [ 0  0  1  1  3  0  0  0  1 23]]                                                                                  #
######################################################################################################################
