=================================================================
Layer (type:depth-idx)                   Param #
=================================================================
SimpleCNNBaseline                        --
├─Sequential: 1-1                        --
│    └─Conv2d: 2-1                       160
│    └─ReLU: 2-2                         --
│    └─MaxPool2d: 2-3                    --
│    └─Conv2d: 2-4                       4,640
│    └─ReLU: 2-5                         --
│    └─MaxPool2d: 2-6                    --
├─Sequential: 1-2                        --
│    └─Flatten: 2-7                      --
│    └─Linear: 2-8                       32,832
│    └─ReLU: 2-9                         --
│    └─Linear: 2-10                      650
=================================================================
Total params: 38,282
Trainable params: 38,282
Non-trainable params: 0
=================================================================
