######################################################################################################################
#                                            EXPERIMENTAL PROTOCOL REPORT                                            #
######################################################################################################################
# DATE      : 29-04-2026                                                                                             #
# TIME      : 13:23                                                                                                  #
# DATASET   : MNIST digits stratified                                                                                #
# CLASSIFIER: DenseBaseline                                                                                          #
# SUBSET    : 1/5                                                                                                    #
# SPLITS    : train=921, val=231, test=288                                                                           #
# TRAINING  : epochs=10, batch_size=16, lr=0.0010, device=cpu                                                        #
# ARCHITECT.: 16x16 grayscale -> Flatten(256) -> Linear(256, num_classes)                                            #
# MODEL     : num_classes=10                                                                                         #
######################################################################################################################

+---------+--------+--------+--------+--------+--------+--------+--------+--------+--------+--------+
|  Epoch  | TrLoss | TrAcc  | TrPrec | TrRec  |  TrF1  | VaLoss | VaAcc  | VaPrec | VaRec  |  VaF1  |
+=========+========+========+========+========+========+========+========+========+========+========+
|  001/010|  2.1074|  0.3366|  0.5115|  0.3366|  0.2958|  1.9007|  0.5628|  0.6992|  0.5628|  0.5372|
|  002/010|  1.7437|  0.7134|  0.7514|  0.7134|  0.7092|  1.6023|  0.7532|  0.7972|  0.7532|  0.7512|
|  003/010|  1.4735|  0.7948|  0.8117|  0.7948|  0.7894|  1.3826|  0.7922|  0.8163|  0.7922|  0.7877|
|  004/010|  1.2769|  0.8154|  0.8250|  0.8154|  0.8137|  1.2229|  0.8139|  0.8303|  0.8139|  0.8119|
|  005/010|  1.1288|  0.8350|  0.8400|  0.8350|  0.8337|  1.1029|  0.8139|  0.8341|  0.8139|  0.8119|
|  006/010|  1.0117|  0.8382|  0.8476|  0.8382|  0.8376|  1.0104|  0.7922|  0.8102|  0.7922|  0.7937|
|  007/010|  0.9229|  0.8512|  0.8575|  0.8512|  0.8506|  0.9385|  0.8052|  0.8242|  0.8052|  0.8055|
|  008/010|  0.8505|  0.8621|  0.8680|  0.8621|  0.8618|  0.8819|  0.8182|  0.8335|  0.8182|  0.8192|
|  009/010|  0.7904|  0.8697|  0.8747|  0.8697|  0.8694|  0.8348|  0.8182|  0.8337|  0.8182|  0.8191|
|  010/010|  0.7394|  0.8675|  0.8720|  0.8675|  0.8670|  0.7949|  0.8225|  0.8357|  0.8225|  0.8227|
+---------+--------+--------+--------+--------+--------+--------+--------+--------+--------+--------+

######################################################################################################################
#                                                    TEST RESULTS                                                    #
######################################################################################################################
# LOSS      : 0.8328                                                                                                 #
# ACCURACY  : 0.8264                                                                                                 #
# PRECISION : 0.8324                                                                                                 #
# RECALL    : 0.8264                                                                                                 #
# F1        : 0.8272                                                                                                 #
# CONFUSION MATRIX:                                                                                                  #
# [[25  0  0  0  0  0  2  0  2  0]                                                                                   #
#  [ 0 26  0  0  0  0  1  0  2  0]                                                                                   #
#  [ 1  1 22  0  1  0  0  0  4  0]                                                                                   #
#  [ 0  1  1 24  0  1  0  1  0  1]                                                                                   #
#  [ 0  0  1  0 23  0  2  0  0  2]                                                                                   #
#  [ 2  0  0  2  2 21  0  0  1  0]                                                                                   #
#  [ 1  0  0  0  1  1 25  0  1  0]                                                                                   #
#  [ 0  2  0  1  0  0  0 25  0  1]                                                                                   #
#  [ 0  0  0  2  1  0  0  1 23  2]                                                                                   #
#  [ 0  0  0  0  2  0  0  2  1 24]]                                                                                  #
######################################################################################################################
