######################################################################################################################
#                                            EXPERIMENTAL PROTOCOL REPORT                                            #
######################################################################################################################
# DATE      : 29-04-2026                                                                                             #
# TIME      : 13:23                                                                                                  #
# DATASET   : MNIST digits stratified                                                                                #
# CLASSIFIER: DenseBaseline                                                                                          #
# SUBSET    : 3/5                                                                                                    #
# SPLITS    : train=921, val=231, test=288                                                                           #
# TRAINING  : epochs=10, batch_size=16, lr=0.0010, device=cpu                                                        #
# MODEL     : num_classes=10                                                                                         #
######################################################################################################################

+---------+--------+--------+--------+--------+--------+--------+--------+--------+--------+--------+
|  Epoch  | TrLoss | TrAcc  | TrPrec | TrRec  |  TrF1  | VaLoss | VaAcc  | VaPrec | VaRec  |  VaF1  |
+=========+========+========+========+========+========+========+========+========+========+========+
|  001/010|  2.1126|  0.3485|  0.5125|  0.3485|  0.3376|  1.9192|  0.7013|  0.7308|  0.7013|  0.6865|
|  002/010|  1.7372|  0.7579|  0.7842|  0.7579|  0.7571|  1.6306|  0.7879|  0.7890|  0.7879|  0.7817|
|  003/010|  1.4684|  0.7774|  0.7905|  0.7774|  0.7737|  1.4168|  0.7879|  0.7954|  0.7879|  0.7832|
|  004/010|  1.2741|  0.7991|  0.8120|  0.7991|  0.7972|  1.2560|  0.7835|  0.7898|  0.7835|  0.7794|
|  005/010|  1.1253|  0.8132|  0.8178|  0.8132|  0.8108|  1.1381|  0.7879|  0.7935|  0.7879|  0.7853|
|  006/010|  1.0161|  0.8230|  0.8283|  0.8230|  0.8213|  1.0456|  0.7879|  0.8001|  0.7879|  0.7843|
|  007/010|  0.9290|  0.8295|  0.8373|  0.8295|  0.8275|  0.9733|  0.7965|  0.8102|  0.7965|  0.7946|
|  008/010|  0.8614|  0.8382|  0.8406|  0.8382|  0.8368|  0.9129|  0.8009|  0.8149|  0.8009|  0.8000|
|  009/010|  0.8025|  0.8415|  0.8444|  0.8415|  0.8408|  0.8638|  0.8139|  0.8242|  0.8139|  0.8131|
|  010/010|  0.7547|  0.8534|  0.8549|  0.8534|  0.8529|  0.8222|  0.8139|  0.8242|  0.8139|  0.8131|
+---------+--------+--------+--------+--------+--------+--------+--------+--------+--------+--------+

######################################################################################################################
#                                                    TEST RESULTS                                                    #
######################################################################################################################
# LOSS      : 0.8324                                                                                                 #
# ACCURACY  : 0.8542                                                                                                 #
# PRECISION : 0.8557                                                                                                 #
# RECALL    : 0.8542                                                                                                 #
# F1        : 0.8538                                                                                                 #
# CONFUSION MATRIX:                                                                                                  #
# [[26  0  0  0  0  0  0  0  3  0]                                                                                   #
#  [ 0 27  0  0  0  0  0  0  2  0]                                                                                   #
#  [ 0  0 27  0  0  0  0  0  1  1]                                                                                   #
#  [ 0  1  2 24  0  0  1  0  0  1]                                                                                   #
#  [ 0  0  0  0 23  1  2  1  1  0]                                                                                   #
#  [ 1  0  0  3  0 22  2  0  0  0]                                                                                   #
#  [ 1  0  1  0  0  0 27  0  0  0]                                                                                   #
#  [ 0  2  1  0  0  0  0 26  0  0]                                                                                   #
#  [ 0  0  0  2  2  1  0  0 21  3]                                                                                   #
#  [ 0  0  1  1  2  0  0  1  1 23]]                                                                                  #
######################################################################################################################
