######################################################################################################################
#                                            EXPERIMENTAL PROTOCOL REPORT                                            #
######################################################################################################################
# DATE      : 29-04-2026                                                                                             #
# TIME      : 13:23                                                                                                  #
# DATASET   : MNIST digits stratified                                                                                #
# CLASSIFIER: DenseBaseline                                                                                          #
# SUBSET    : 5/5                                                                                                    #
# SPLITS    : train=921, val=231, test=288                                                                           #
# TRAINING  : epochs=10, batch_size=16, lr=0.0010, device=cpu                                                        #
# MODEL     : num_classes=10                                                                                         #
######################################################################################################################

+---------+--------+--------+--------+--------+--------+--------+--------+--------+--------+--------+
|  Epoch  | TrLoss | TrAcc  | TrPrec | TrRec  |  TrF1  | VaLoss | VaAcc  | VaPrec | VaRec  |  VaF1  |
+=========+========+========+========+========+========+========+========+========+========+========+
|  001/010|  2.1339|  0.3898|  0.4504|  0.3898|  0.3594|  1.9428|  0.6494|  0.7137|  0.6494|  0.6424|
|  002/010|  1.7625|  0.7524|  0.7619|  0.7524|  0.7474|  1.6592|  0.7359|  0.7605|  0.7359|  0.7352|
|  003/010|  1.4902|  0.8230|  0.8286|  0.8230|  0.8188|  1.4473|  0.7359|  0.7673|  0.7359|  0.7328|
|  004/010|  1.2901|  0.8317|  0.8388|  0.8317|  0.8273|  1.2877|  0.7706|  0.7826|  0.7706|  0.7704|
|  005/010|  1.1412|  0.8393|  0.8472|  0.8393|  0.8377|  1.1672|  0.7792|  0.7888|  0.7792|  0.7794|
|  006/010|  1.0267|  0.8469|  0.8502|  0.8469|  0.8451|  1.0763|  0.7835|  0.7981|  0.7835|  0.7845|
|  007/010|  0.9376|  0.8480|  0.8531|  0.8480|  0.8464|  0.9998|  0.8052|  0.8195|  0.8052|  0.8054|
|  008/010|  0.8659|  0.8491|  0.8522|  0.8491|  0.8476|  0.9407|  0.8009|  0.8113|  0.8009|  0.8019|
|  009/010|  0.8076|  0.8502|  0.8533|  0.8502|  0.8490|  0.8908|  0.8095|  0.8223|  0.8095|  0.8113|
|  010/010|  0.7590|  0.8599|  0.8621|  0.8599|  0.8590|  0.8489|  0.8182|  0.8238|  0.8182|  0.8184|
+---------+--------+--------+--------+--------+--------+--------+--------+--------+--------+--------+

######################################################################################################################
#                                                    TEST RESULTS                                                    #
######################################################################################################################
# LOSS      : 0.7510                                                                                                 #
# ACCURACY  : 0.8785                                                                                                 #
# PRECISION : 0.8845                                                                                                 #
# RECALL    : 0.8785                                                                                                 #
# F1        : 0.8758                                                                                                 #
# CONFUSION MATRIX:                                                                                                  #
# [[26  0  0  0  1  0  1  0  1  0]                                                                                   #
#  [ 0 29  0  0  0  0  0  0  0  0]                                                                                   #
#  [ 0  0 28  0  0  0  0  0  1  0]                                                                                   #
#  [ 0  1  0 26  0  0  1  0  1  0]                                                                                   #
#  [ 0  0  0  0 23  0  0  1  0  4]                                                                                   #
#  [ 2  0  0  4  0 17  1  0  3  1]                                                                                   #
#  [ 0  0  1  0  0  0 28  0  0  0]                                                                                   #
#  [ 0  1  0  1  0  0  0 27  0  0]                                                                                   #
#  [ 0  1  0  1  0  0  0  0 26  1]                                                                                   #
#  [ 0  0  1  1  3  0  0  1  0 23]]                                                                                  #
######################################################################################################################
