######################################################################################################################
#                                            EXPERIMENTAL PROTOCOL REPORT                                            #
######################################################################################################################
# DATE      : 29-04-2026                                                                                             #
# TIME      : 14:21                                                                                                  #
# DATASET   : MNIST digits stratified                                                                                #
# CLASSIFIER: SimpleCNNBaseline                                                                                      #
# SUBSET    : 5/5                                                                                                    #
# SPLITS    : train=921, val=231, test=288                                                                           #
# TRAINING  : epochs=10, batch_size=64, lr=0.0010, device=cpu                                                        #
# MODEL     : num_classes=10                                                                                         #
######################################################################################################################

+---------+--------+--------+--------+--------+--------+--------+--------+--------+--------+--------+
|  Epoch  | TrLoss | TrAcc  | TrPrec | TrRec  |  TrF1  | VaLoss | VaAcc  | VaPrec | VaRec  |  VaF1  |
+=========+========+========+========+========+========+========+========+========+========+========+
|  001/010|  2.2805|  0.1325|  0.1813|  0.1325|  0.0632|  2.2387|  0.1732|  0.2040|  0.1732|  0.1065|
|  002/010|  2.1616|  0.4278|  0.5564|  0.4278|  0.3990|  2.0521|  0.5455|  0.7574|  0.5455|  0.5275|
|  003/010|  1.8427|  0.6384|  0.7070|  0.6384|  0.6109|  1.6430|  0.6061|  0.6346|  0.6061|  0.5841|
|  004/010|  1.3423|  0.6873|  0.7219|  0.6873|  0.6679|  1.1766|  0.6147|  0.6192|  0.6147|  0.5935|
|  005/010|  0.9451|  0.7427|  0.7439|  0.7427|  0.7391|  0.9838|  0.6494|  0.6958|  0.6494|  0.6228|
|  006/010|  0.7661|  0.7839|  0.7824|  0.7839|  0.7813|  0.8634|  0.6710|  0.6933|  0.6710|  0.6586|
|  007/010|  0.6765|  0.7937|  0.7946|  0.7937|  0.7915|  0.7363|  0.7489|  0.7599|  0.7489|  0.7508|
|  008/010|  0.5994|  0.8198|  0.8207|  0.8198|  0.8186|  0.7472|  0.7186|  0.7863|  0.7186|  0.7123|
|  009/010|  0.5398|  0.8317|  0.8315|  0.8317|  0.8309|  0.6448|  0.7532|  0.7904|  0.7532|  0.7545|
|  010/010|  0.5055|  0.8567|  0.8572|  0.8567|  0.8560|  0.5942|  0.7922|  0.8036|  0.7922|  0.7929|
+---------+--------+--------+--------+--------+--------+--------+--------+--------+--------+--------+

######################################################################################################################
#                                                    TEST RESULTS                                                    #
######################################################################################################################
# LOSS      : 0.5585                                                                                                 #
# ACCURACY  : 0.8438                                                                                                 #
# PRECISION : 0.8593                                                                                                 #
# RECALL    : 0.8438                                                                                                 #
# F1        : 0.8414                                                                                                 #
# CONFUSION MATRIX:                                                                                                  #
# [[27  0  0  0  1  0  0  0  1  0]                                                                                   #
#  [ 0 24  1  0  0  0  0  0  2  2]                                                                                   #
#  [ 2  0 26  1  0  0  0  0  0  0]                                                                                   #
#  [ 1  0  2 25  0  0  0  0  1  0]                                                                                   #
#  [ 0  0  0  0 24  0  0  1  0  3]                                                                                   #
#  [ 3  0  0  5  1 14  0  1  3  1]                                                                                   #
#  [ 0  0  1  0  1  1 26  0  0  0]                                                                                   #
#  [ 0  0  0  2  0  0  0 25  1  1]                                                                                   #
#  [ 0  0  0  1  0  0  0  0 27  1]                                                                                   #
#  [ 0  0  1  1  1  0  0  0  1 25]]                                                                                  #
######################################################################################################################
