######################################################################################################################
#                                            EXPERIMENTAL PROTOCOL REPORT                                            #
######################################################################################################################
# DATE      : 29-04-2026                                                                                             #
# TIME      : 14:21                                                                                                  #
# DATASET   : MNIST digits stratified                                                                                #
# CLASSIFIER: SimpleCNNBaseline                                                                                      #
# SUBSET    : 4/5                                                                                                    #
# SPLITS    : train=921, val=231, test=288                                                                           #
# TRAINING  : epochs=10, batch_size=64, lr=0.0010, device=cpu                                                        #
# MODEL     : num_classes=10                                                                                         #
######################################################################################################################

+---------+--------+--------+--------+--------+--------+--------+--------+--------+--------+--------+
|  Epoch  | TrLoss | TrAcc  | TrPrec | TrRec  |  TrF1  | VaLoss | VaAcc  | VaPrec | VaRec  |  VaF1  |
+=========+========+========+========+========+========+========+========+========+========+========+
|  001/010|  2.2866|  0.1640|  0.3244|  0.1640|  0.1019|  2.2480|  0.2814|  0.2872|  0.2814|  0.2206|
|  002/010|  2.1876|  0.4072|  0.4464|  0.4072|  0.3733|  2.0824|  0.4502|  0.5130|  0.4502|  0.4105|
|  003/010|  1.9111|  0.5711|  0.6257|  0.5711|  0.5223|  1.6739|  0.6104|  0.7191|  0.6104|  0.5772|
|  004/010|  1.3883|  0.6612|  0.6945|  0.6612|  0.6359|  1.1376|  0.6797|  0.6876|  0.6797|  0.6613|
|  005/010|  0.9444|  0.7307|  0.7314|  0.7307|  0.7230|  0.8174|  0.7489|  0.7607|  0.7489|  0.7487|
|  006/010|  0.7076|  0.7937|  0.7911|  0.7937|  0.7914|  0.7090|  0.7662|  0.7974|  0.7662|  0.7657|
|  007/010|  0.5821|  0.8252|  0.8261|  0.8252|  0.8246|  0.6054|  0.8052|  0.8358|  0.8052|  0.8065|
|  008/010|  0.5240|  0.8458|  0.8453|  0.8458|  0.8453|  0.5051|  0.8442|  0.8536|  0.8442|  0.8427|
|  009/010|  0.4518|  0.8740|  0.8753|  0.8740|  0.8743|  0.5081|  0.8442|  0.8622|  0.8442|  0.8412|
|  010/010|  0.4172|  0.8795|  0.8798|  0.8795|  0.8792|  0.4297|  0.8701|  0.8745|  0.8701|  0.8667|
+---------+--------+--------+--------+--------+--------+--------+--------+--------+--------+--------+

######################################################################################################################
#                                                    TEST RESULTS                                                    #
######################################################################################################################
# LOSS      : 0.4068                                                                                                 #
# ACCURACY  : 0.8542                                                                                                 #
# PRECISION : 0.8588                                                                                                 #
# RECALL    : 0.8542                                                                                                 #
# F1        : 0.8521                                                                                                 #
# CONFUSION MATRIX:                                                                                                  #
# [[28  0  0  0  0  0  0  0  1  0]                                                                                   #
#  [ 0 29  0  0  0  0  0  0  0  0]                                                                                   #
#  [ 1  0 27  0  1  0  0  0  0  0]                                                                                   #
#  [ 0  1  1 20  0  1  0  1  5  0]                                                                                   #
#  [ 0  0  0  0 26  0  1  0  0  1]                                                                                   #
#  [ 0  0  1  1  1 21  1  1  0  2]                                                                                   #
#  [ 0  1  1  0  1  1 25  0  0  0]                                                                                   #
#  [ 0  0  0  0  0  0  0 27  0  2]                                                                                   #
#  [ 0  1  0  0  1  1  0  1 23  2]                                                                                   #
#  [ 1  0  0  0  3  0  0  5  0 20]]                                                                                  #
######################################################################################################################
