######################################################################################################################
#                                            EXPERIMENTAL PROTOCOL REPORT                                            #
######################################################################################################################
# DATE      : 29-04-2026                                                                                             #
# TIME      : 14:21                                                                                                  #
# DATASET   : MNIST digits stratified                                                                                #
# CLASSIFIER: SimpleCNNBaseline                                                                                      #
# SUBSET    : 3/5                                                                                                    #
# SPLITS    : train=921, val=231, test=288                                                                           #
# TRAINING  : epochs=10, batch_size=64, lr=0.0010, device=cpu                                                        #
# MODEL     : num_classes=10                                                                                         #
######################################################################################################################

+---------+--------+--------+--------+--------+--------+--------+--------+--------+--------+--------+
|  Epoch  | TrLoss | TrAcc  | TrPrec | TrRec  |  TrF1  | VaLoss | VaAcc  | VaPrec | VaRec  |  VaF1  |
+=========+========+========+========+========+========+========+========+========+========+========+
|  001/010|  2.2924|  0.1281|  0.2332|  0.1281|  0.0552|  2.2669|  0.2511|  0.2557|  0.2511|  0.1736|
|  002/010|  2.2183|  0.3996|  0.5034|  0.3996|  0.3427|  2.1458|  0.4286|  0.4279|  0.4286|  0.3708|
|  003/010|  1.9989|  0.4549|  0.6577|  0.4549|  0.4061|  1.8098|  0.5974|  0.6872|  0.5974|  0.5882|
|  004/010|  1.5313|  0.6341|  0.6624|  0.6341|  0.6196|  1.2636|  0.7186|  0.7584|  0.7186|  0.7007|
|  005/010|  1.0131|  0.7296|  0.7309|  0.7296|  0.7259|  0.8928|  0.7662|  0.7990|  0.7662|  0.7624|
|  006/010|  0.7543|  0.7676|  0.7709|  0.7676|  0.7653|  0.7141|  0.7922|  0.8176|  0.7922|  0.7940|
|  007/010|  0.6357|  0.7991|  0.7999|  0.7991|  0.7988|  0.6591|  0.8182|  0.8421|  0.8182|  0.8191|
|  008/010|  0.5239|  0.8426|  0.8442|  0.8426|  0.8427|  0.5955|  0.8182|  0.8309|  0.8182|  0.8159|
|  009/010|  0.4747|  0.8621|  0.8634|  0.8621|  0.8609|  0.5692|  0.8398|  0.8603|  0.8398|  0.8398|
|  010/010|  0.4413|  0.8708|  0.8705|  0.8708|  0.8705|  0.5326|  0.8312|  0.8520|  0.8312|  0.8293|
+---------+--------+--------+--------+--------+--------+--------+--------+--------+--------+--------+

######################################################################################################################
#                                                    TEST RESULTS                                                    #
######################################################################################################################
# LOSS      : 0.5851                                                                                                 #
# ACCURACY  : 0.8299                                                                                                 #
# PRECISION : 0.8438                                                                                                 #
# RECALL    : 0.8299                                                                                                 #
# F1        : 0.8305                                                                                                 #
# CONFUSION MATRIX:                                                                                                  #
# [[27  0  0  0  0  0  0  0  2  0]                                                                                   #
#  [ 0 27  0  0  0  0  0  0  2  0]                                                                                   #
#  [ 0  0 26  0  2  0  0  0  1  0]                                                                                   #
#  [ 0  1  0 25  0  1  1  0  0  1]                                                                                   #
#  [ 0  1  0  0 23  0  2  0  0  2]                                                                                   #
#  [ 1  0  0  7  0 18  1  0  1  0]                                                                                   #
#  [ 0  0  1  0  0  0 28  0  0  0]                                                                                   #
#  [ 0  1  0  1  0  0  0 22  3  2]                                                                                   #
#  [ 1  0  0  2  2  0  2  0 21  1]                                                                                   #
#  [ 0  0  1  1  2  0  0  0  3 22]]                                                                                  #
######################################################################################################################
