######################################################################################################################
#                                            EXPERIMENTAL PROTOCOL REPORT                                            #
######################################################################################################################
# DATE      : 06-05-2026                                                                                             #
# TIME      : 10-23                                                                                                  #
# DATASET   : MNIST digits stratified                                                                                #
# CLASSIFIER: FRQI + QNN + Dense                                                                                     #
# SUBSET    : 5/5                                                                                                    #
# SPLITS    : train=921, val=231, test=288                                                                           #
# TRAINING  : epochs=50, batch_size=16, device=cpu, qnn_lr=0.0010, head_lr=0.0100                                    #
# MODEL     : num_classes=10, num_qubits=9, num_layers=1                                                             #
# TORCHINFO SUMMARY:                                                                                                 #
# =================================================================                                                  #
# Layer (type:depth-idx)                   Param #                                                                   #
# =================================================================                                                  #
# Sequential                               --                                                                        #
# ├─VQCLayer: 1-1                          27                                                                        #
# ├─Linear: 1-2                            5,130                                                                     #
# ├─LogSoftmax: 1-3                        --                                                                        #
# =================================================================                                                  #
# Total params: 5,157                                                                                                #
# Trainable params: 5,157                                                                                            #
# Non-trainable params: 0                                                                                            #
# =================================================================                                                  #
######################################################################################################################

+---------+--------+--------+--------+--------+--------+--------+--------+--------+--------+--------+
|  Epoch  | TrLoss | TrAcc  | TrPrec | TrRec  |  TrF1  | VaLoss | VaAcc  | VaPrec | VaRec  |  VaF1  |
+=========+========+========+========+========+========+========+========+========+========+========+
|  001/050|  1.7463|  0.5548|  0.5568|  0.5548|  0.5552|  1.1735|  0.6277|  0.7639|  0.6277|  0.6433|
|  002/050|  0.5780|  0.8241|  0.8241|  0.8241|  0.8238|  1.1880|  0.6537|  0.7729|  0.6537|  0.6550|
|  003/050|  0.5124|  0.8458|  0.8457|  0.8458|  0.8456|  0.7551|  0.7446|  0.7755|  0.7446|  0.7401|
|  004/050|  0.4618|  0.8686|  0.8687|  0.8686|  0.8685|  0.7852|  0.8009|  0.8168|  0.8009|  0.8019|
|  005/050|  0.4370|  0.8610|  0.8606|  0.8610|  0.8605|  1.0439|  0.7316|  0.8147|  0.7316|  0.7436|
|  006/050|  0.4567|  0.8502|  0.8506|  0.8502|  0.8503|  1.2409|  0.6797|  0.7670|  0.6797|  0.6830|
|  007/050|  0.4102|  0.8740|  0.8741|  0.8740|  0.8740|  1.1118|  0.7446|  0.7916|  0.7446|  0.7363|
|  008/050|  0.3816|  0.8914|  0.8916|  0.8914|  0.8915|  0.8815|  0.7706|  0.8114|  0.7706|  0.7786|
+---------+--------+--------+--------+--------+--------+--------+--------+--------+--------+--------+

######################################################################################################################
#                                                    TEST RESULTS                                                    #
######################################################################################################################
# LOSS      : 0.6984                                                                                                 #
# ACCURACY  : 0.7951                                                                                                 #
# PRECISION : 0.8146                                                                                                 #
# RECALL    : 0.7951                                                                                                 #
# F1        : 0.7925                                                                                                 #
# CONFUSION MATRIX:                                                                                                  #
# [[25  0  2  0  0  0  1  0  1  0]                                                                                   #
#  [ 0 26  0  0  1  0  1  0  1  0]                                                                                   #
#  [ 0  0 28  0  0  0  0  0  1  0]                                                                                   #
#  [ 1  0  3 18  0  1  1  0  4  1]                                                                                   #
#  [ 1  0  1  0 23  0  1  0  1  1]                                                                                   #
#  [ 1  2  0  1  2 19  2  0  1  0]                                                                                   #
#  [ 1  0  1  0  1  0 26  0  0  0]                                                                                   #
#  [ 0  1  0  2  2  0  0 17  1  6]                                                                                   #
#  [ 3  1  0  0  1  0  0  0 24  0]                                                                                   #
#  [ 1  0  1  0  3  0  0  0  1 23]]                                                                                  #
######################################################################################################################
