######################################################################################################################
#                                            EXPERIMENTAL PROTOCOL REPORT                                            #
######################################################################################################################
# DATE      : 06-05-2026                                                                                             #
# TIME      : 10-23                                                                                                  #
# DATASET   : MNIST digits stratified                                                                                #
# CLASSIFIER: FRQI + QNN + Dense                                                                                     #
# SUBSET    : 3/5                                                                                                    #
# SPLITS    : train=921, val=231, test=288                                                                           #
# TRAINING  : epochs=50, batch_size=16, device=cpu, qnn_lr=0.0010, head_lr=0.0100                                    #
# MODEL     : num_classes=10, num_qubits=9, num_layers=1                                                             #
# TORCHINFO SUMMARY:                                                                                                 #
# =================================================================                                                  #
# Layer (type:depth-idx)                   Param #                                                                   #
# =================================================================                                                  #
# Sequential                               --                                                                        #
# ├─VQCLayer: 1-1                          27                                                                        #
# ├─Linear: 1-2                            5,130                                                                     #
# ├─LogSoftmax: 1-3                        --                                                                        #
# =================================================================                                                  #
# Total params: 5,157                                                                                                #
# Trainable params: 5,157                                                                                            #
# Non-trainable params: 0                                                                                            #
# =================================================================                                                  #
######################################################################################################################

+---------+--------+--------+--------+--------+--------+--------+--------+--------+--------+--------+
|  Epoch  | TrLoss | TrAcc  | TrPrec | TrRec  |  TrF1  | VaLoss | VaAcc  | VaPrec | VaRec  |  VaF1  |
+=========+========+========+========+========+========+========+========+========+========+========+
|  001/050|  1.8505|  0.5385|  0.5436|  0.5385|  0.5400|  0.7160|  0.7792|  0.8210|  0.7792|  0.7771|
|  002/050|  0.6035|  0.8122|  0.8129|  0.8122|  0.8120|  0.8677|  0.7186|  0.8017|  0.7186|  0.7233|
|  003/050|  0.6592|  0.7948|  0.7943|  0.7948|  0.7944|  1.0125|  0.7229|  0.8012|  0.7229|  0.7133|
|  004/050|  0.5769|  0.8360|  0.8363|  0.8360|  0.8360|  0.8281|  0.7965|  0.8301|  0.7965|  0.7959|
|  005/050|  0.6717|  0.8143|  0.8166|  0.8143|  0.8150|  0.8064|  0.8095|  0.8360|  0.8095|  0.8118|
|  006/050|  0.4538|  0.8751|  0.8755|  0.8751|  0.8751|  0.7816|  0.8095|  0.8341|  0.8095|  0.8099|
+---------+--------+--------+--------+--------+--------+--------+--------+--------+--------+--------+

######################################################################################################################
#                                                    TEST RESULTS                                                    #
######################################################################################################################
# LOSS      : 0.8868                                                                                                 #
# ACCURACY  : 0.7222                                                                                                 #
# PRECISION : 0.7674                                                                                                 #
# RECALL    : 0.7222                                                                                                 #
# F1        : 0.7147                                                                                                 #
# CONFUSION MATRIX:                                                                                                  #
# [[22  1  0  1  1  0  4  0  0  0]                                                                                   #
#  [ 0 29  0  0  0  0  0  0  0  0]                                                                                   #
#  [ 0  0 19  0  3  0  7  0  0  0]                                                                                   #
#  [ 0  3  0 22  0  2  1  0  0  1]                                                                                   #
#  [ 0  2  0  1 20  0  1  1  0  3]                                                                                   #
#  [ 1  1  0  2  1 20  3  0  0  0]                                                                                   #
#  [ 0  0  0  0  0  0 29  0  0  0]                                                                                   #
#  [ 0  5  0  1  3  0  0 18  0  2]                                                                                   #
#  [ 1  2  1  6  1  4  3  0 10  1]                                                                                   #
#  [ 0  0  0  1  4  0  1  4  0 19]]                                                                                  #
######################################################################################################################
