######################################################################################################################
#                                            EXPERIMENTAL PROTOCOL REPORT                                            #
######################################################################################################################
# DATE      : 06-05-2026                                                                                             #
# TIME      : 10-23                                                                                                  #
# DATASET   : MNIST digits stratified                                                                                #
# CLASSIFIER: FRQI + QNN + Dense                                                                                     #
# SUBSET    : 1/5                                                                                                    #
# SPLITS    : train=921, val=231, test=288                                                                           #
# TRAINING  : epochs=50, batch_size=16, device=cpu, qnn_lr=0.0010, head_lr=0.0100                                    #
# ARCHITECT.: GEQIE/FRQI-encoded circuits -> VQCLayer(num_qubits, num_layers) -> Linear(2**num_qubits, num_classes)  #
#             -> LogSoftmax                                                                                          #
# MODEL     : num_classes=10, num_qubits=9, num_layers=1                                                             #
# TORCHINFO SUMMARY:                                                                                                 #
# =================================================================                                                  #
# Layer (type:depth-idx)                   Param #                                                                   #
# =================================================================                                                  #
# Sequential                               --                                                                        #
# ├─VQCLayer: 1-1                          27                                                                        #
# ├─Linear: 1-2                            5,130                                                                     #
# ├─LogSoftmax: 1-3                        --                                                                        #
# =================================================================                                                  #
# Total params: 5,157                                                                                                #
# Trainable params: 5,157                                                                                            #
# Non-trainable params: 0                                                                                            #
# =================================================================                                                  #
######################################################################################################################

+---------+--------+--------+--------+--------+--------+--------+--------+--------+--------+--------+
|  Epoch  | TrLoss | TrAcc  | TrPrec | TrRec  |  TrF1  | VaLoss | VaAcc  | VaPrec | VaRec  |  VaF1  |
+=========+========+========+========+========+========+========+========+========+========+========+
|  001/050|  1.7665|  0.5581|  0.5608|  0.5581|  0.5587|  0.7857|  0.7489|  0.7962|  0.7489|  0.7470|
|  002/050|  0.5387|  0.8154|  0.8153|  0.8154|  0.8152|  0.7000|  0.7792|  0.8138|  0.7792|  0.7780|
|  003/050|  0.4408|  0.8512|  0.8521|  0.8512|  0.8514|  0.9206|  0.7316|  0.8291|  0.7316|  0.7230|
|  004/050|  0.4985|  0.8426|  0.8447|  0.8426|  0.8434|  0.6696|  0.8009|  0.8358|  0.8009|  0.7987|
|  005/050|  0.3876|  0.8751|  0.8766|  0.8751|  0.8756|  0.8932|  0.7922|  0.8413|  0.7922|  0.7858|
|  006/050|  0.3794|  0.8838|  0.8846|  0.8838|  0.8835|  0.8209|  0.7965|  0.8534|  0.7965|  0.8000|
|  007/050|  0.3548|  0.8990|  0.8991|  0.8990|  0.8989|  1.0352|  0.7792|  0.8263|  0.7792|  0.7653|
|  008/050|  0.3417|  0.8958|  0.8961|  0.8958|  0.8958|  0.7649|  0.8225|  0.8323|  0.8225|  0.8195|
|  009/050|  0.2776|  0.9055|  0.9053|  0.9055|  0.9054|  0.9746|  0.7835|  0.8235|  0.7835|  0.7883|
+---------+--------+--------+--------+--------+--------+--------+--------+--------+--------+--------+

######################################################################################################################
#                                                    TEST RESULTS                                                    #
######################################################################################################################
# LOSS      : 0.8183                                                                                                 #
# ACCURACY  : 0.7639                                                                                                 #
# PRECISION : 0.8043                                                                                                 #
# RECALL    : 0.7639                                                                                                 #
# F1        : 0.7701                                                                                                 #
# CONFUSION MATRIX:                                                                                                  #
# [[25  0  0  0  0  1  0  0  2  1]                                                                                   #
#  [ 0 23  2  1  1  0  0  0  2  0]                                                                                   #
#  [ 1  0 22  2  0  0  0  0  4  0]                                                                                   #
#  [ 0  0  0 25  0  0  0  1  3  0]                                                                                   #
#  [ 0  0  0  0 23  0  1  1  2  1]                                                                                   #
#  [ 2  0  0  5  1 15  0  0  5  0]                                                                                   #
#  [ 1  0  1  0  1  1 22  0  3  0]                                                                                   #
#  [ 0  0  1  2  2  0  0 23  1  0]                                                                                   #
#  [ 0  0  0  3  0  0  0  1 24  1]                                                                                   #
#  [ 0  0  0  0  1  1  0  4  5 18]]                                                                                  #
######################################################################################################################
