######################################################################################################################
#                                            EXPERIMENTAL PROTOCOL REPORT                                            #
######################################################################################################################
# DATE      : 06-05-2026                                                                                             #
# TIME      : 10-23                                                                                                  #
# DATASET   : MNIST digits stratified                                                                                #
# CLASSIFIER: FRQI + QNN + Dense                                                                                     #
# SUBSET    : 4/5                                                                                                    #
# SPLITS    : train=921, val=231, test=288                                                                           #
# TRAINING  : epochs=50, batch_size=16, device=cpu, qnn_lr=0.0010, head_lr=0.0100                                    #
# MODEL     : num_classes=10, num_qubits=9, num_layers=1                                                             #
# TORCHINFO SUMMARY:                                                                                                 #
# =================================================================                                                  #
# Layer (type:depth-idx)                   Param #                                                                   #
# =================================================================                                                  #
# Sequential                               --                                                                        #
# ├─VQCLayer: 1-1                          27                                                                        #
# ├─Linear: 1-2                            5,130                                                                     #
# ├─LogSoftmax: 1-3                        --                                                                        #
# =================================================================                                                  #
# Total params: 5,157                                                                                                #
# Trainable params: 5,157                                                                                            #
# Non-trainable params: 0                                                                                            #
# =================================================================                                                  #
######################################################################################################################

+---------+--------+--------+--------+--------+--------+--------+--------+--------+--------+--------+
|  Epoch  | TrLoss | TrAcc  | TrPrec | TrRec  |  TrF1  | VaLoss | VaAcc  | VaPrec | VaRec  |  VaF1  |
+=========+========+========+========+========+========+========+========+========+========+========+
|  001/050|  1.5790|  0.5722|  0.5729|  0.5722|  0.5721|  0.7566|  0.7619|  0.7778|  0.7619|  0.7580|
|  002/050|  0.6079|  0.8078|  0.8089|  0.8078|  0.8080|  1.0821|  0.7143|  0.7766|  0.7143|  0.7045|
|  003/050|  0.4735|  0.8447|  0.8458|  0.8447|  0.8450|  1.1508|  0.7403|  0.8020|  0.7403|  0.7160|
|  004/050|  0.4218|  0.8610|  0.8618|  0.8610|  0.8608|  0.7577|  0.8182|  0.8455|  0.8182|  0.8127|
|  005/050|  0.3988|  0.8817|  0.8821|  0.8817|  0.8816|  0.9237|  0.7879|  0.8135|  0.7879|  0.7870|
|  006/050|  0.3634|  0.8762|  0.8763|  0.8762|  0.8762|  0.7803|  0.8268|  0.8385|  0.8268|  0.8287|
+---------+--------+--------+--------+--------+--------+--------+--------+--------+--------+--------+

######################################################################################################################
#                                                    TEST RESULTS                                                    #
######################################################################################################################
# LOSS      : 0.6082                                                                                                 #
# ACCURACY  : 0.7812                                                                                                 #
# PRECISION : 0.8001                                                                                                 #
# RECALL    : 0.7812                                                                                                 #
# F1        : 0.7789                                                                                                 #
# CONFUSION MATRIX:                                                                                                  #
# [[27  0  1  0  0  0  1  0  0  0]                                                                                   #
#  [ 0 29  0  0  0  0  0  0  0  0]                                                                                   #
#  [ 1  0 23  1  1  0  3  0  0  0]                                                                                   #
#  [ 1  2  1 23  1  0  1  0  0  0]                                                                                   #
#  [ 0  0  0  0 23  0  2  1  0  2]                                                                                   #
#  [ 0  0  0  4  2 20  2  0  0  0]                                                                                   #
#  [ 0  1  0  0  1  1 25  1  0  0]                                                                                   #
#  [ 0  3  0  0  0  0  1 22  0  3]                                                                                   #
#  [ 0  1  1  3  0  0  3  2 19  0]                                                                                   #
#  [ 0  0  1  0  7  0  0  7  0 14]]                                                                                  #
######################################################################################################################
