######################################################################################################################
#                                            EXPERIMENTAL PROTOCOL REPORT                                            #
######################################################################################################################
# DATE      : 06-05-2026                                                                                             #
# TIME      : 10-23                                                                                                  #
# DATASET   : MNIST digits stratified                                                                                #
# CLASSIFIER: FRQI + QNN + Dense                                                                                     #
# SUBSET    : 2/5                                                                                                    #
# SPLITS    : train=921, val=231, test=288                                                                           #
# TRAINING  : epochs=50, batch_size=16, device=cpu, qnn_lr=0.0010, head_lr=0.0100                                    #
# MODEL     : num_classes=10, num_qubits=9, num_layers=1                                                             #
# TORCHINFO SUMMARY:                                                                                                 #
# =================================================================                                                  #
# Layer (type:depth-idx)                   Param #                                                                   #
# =================================================================                                                  #
# Sequential                               --                                                                        #
# ├─VQCLayer: 1-1                          27                                                                        #
# ├─Linear: 1-2                            5,130                                                                     #
# ├─LogSoftmax: 1-3                        --                                                                        #
# =================================================================                                                  #
# Total params: 5,157                                                                                                #
# Trainable params: 5,157                                                                                            #
# Non-trainable params: 0                                                                                            #
# =================================================================                                                  #
######################################################################################################################

+---------+--------+--------+--------+--------+--------+--------+--------+--------+--------+--------+
|  Epoch  | TrLoss | TrAcc  | TrPrec | TrRec  |  TrF1  | VaLoss | VaAcc  | VaPrec | VaRec  |  VaF1  |
+=========+========+========+========+========+========+========+========+========+========+========+
|  001/050|  1.8933|  0.5244|  0.5259|  0.5244|  0.5238|  0.9561|  0.7143|  0.7669|  0.7143|  0.7154|
|  002/050|  0.6192|  0.8122|  0.8137|  0.8122|  0.8127|  1.0140|  0.7532|  0.7866|  0.7532|  0.7526|
|  003/050|  0.4739|  0.8480|  0.8490|  0.8480|  0.8483|  0.9717|  0.7446|  0.8041|  0.7446|  0.7469|
|  004/050|  0.4323|  0.8599|  0.8613|  0.8599|  0.8603|  1.2567|  0.6926|  0.7646|  0.6926|  0.6666|
|  005/050|  0.4476|  0.8578|  0.8571|  0.8578|  0.8572|  0.9298|  0.7706|  0.8222|  0.7706|  0.7740|
|  006/050|  0.3572|  0.8784|  0.8800|  0.8784|  0.8788|  0.9493|  0.7922|  0.8211|  0.7922|  0.7925|
|  007/050|  0.4154|  0.8719|  0.8721|  0.8719|  0.8719|  1.0270|  0.7965|  0.8327|  0.7965|  0.7974|
|  008/050|  0.5611|  0.8447|  0.8463|  0.8447|  0.8451|  1.3118|  0.7489|  0.7902|  0.7489|  0.7461|
|  009/050|  0.5312|  0.8512|  0.8509|  0.8512|  0.8505|  1.6851|  0.7359|  0.7909|  0.7359|  0.7327|
|  010/050|  0.5704|  0.8393|  0.8416|  0.8393|  0.8401|  1.2623|  0.7489|  0.7824|  0.7489|  0.7507|
+---------+--------+--------+--------+--------+--------+--------+--------+--------+--------+--------+

######################################################################################################################
#                                                    TEST RESULTS                                                    #
######################################################################################################################
# LOSS      : 0.9292                                                                                                 #
# ACCURACY  : 0.7674                                                                                                 #
# PRECISION : 0.8241                                                                                                 #
# RECALL    : 0.7674                                                                                                 #
# F1        : 0.7772                                                                                                 #
# CONFUSION MATRIX:                                                                                                  #
# [[22  0  0  0  1  1  0  0  2  3]                                                                                   #
#  [ 0 26  0  0  0  0  0  0  0  3]                                                                                   #
#  [ 0  0 21  1  0  0  3  0  3  1]                                                                                   #
#  [ 0  0  2 21  0  1  0  0  2  3]                                                                                   #
#  [ 0  0  0  0 18  1  0  1  0  8]                                                                                   #
#  [ 1  0  0  2  0 21  1  0  0  3]                                                                                   #
#  [ 0  0  0  0  1  2 26  0  0  0]                                                                                   #
#  [ 0  0  0  0  0  0  0 16  1 12]                                                                                   #
#  [ 0  1  0  1  0  2  0  0 23  2]                                                                                   #
#  [ 0  0  0  0  1  1  0  0  0 27]]                                                                                  #
######################################################################################################################
