######################################################################################################################
#                                            EXPERIMENTAL PROTOCOL REPORT                                            #
######################################################################################################################
# DATE      : 29-04-2026                                                                                             #
# TIME      : 19:26                                                                                                  #
# DATASET   : MNIST digits stratified                                                                                #
# CLASSIFIER: PCA + ZZFeatureMap + QNN                                                                               #
# SUBSET    : 4/5                                                                                                    #
# SPLITS    : train=921, val=231, test=288                                                                           #
# TRAINING  : epochs=10, batch_size=16, device=cpu, qnn_lr=0.0010, head_lr=0.0100                                    #
# MODEL     : num_classes=10, num_qubits=12, num_layers=1                                                            #
######################################################################################################################

+---------+--------+--------+--------+--------+--------+--------+--------+--------+--------+--------+
|  Epoch  | TrLoss | TrAcc  | TrPrec | TrRec  |  TrF1  | VaLoss | VaAcc  | VaPrec | VaRec  |  VaF1  |
+=========+========+========+========+========+========+========+========+========+========+========+
|  001/010| 17.6174|  0.1042|  0.1047|  0.1042|  0.1044| 16.6467|  0.1472|  0.1182|  0.1472|  0.1223|
|  002/010| 11.0748|  0.3268|  0.3255|  0.3268|  0.3260| 21.1994|  0.1472|  0.1019|  0.1472|  0.1053|
|  003/010|  9.6244|  0.4300|  0.4286|  0.4300|  0.4292| 27.3150|  0.0952|  0.0831|  0.0952|  0.0724|
|  004/010|  8.5932|  0.5027|  0.5054|  0.5027|  0.5033| 27.0709|  0.1558|  0.1228|  0.1558|  0.1193|
|  005/010|  9.1254|  0.5233|  0.5244|  0.5233|  0.5234| 28.1647|  0.1688|  0.1560|  0.1688|  0.1359|
|  006/010|  7.1267|  0.5744|  0.5743|  0.5744|  0.5741| 27.2289|  0.2035|  0.2085|  0.2035|  0.1964|
+---------+--------+--------+--------+--------+--------+--------+--------+--------+--------+--------+

######################################################################################################################
#                                                    TEST RESULTS                                                    #
######################################################################################################################
# LOSS      : 17.1134                                                                                                #
# ACCURACY  : 0.1458                                                                                                 #
# PRECISION : 0.1385                                                                                                 #
# RECALL    : 0.1458                                                                                                 #
# F1        : 0.1227                                                                                                 #
# CONFUSION MATRIX:                                                                                                  #
# [[ 3  4  2 10  1  5  1  0  3  0]                                                                                   #
#  [ 0 10  1  8  1  5  2  0  2  0]                                                                                   #
#  [ 3  7  1 11  0  1  1  3  2  0]                                                                                   #
#  [ 2  6  2 11  1  3  1  1  2  0]                                                                                   #
#  [ 1  2  3 10  1  1  2  1  7  0]                                                                                   #
#  [ 4  1  2 10  1  4  1  2  3  0]                                                                                   #
#  [ 0  4  2 16  0  4  2  0  1  0]                                                                                   #
#  [ 3  3  3 10  0  1  3  2  4  0]                                                                                   #
#  [ 0  3  2  8  0  5  1  2  8  0]                                                                                   #
#  [ 1  9  1  9  0  4  0  2  3  0]]                                                                                  #
######################################################################################################################
