######################################################################################################################
#                                            EXPERIMENTAL PROTOCOL REPORT                                            #
######################################################################################################################
# DATE      : 29-04-2026                                                                                             #
# TIME      : 19:26                                                                                                  #
# DATASET   : MNIST digits stratified                                                                                #
# CLASSIFIER: PCA + ZZFeatureMap + QNN                                                                               #
# SUBSET    : 1/5                                                                                                    #
# SPLITS    : train=921, val=231, test=288                                                                           #
# TRAINING  : epochs=10, batch_size=16, device=cpu, qnn_lr=0.0010, head_lr=0.0100                                    #
# ARCHITECT.: 16x16 grayscale -> Flatten(256) -> PCA(num_qubits) -> ZZFeatureMap(reps=1) -> VQC[RX-RY-RZ x           #
#             num_layers + brickwork CX] -> SamplerQNN -> Linear(2**num_qubits, num_classes) -> LogSoftmax           #
# MODEL     : num_classes=10, num_qubits=12, num_layers=1                                                            #
######################################################################################################################

+---------+--------+--------+--------+--------+--------+--------+--------+--------+--------+--------+
|  Epoch  | TrLoss | TrAcc  | TrPrec | TrRec  |  TrF1  | VaLoss | VaAcc  | VaPrec | VaRec  |  VaF1  |
+=========+========+========+========+========+========+========+========+========+========+========+
|  001/010| 19.5488|  0.1173|  0.1171|  0.1173|  0.1171| 14.7554|  0.1039|  0.0865|  0.1039|  0.0850|
|  002/010| 13.0294|  0.2747|  0.2751|  0.2747|  0.2747| 18.5465|  0.1385|  0.1468|  0.1385|  0.1286|
|  003/010| 10.7937|  0.4115|  0.4116|  0.4115|  0.4113| 24.1777|  0.1645|  0.2307|  0.1645|  0.1263|
|  004/010| 10.0327|  0.4691|  0.4695|  0.4691|  0.4690| 26.3767|  0.1212|  0.1068|  0.1212|  0.1028|
|  005/010|  9.3706|  0.5179|  0.5200|  0.5179|  0.5184| 25.6104|  0.1818|  0.1834|  0.1818|  0.1665|
|  006/010|  8.1758|  0.5559|  0.5558|  0.5559|  0.5557| 28.7756|  0.1861|  0.1839|  0.1861|  0.1661|
+---------+--------+--------+--------+--------+--------+--------+--------+--------+--------+--------+

######################################################################################################################
#                                                    TEST RESULTS                                                    #
######################################################################################################################
# LOSS      : 16.2555                                                                                                #
# ACCURACY  : 0.0833                                                                                                 #
# PRECISION : 0.1154                                                                                                 #
# RECALL    : 0.0833                                                                                                 #
# F1        : 0.0682                                                                                                 #
# CONFUSION MATRIX:                                                                                                  #
# [[ 1  6  2  3  6  4  0  0  2  5]                                                                                   #
#  [ 0  3  0  2  9  2  0  0  6  7]                                                                                   #
#  [ 0  3  0  2 10  3  1  1  3  6]                                                                                   #
#  [ 0  6  0  2  5  5  0  0  4  7]                                                                                   #
#  [ 0  5  0  2  7  3  0  0  2  9]                                                                                   #
#  [ 1  3  0  3 10  1  0  1  4  5]                                                                                   #
#  [ 0  4  2  3  7  3  1  0  4  5]                                                                                   #
#  [ 0  2  5  1  9  2  3  0  3  4]                                                                                   #
#  [ 0  3  2  2 10  2  0  2  3  5]                                                                                   #
#  [ 0  2  1  1 13  1  1  0  4  6]]                                                                                  #
######################################################################################################################
