######################################################################################################################
#                                            EXPERIMENTAL PROTOCOL REPORT                                            #
######################################################################################################################
# DATE      : 29-04-2026                                                                                             #
# TIME      : 14:21                                                                                                  #
# DATASET   : MNIST digits stratified                                                                                #
# CLASSIFIER: DenseBaseline                                                                                          #
# SUBSET    : 4/5                                                                                                    #
# SPLITS    : train=921, val=231, test=288                                                                           #
# TRAINING  : epochs=10, batch_size=16, lr=0.0010, device=cpu                                                        #
# MODEL     : num_classes=10                                                                                         #
######################################################################################################################

+---------+--------+--------+--------+--------+--------+--------+--------+--------+--------+--------+
|  Epoch  | TrLoss | TrAcc  | TrPrec | TrRec  |  TrF1  | VaLoss | VaAcc  | VaPrec | VaRec  |  VaF1  |
+=========+========+========+========+========+========+========+========+========+========+========+
|  001/010|  2.1021|  0.4734|  0.5482|  0.4734|  0.4698|  1.9163|  0.6710|  0.7588|  0.6710|  0.6589|
|  002/010|  1.7397|  0.7448|  0.7891|  0.7448|  0.7363|  1.6284|  0.7576|  0.8053|  0.7576|  0.7536|
|  003/010|  1.4758|  0.7894|  0.8076|  0.7894|  0.7827|  1.4149|  0.7706|  0.8038|  0.7706|  0.7669|
|  004/010|  1.2766|  0.8089|  0.8236|  0.8089|  0.8057|  1.2540|  0.7835|  0.7977|  0.7835|  0.7769|
|  005/010|  1.1284|  0.8176|  0.8293|  0.8176|  0.8121|  1.1337|  0.8009|  0.8059|  0.8009|  0.7964|
|  006/010|  1.0166|  0.8350|  0.8387|  0.8350|  0.8319|  1.0385|  0.8052|  0.8078|  0.8052|  0.8009|
|  007/010|  0.9233|  0.8371|  0.8431|  0.8371|  0.8357|  0.9621|  0.8052|  0.8057|  0.8052|  0.8018|
|  008/010|  0.8507|  0.8567|  0.8580|  0.8567|  0.8559|  0.9015|  0.8268|  0.8273|  0.8268|  0.8235|
|  009/010|  0.7929|  0.8654|  0.8672|  0.8654|  0.8648|  0.8510|  0.8312|  0.8315|  0.8312|  0.8274|
|  010/010|  0.7434|  0.8697|  0.8717|  0.8697|  0.8697|  0.8085|  0.8398|  0.8407|  0.8398|  0.8358|
+---------+--------+--------+--------+--------+--------+--------+--------+--------+--------+--------+

######################################################################################################################
#                                                    TEST RESULTS                                                    #
######################################################################################################################
# LOSS      : 0.7280                                                                                                 #
# ACCURACY  : 0.8507                                                                                                 #
# PRECISION : 0.8512                                                                                                 #
# RECALL    : 0.8507                                                                                                 #
# F1        : 0.8485                                                                                                 #
# CONFUSION MATRIX:                                                                                                  #
# [[28  0  0  0  0  0  1  0  0  0]                                                                                   #
#  [ 0 29  0  0  0  0  0  0  0  0]                                                                                   #
#  [ 1  0 26  0  1  0  1  0  0  0]                                                                                   #
#  [ 1  0  0 26  0  1  0  0  1  0]                                                                                   #
#  [ 0  0  0  0 25  0  1  0  0  2]                                                                                   #
#  [ 0  1  1  4  0 20  0  0  1  1]                                                                                   #
#  [ 0  1  1  0  2  1 24  0  0  0]                                                                                   #
#  [ 2  0  0  0  1  0  0 25  0  1]                                                                                   #
#  [ 0  1  0  1  1  2  0  1 21  2]                                                                                   #
#  [ 1  0  0  0  1  0  0  5  1 21]]                                                                                  #
######################################################################################################################
